INFO - 2024-04-08 15:30:15 --> Session: Class initialized using 'CodeIgniter\Session\Handlers\FileHandler' driver.
WARNING - 2024-04-08 15:30:15 --> Session: Sessions is enabled, and one exists. Please don't $session->start();
INFO - 2024-04-08 15:31:16 --> Session: Class initialized using 'CodeIgniter\Session\Handlers\FileHandler' driver.
WARNING - 2024-04-08 15:31:16 --> Session: Sessions is enabled, and one exists. Please don't $session->start();
INFO - 2024-04-08 15:31:25 --> Session: Class initialized using 'CodeIgniter\Session\Handlers\FileHandler' driver.
WARNING - 2024-04-08 15:31:25 --> Session: Sessions is enabled, and one exists. Please don't $session->start();
INFO - 2024-04-08 15:31:25 --> Session: Class initialized using 'CodeIgniter\Session\Handlers\FileHandler' driver.
WARNING - 2024-04-08 15:31:25 --> Session: Sessions is enabled, and one exists. Please don't $session->start();
INFO - 2024-04-08 15:31:31 --> Session: Class initialized using 'CodeIgniter\Session\Handlers\FileHandler' driver.
WARNING - 2024-04-08 15:31:31 --> Session: Sessions is enabled, and one exists. Please don't $session->start();
INFO - 2024-04-08 15:31:32 --> Session: Class initialized using 'CodeIgniter\Session\Handlers\FileHandler' driver.
WARNING - 2024-04-08 15:31:32 --> Session: Sessions is enabled, and one exists. Please don't $session->start();
INFO - 2024-04-08 15:31:53 --> Session: Class initialized using 'CodeIgniter\Session\Handlers\FileHandler' driver.
WARNING - 2024-04-08 15:31:53 --> Session: Sessions is enabled, and one exists. Please don't $session->start();
CRITICAL - 2024-04-08 15:31:53 --> Undefined property: stdClass::$password
in APPPATH\Controllers\home.php on line 35.
 1 APPPATH\Controllers\home.php(35): CodeIgniter\Debug\Exceptions->errorHandler(2, 'Undefined property: stdClass::$password', 'E:\\xampp\\htdocs\\user_app\\app\\Controllers\\home.php', 35)
 2 SYSTEMPATH\CodeIgniter.php(942): App\Controllers\Home->login()
 3 SYSTEMPATH\CodeIgniter.php(502): CodeIgniter\CodeIgniter->runController(Object(App\Controllers\Home))
 4 SYSTEMPATH\CodeIgniter.php(361): CodeIgniter\CodeIgniter->handleRequest(null, Object(Config\Cache), false)
 5 FCPATH\index.php(79): CodeIgniter\CodeIgniter->run()
INFO - 2024-04-08 15:32:30 --> Session: Class initialized using 'CodeIgniter\Session\Handlers\FileHandler' driver.
WARNING - 2024-04-08 15:32:30 --> Session: Sessions is enabled, and one exists. Please don't $session->start();
INFO - 2024-04-08 15:32:31 --> Session: Class initialized using 'CodeIgniter\Session\Handlers\FileHandler' driver.
WARNING - 2024-04-08 15:32:31 --> Session: Sessions is enabled, and one exists. Please don't $session->start();
ERROR - 2024-04-08 15:32:31 --> mysqli_sql_exception: Table 'user_test.boks_list' doesn't exist in E:\xampp\htdocs\user_app\system\Database\MySQLi\Connection.php:306
Stack trace:
#0 E:\xampp\htdocs\user_app\system\Database\MySQLi\Connection.php(306): mysqli->query('SELECT *\nFROM `...', 0)
#1 E:\xampp\htdocs\user_app\system\Database\BaseConnection.php(693): CodeIgniter\Database\MySQLi\Connection->execute('SELECT *\nFROM `...')
#2 E:\xampp\htdocs\user_app\system\Database\BaseConnection.php(607): CodeIgniter\Database\BaseConnection->simpleQuery('SELECT *\nFROM `...')
#3 E:\xampp\htdocs\user_app\system\Database\BaseBuilder.php(1615): CodeIgniter\Database\BaseConnection->query('SELECT *\nFROM `...', Array, false)
#4 E:\xampp\htdocs\user_app\app\Models\homemodel.php(36): CodeIgniter\Database\BaseBuilder->get()
#5 E:\xampp\htdocs\user_app\app\Controllers\home.php(143): App\Models\Homemodel->fetchData_book_list('')
#6 E:\xampp\htdocs\user_app\system\CodeIgniter.php(942): App\Controllers\Home->dashboard()
#7 E:\xampp\htdocs\user_app\system\CodeIgniter.php(502): CodeIgniter\CodeIgniter->runController(Object(App\Controllers\Home))
#8 E:\xampp\htdocs\user_app\system\CodeIgniter.php(361): CodeIgniter\CodeIgniter->handleRequest(NULL, Object(Config\Cache), false)
#9 E:\xampp\htdocs\user_app\index.php(79): CodeIgniter\CodeIgniter->run()
#10 {main}
CRITICAL - 2024-04-08 15:32:31 --> Table 'user_test.boks_list' doesn't exist
in SYSTEMPATH\Database\BaseConnection.php on line 647.
 1 SYSTEMPATH\Database\BaseBuilder.php(1615): CodeIgniter\Database\BaseConnection->query('SELECT *
FROM `boks_list`
WHERE `book_is_delete` = :book_is_delete:', [...], false)
 2 APPPATH\Models\homemodel.php(36): CodeIgniter\Database\BaseBuilder->get()
 3 APPPATH\Controllers\home.php(143): App\Models\Homemodel->fetchData_book_list('')
 4 SYSTEMPATH\CodeIgniter.php(942): App\Controllers\Home->dashboard()
 5 SYSTEMPATH\CodeIgniter.php(502): CodeIgniter\CodeIgniter->runController(Object(App\Controllers\Home))
 6 SYSTEMPATH\CodeIgniter.php(361): CodeIgniter\CodeIgniter->handleRequest(null, Object(Config\Cache), false)
 7 FCPATH\index.php(79): CodeIgniter\CodeIgniter->run()
INFO - 2024-04-08 15:32:33 --> Session: Class initialized using 'CodeIgniter\Session\Handlers\FileHandler' driver.
WARNING - 2024-04-08 15:32:33 --> Session: Sessions is enabled, and one exists. Please don't $session->start();
ERROR - 2024-04-08 15:32:33 --> mysqli_sql_exception: Table 'user_test.boks_list' doesn't exist in E:\xampp\htdocs\user_app\system\Database\MySQLi\Connection.php:306
Stack trace:
#0 E:\xampp\htdocs\user_app\system\Database\MySQLi\Connection.php(306): mysqli->query('SELECT *\nFROM `...', 0)
#1 E:\xampp\htdocs\user_app\system\Database\BaseConnection.php(693): CodeIgniter\Database\MySQLi\Connection->execute('SELECT *\nFROM `...')
#2 E:\xampp\htdocs\user_app\system\Database\BaseConnection.php(607): CodeIgniter\Database\BaseConnection->simpleQuery('SELECT *\nFROM `...')
#3 E:\xampp\htdocs\user_app\system\Database\BaseBuilder.php(1615): CodeIgniter\Database\BaseConnection->query('SELECT *\nFROM `...', Array, false)
#4 E:\xampp\htdocs\user_app\app\Models\homemodel.php(36): CodeIgniter\Database\BaseBuilder->get()
#5 E:\xampp\htdocs\user_app\app\Controllers\home.php(143): App\Models\Homemodel->fetchData_book_list('')
#6 E:\xampp\htdocs\user_app\system\CodeIgniter.php(942): App\Controllers\Home->dashboard()
#7 E:\xampp\htdocs\user_app\system\CodeIgniter.php(502): CodeIgniter\CodeIgniter->runController(Object(App\Controllers\Home))
#8 E:\xampp\htdocs\user_app\system\CodeIgniter.php(361): CodeIgniter\CodeIgniter->handleRequest(NULL, Object(Config\Cache), false)
#9 E:\xampp\htdocs\user_app\index.php(79): CodeIgniter\CodeIgniter->run()
#10 {main}
CRITICAL - 2024-04-08 15:32:33 --> Table 'user_test.boks_list' doesn't exist
in SYSTEMPATH\Database\BaseConnection.php on line 647.
 1 SYSTEMPATH\Database\BaseBuilder.php(1615): CodeIgniter\Database\BaseConnection->query('SELECT *
FROM `boks_list`
WHERE `book_is_delete` = :book_is_delete:', [...], false)
 2 APPPATH\Models\homemodel.php(36): CodeIgniter\Database\BaseBuilder->get()
 3 APPPATH\Controllers\home.php(143): App\Models\Homemodel->fetchData_book_list('')
 4 SYSTEMPATH\CodeIgniter.php(942): App\Controllers\Home->dashboard()
 5 SYSTEMPATH\CodeIgniter.php(502): CodeIgniter\CodeIgniter->runController(Object(App\Controllers\Home))
 6 SYSTEMPATH\CodeIgniter.php(361): CodeIgniter\CodeIgniter->handleRequest(null, Object(Config\Cache), false)
 7 FCPATH\index.php(79): CodeIgniter\CodeIgniter->run()
INFO - 2024-04-08 15:32:37 --> Session: Class initialized using 'CodeIgniter\Session\Handlers\FileHandler' driver.
WARNING - 2024-04-08 15:32:37 --> Session: Sessions is enabled, and one exists. Please don't $session->start();
ERROR - 2024-04-08 15:32:37 --> mysqli_sql_exception: Table 'user_test.boks_list' doesn't exist in E:\xampp\htdocs\user_app\system\Database\MySQLi\Connection.php:306
Stack trace:
#0 E:\xampp\htdocs\user_app\system\Database\MySQLi\Connection.php(306): mysqli->query('SELECT *\nFROM `...', 0)
#1 E:\xampp\htdocs\user_app\system\Database\BaseConnection.php(693): CodeIgniter\Database\MySQLi\Connection->execute('SELECT *\nFROM `...')
#2 E:\xampp\htdocs\user_app\system\Database\BaseConnection.php(607): CodeIgniter\Database\BaseConnection->simpleQuery('SELECT *\nFROM `...')
#3 E:\xampp\htdocs\user_app\system\Database\BaseBuilder.php(1615): CodeIgniter\Database\BaseConnection->query('SELECT *\nFROM `...', Array, false)
#4 E:\xampp\htdocs\user_app\app\Models\homemodel.php(36): CodeIgniter\Database\BaseBuilder->get()
#5 E:\xampp\htdocs\user_app\app\Controllers\home.php(143): App\Models\Homemodel->fetchData_book_list('')
#6 E:\xampp\htdocs\user_app\system\CodeIgniter.php(942): App\Controllers\Home->dashboard()
#7 E:\xampp\htdocs\user_app\system\CodeIgniter.php(502): CodeIgniter\CodeIgniter->runController(Object(App\Controllers\Home))
#8 E:\xampp\htdocs\user_app\system\CodeIgniter.php(361): CodeIgniter\CodeIgniter->handleRequest(NULL, Object(Config\Cache), false)
#9 E:\xampp\htdocs\user_app\index.php(79): CodeIgniter\CodeIgniter->run()
#10 {main}
CRITICAL - 2024-04-08 15:32:37 --> Table 'user_test.boks_list' doesn't exist
in SYSTEMPATH\Database\BaseConnection.php on line 647.
 1 SYSTEMPATH\Database\BaseBuilder.php(1615): CodeIgniter\Database\BaseConnection->query('SELECT *
FROM `boks_list`
WHERE `book_is_delete` = :book_is_delete:', [...], false)
 2 APPPATH\Models\homemodel.php(36): CodeIgniter\Database\BaseBuilder->get()
 3 APPPATH\Controllers\home.php(143): App\Models\Homemodel->fetchData_book_list('')
 4 SYSTEMPATH\CodeIgniter.php(942): App\Controllers\Home->dashboard()
 5 SYSTEMPATH\CodeIgniter.php(502): CodeIgniter\CodeIgniter->runController(Object(App\Controllers\Home))
 6 SYSTEMPATH\CodeIgniter.php(361): CodeIgniter\CodeIgniter->handleRequest(null, Object(Config\Cache), false)
 7 FCPATH\index.php(79): CodeIgniter\CodeIgniter->run()
INFO - 2024-04-08 15:33:51 --> Session: Class initialized using 'CodeIgniter\Session\Handlers\FileHandler' driver.
WARNING - 2024-04-08 15:33:51 --> Session: Sessions is enabled, and one exists. Please don't $session->start();
WARNING - 2024-04-08 15:33:52 --> Session: Sessions is enabled, and one exists. Please don't $session->start();
INFO - 2024-04-08 15:33:53 --> Session: Class initialized using 'CodeIgniter\Session\Handlers\FileHandler' driver.
WARNING - 2024-04-08 15:33:53 --> Session: Sessions is enabled, and one exists. Please don't $session->start();
INFO - 2024-04-08 15:33:53 --> Session: Class initialized using 'CodeIgniter\Session\Handlers\FileHandler' driver.
WARNING - 2024-04-08 15:33:53 --> Session: Sessions is enabled, and one exists. Please don't $session->start();
INFO - 2024-04-08 15:33:55 --> Session: Class initialized using 'CodeIgniter\Session\Handlers\FileHandler' driver.
WARNING - 2024-04-08 15:33:55 --> Session: Sessions is enabled, and one exists. Please don't $session->start();
WARNING - 2024-04-08 15:33:55 --> Session: Sessions is enabled, and one exists. Please don't $session->start();
INFO - 2024-04-08 15:33:55 --> Session: Class initialized using 'CodeIgniter\Session\Handlers\FileHandler' driver.
WARNING - 2024-04-08 15:33:55 --> Session: Sessions is enabled, and one exists. Please don't $session->start();
INFO - 2024-04-08 15:33:55 --> Session: Class initialized using 'CodeIgniter\Session\Handlers\FileHandler' driver.
WARNING - 2024-04-08 15:33:55 --> Session: Sessions is enabled, and one exists. Please don't $session->start();
INFO - 2024-04-08 15:34:00 --> Session: Class initialized using 'CodeIgniter\Session\Handlers\FileHandler' driver.
WARNING - 2024-04-08 15:34:00 --> Session: Sessions is enabled, and one exists. Please don't $session->start();
WARNING - 2024-04-08 15:34:00 --> Session: Sessions is enabled, and one exists. Please don't $session->start();
INFO - 2024-04-08 15:34:00 --> Session: Class initialized using 'CodeIgniter\Session\Handlers\FileHandler' driver.
WARNING - 2024-04-08 15:34:00 --> Session: Sessions is enabled, and one exists. Please don't $session->start();
INFO - 2024-04-08 15:34:00 --> Session: Class initialized using 'CodeIgniter\Session\Handlers\FileHandler' driver.
WARNING - 2024-04-08 15:34:00 --> Session: Sessions is enabled, and one exists. Please don't $session->start();
INFO - 2024-04-08 15:34:03 --> Session: Class initialized using 'CodeIgniter\Session\Handlers\FileHandler' driver.
WARNING - 2024-04-08 15:34:03 --> Session: Sessions is enabled, and one exists. Please don't $session->start();
WARNING - 2024-04-08 15:34:03 --> Session: Sessions is enabled, and one exists. Please don't $session->start();
INFO - 2024-04-08 15:34:03 --> Session: Class initialized using 'CodeIgniter\Session\Handlers\FileHandler' driver.
WARNING - 2024-04-08 15:34:03 --> Session: Sessions is enabled, and one exists. Please don't $session->start();
INFO - 2024-04-08 15:34:03 --> Session: Class initialized using 'CodeIgniter\Session\Handlers\FileHandler' driver.
WARNING - 2024-04-08 15:34:03 --> Session: Sessions is enabled, and one exists. Please don't $session->start();
INFO - 2024-04-08 15:34:03 --> Session: Class initialized using 'CodeIgniter\Session\Handlers\FileHandler' driver.
WARNING - 2024-04-08 15:34:03 --> Session: Sessions is enabled, and one exists. Please don't $session->start();
INFO - 2024-04-08 15:34:06 --> Session: Class initialized using 'CodeIgniter\Session\Handlers\FileHandler' driver.
WARNING - 2024-04-08 15:34:06 --> Session: Sessions is enabled, and one exists. Please don't $session->start();
WARNING - 2024-04-08 15:34:06 --> Session: Sessions is enabled, and one exists. Please don't $session->start();
INFO - 2024-04-08 15:34:06 --> Session: Class initialized using 'CodeIgniter\Session\Handlers\FileHandler' driver.
WARNING - 2024-04-08 15:34:06 --> Session: Sessions is enabled, and one exists. Please don't $session->start();
INFO - 2024-04-08 15:34:06 --> Session: Class initialized using 'CodeIgniter\Session\Handlers\FileHandler' driver.
WARNING - 2024-04-08 15:34:06 --> Session: Sessions is enabled, and one exists. Please don't $session->start();
INFO - 2024-04-08 15:34:11 --> Session: Class initialized using 'CodeIgniter\Session\Handlers\FileHandler' driver.
WARNING - 2024-04-08 15:34:11 --> Session: Sessions is enabled, and one exists. Please don't $session->start();
WARNING - 2024-04-08 15:34:11 --> Session: Sessions is enabled, and one exists. Please don't $session->start();
INFO - 2024-04-08 15:34:11 --> Session: Class initialized using 'CodeIgniter\Session\Handlers\FileHandler' driver.
WARNING - 2024-04-08 15:34:11 --> Session: Sessions is enabled, and one exists. Please don't $session->start();
INFO - 2024-04-08 15:34:11 --> Session: Class initialized using 'CodeIgniter\Session\Handlers\FileHandler' driver.
WARNING - 2024-04-08 15:34:11 --> Session: Sessions is enabled, and one exists. Please don't $session->start();
INFO - 2024-04-08 15:34:53 --> Session: Class initialized using 'CodeIgniter\Session\Handlers\FileHandler' driver.
WARNING - 2024-04-08 15:34:53 --> Session: Sessions is enabled, and one exists. Please don't $session->start();
WARNING - 2024-04-08 15:34:53 --> Session: Sessions is enabled, and one exists. Please don't $session->start();
INFO - 2024-04-08 15:34:54 --> Session: Class initialized using 'CodeIgniter\Session\Handlers\FileHandler' driver.
WARNING - 2024-04-08 15:34:54 --> Session: Sessions is enabled, and one exists. Please don't $session->start();
INFO - 2024-04-08 15:34:54 --> Session: Class initialized using 'CodeIgniter\Session\Handlers\FileHandler' driver.
WARNING - 2024-04-08 15:34:54 --> Session: Sessions is enabled, and one exists. Please don't $session->start();
INFO - 2024-04-08 15:34:59 --> Session: Class initialized using 'CodeIgniter\Session\Handlers\FileHandler' driver.
WARNING - 2024-04-08 15:34:59 --> Session: Sessions is enabled, and one exists. Please don't $session->start();
INFO - 2024-04-08 15:35:08 --> Session: Class initialized using 'CodeIgniter\Session\Handlers\FileHandler' driver.
WARNING - 2024-04-08 15:35:08 --> Session: Sessions is enabled, and one exists. Please don't $session->start();
INFO - 2024-04-08 15:47:19 --> Session: Class initialized using 'CodeIgniter\Session\Handlers\FileHandler' driver.
WARNING - 2024-04-08 15:47:19 --> Session: Sessions is enabled, and one exists. Please don't $session->start();
WARNING - 2024-04-08 15:47:19 --> Session: Sessions is enabled, and one exists. Please don't $session->start();
INFO - 2024-04-08 15:47:20 --> Session: Class initialized using 'CodeIgniter\Session\Handlers\FileHandler' driver.
WARNING - 2024-04-08 15:47:20 --> Session: Sessions is enabled, and one exists. Please don't $session->start();
INFO - 2024-04-08 15:47:20 --> Session: Class initialized using 'CodeIgniter\Session\Handlers\FileHandler' driver.
WARNING - 2024-04-08 15:47:20 --> Session: Sessions is enabled, and one exists. Please don't $session->start();
INFO - 2024-04-08 15:49:15 --> Session: Class initialized using 'CodeIgniter\Session\Handlers\FileHandler' driver.
WARNING - 2024-04-08 15:49:15 --> Session: Sessions is enabled, and one exists. Please don't $session->start();
WARNING - 2024-04-08 15:49:15 --> Session: Sessions is enabled, and one exists. Please don't $session->start();
INFO - 2024-04-08 15:49:15 --> Session: Class initialized using 'CodeIgniter\Session\Handlers\FileHandler' driver.
WARNING - 2024-04-08 15:49:15 --> Session: Sessions is enabled, and one exists. Please don't $session->start();
INFO - 2024-04-08 15:49:15 --> Session: Class initialized using 'CodeIgniter\Session\Handlers\FileHandler' driver.
WARNING - 2024-04-08 15:49:15 --> Session: Sessions is enabled, and one exists. Please don't $session->start();
INFO - 2024-04-08 15:49:28 --> Session: Class initialized using 'CodeIgniter\Session\Handlers\FileHandler' driver.
WARNING - 2024-04-08 15:49:28 --> Session: Sessions is enabled, and one exists. Please don't $session->start();
WARNING - 2024-04-08 15:49:28 --> Session: Sessions is enabled, and one exists. Please don't $session->start();
INFO - 2024-04-08 15:49:29 --> Session: Class initialized using 'CodeIgniter\Session\Handlers\FileHandler' driver.
WARNING - 2024-04-08 15:49:29 --> Session: Sessions is enabled, and one exists. Please don't $session->start();
INFO - 2024-04-08 15:49:29 --> Session: Class initialized using 'CodeIgniter\Session\Handlers\FileHandler' driver.
WARNING - 2024-04-08 15:49:29 --> Session: Sessions is enabled, and one exists. Please don't $session->start();
INFO - 2024-04-08 15:49:32 --> Session: Class initialized using 'CodeIgniter\Session\Handlers\FileHandler' driver.
WARNING - 2024-04-08 15:49:32 --> Session: Sessions is enabled, and one exists. Please don't $session->start();
WARNING - 2024-04-08 15:49:32 --> Session: Sessions is enabled, and one exists. Please don't $session->start();
INFO - 2024-04-08 15:49:32 --> Session: Class initialized using 'CodeIgniter\Session\Handlers\FileHandler' driver.
WARNING - 2024-04-08 15:49:32 --> Session: Sessions is enabled, and one exists. Please don't $session->start();
INFO - 2024-04-08 15:49:33 --> Session: Class initialized using 'CodeIgniter\Session\Handlers\FileHandler' driver.
WARNING - 2024-04-08 15:49:33 --> Session: Sessions is enabled, and one exists. Please don't $session->start();
INFO - 2024-04-08 15:49:33 --> Session: Class initialized using 'CodeIgniter\Session\Handlers\FileHandler' driver.
WARNING - 2024-04-08 15:49:33 --> Session: Sessions is enabled, and one exists. Please don't $session->start();
CRITICAL - 2024-04-08 15:49:33 --> You must set the database table to be used with your query.
in SYSTEMPATH\Database\BaseConnection.php on line 884.
 1 SYSTEMPATH\Model.php(635): CodeIgniter\Database\BaseConnection->table(null)
 2 SYSTEMPATH\Model.php(863): CodeIgniter\Model->builder()
 3 APPPATH\Models\homemodel.php(72): CodeIgniter\Model->__call('table_list_of_users_query', [])
 4 APPPATH\Controllers\home.php(174): App\Models\Homemodel->table_list_of_users()
 5 SYSTEMPATH\CodeIgniter.php(942): App\Controllers\Home->table_list_of_users()
 6 SYSTEMPATH\CodeIgniter.php(502): CodeIgniter\CodeIgniter->runController(Object(App\Controllers\Home))
 7 SYSTEMPATH\CodeIgniter.php(361): CodeIgniter\CodeIgniter->handleRequest(null, Object(Config\Cache), false)
 8 FCPATH\index.php(79): CodeIgniter\CodeIgniter->run()
INFO - 2024-04-08 15:49:39 --> Session: Class initialized using 'CodeIgniter\Session\Handlers\FileHandler' driver.
WARNING - 2024-04-08 15:49:39 --> Session: Sessions is enabled, and one exists. Please don't $session->start();
INFO - 2024-04-08 15:49:40 --> Session: Class initialized using 'CodeIgniter\Session\Handlers\FileHandler' driver.
WARNING - 2024-04-08 15:49:40 --> Session: Sessions is enabled, and one exists. Please don't $session->start();
WARNING - 2024-04-08 15:49:40 --> Session: Sessions is enabled, and one exists. Please don't $session->start();
INFO - 2024-04-08 15:49:41 --> Session: Class initialized using 'CodeIgniter\Session\Handlers\FileHandler' driver.
WARNING - 2024-04-08 15:49:41 --> Session: Sessions is enabled, and one exists. Please don't $session->start();
INFO - 2024-04-08 15:49:41 --> Session: Class initialized using 'CodeIgniter\Session\Handlers\FileHandler' driver.
WARNING - 2024-04-08 15:49:41 --> Session: Sessions is enabled, and one exists. Please don't $session->start();
INFO - 2024-04-08 15:49:41 --> Session: Class initialized using 'CodeIgniter\Session\Handlers\FileHandler' driver.
WARNING - 2024-04-08 15:49:41 --> Session: Sessions is enabled, and one exists. Please don't $session->start();
INFO - 2024-04-08 15:49:43 --> Session: Class initialized using 'CodeIgniter\Session\Handlers\FileHandler' driver.
WARNING - 2024-04-08 15:49:43 --> Session: Sessions is enabled, and one exists. Please don't $session->start();
CRITICAL - 2024-04-08 15:49:43 --> You must set the database table to be used with your query.
in SYSTEMPATH\Database\BaseConnection.php on line 884.
 1 SYSTEMPATH\Model.php(635): CodeIgniter\Database\BaseConnection->table(null)
 2 SYSTEMPATH\Model.php(863): CodeIgniter\Model->builder()
 3 APPPATH\Models\homemodel.php(72): CodeIgniter\Model->__call('table_list_of_users_query', [])
 4 APPPATH\Controllers\home.php(174): App\Models\Homemodel->table_list_of_users()
 5 SYSTEMPATH\CodeIgniter.php(942): App\Controllers\Home->table_list_of_users()
 6 SYSTEMPATH\CodeIgniter.php(502): CodeIgniter\CodeIgniter->runController(Object(App\Controllers\Home))
 7 SYSTEMPATH\CodeIgniter.php(361): CodeIgniter\CodeIgniter->handleRequest(null, Object(Config\Cache), false)
 8 FCPATH\index.php(79): CodeIgniter\CodeIgniter->run()
INFO - 2024-04-08 15:52:10 --> Session: Class initialized using 'CodeIgniter\Session\Handlers\FileHandler' driver.
WARNING - 2024-04-08 15:52:10 --> Session: Sessions is enabled, and one exists. Please don't $session->start();
WARNING - 2024-04-08 15:52:10 --> Session: Sessions is enabled, and one exists. Please don't $session->start();
INFO - 2024-04-08 15:52:11 --> Session: Class initialized using 'CodeIgniter\Session\Handlers\FileHandler' driver.
WARNING - 2024-04-08 15:52:11 --> Session: Sessions is enabled, and one exists. Please don't $session->start();
INFO - 2024-04-08 15:52:11 --> Session: Class initialized using 'CodeIgniter\Session\Handlers\FileHandler' driver.
WARNING - 2024-04-08 15:52:11 --> Session: Sessions is enabled, and one exists. Please don't $session->start();
INFO - 2024-04-08 15:52:15 --> Session: Class initialized using 'CodeIgniter\Session\Handlers\FileHandler' driver.
WARNING - 2024-04-08 15:52:15 --> Session: Sessions is enabled, and one exists. Please don't $session->start();
INFO - 2024-04-08 15:52:23 --> Session: Class initialized using 'CodeIgniter\Session\Handlers\FileHandler' driver.
WARNING - 2024-04-08 15:52:23 --> Session: Sessions is enabled, and one exists. Please don't $session->start();
INFO - 2024-04-08 15:52:54 --> Session: Class initialized using 'CodeIgniter\Session\Handlers\FileHandler' driver.
WARNING - 2024-04-08 15:52:54 --> Session: Sessions is enabled, and one exists. Please don't $session->start();
WARNING - 2024-04-08 15:52:54 --> Session: Sessions is enabled, and one exists. Please don't $session->start();
INFO - 2024-04-08 15:52:56 --> Session: Class initialized using 'CodeIgniter\Session\Handlers\FileHandler' driver.
WARNING - 2024-04-08 15:52:56 --> Session: Sessions is enabled, and one exists. Please don't $session->start();
INFO - 2024-04-08 15:52:56 --> Session: Class initialized using 'CodeIgniter\Session\Handlers\FileHandler' driver.
WARNING - 2024-04-08 15:52:56 --> Session: Sessions is enabled, and one exists. Please don't $session->start();
INFO - 2024-04-08 15:52:56 --> Session: Class initialized using 'CodeIgniter\Session\Handlers\FileHandler' driver.
WARNING - 2024-04-08 15:52:56 --> Session: Sessions is enabled, and one exists. Please don't $session->start();
INFO - 2024-04-08 15:52:56 --> Session: Class initialized using 'CodeIgniter\Session\Handlers\FileHandler' driver.
WARNING - 2024-04-08 15:52:56 --> Session: Sessions is enabled, and one exists. Please don't $session->start();
INFO - 2024-04-08 15:53:28 --> Session: Class initialized using 'CodeIgniter\Session\Handlers\FileHandler' driver.
WARNING - 2024-04-08 15:53:28 --> Session: Sessions is enabled, and one exists. Please don't $session->start();
WARNING - 2024-04-08 15:53:28 --> Session: Sessions is enabled, and one exists. Please don't $session->start();
INFO - 2024-04-08 15:53:29 --> Session: Class initialized using 'CodeIgniter\Session\Handlers\FileHandler' driver.
WARNING - 2024-04-08 15:53:29 --> Session: Sessions is enabled, and one exists. Please don't $session->start();
INFO - 2024-04-08 15:53:29 --> Session: Class initialized using 'CodeIgniter\Session\Handlers\FileHandler' driver.
WARNING - 2024-04-08 15:53:29 --> Session: Sessions is enabled, and one exists. Please don't $session->start();
INFO - 2024-04-08 15:53:30 --> Session: Class initialized using 'CodeIgniter\Session\Handlers\FileHandler' driver.
WARNING - 2024-04-08 15:53:30 --> Session: Sessions is enabled, and one exists. Please don't $session->start();
INFO - 2024-04-08 15:53:31 --> Session: Class initialized using 'CodeIgniter\Session\Handlers\FileHandler' driver.
WARNING - 2024-04-08 15:53:31 --> Session: Sessions is enabled, and one exists. Please don't $session->start();
INFO - 2024-04-08 15:55:18 --> Session: Class initialized using 'CodeIgniter\Session\Handlers\FileHandler' driver.
WARNING - 2024-04-08 15:55:18 --> Session: Sessions is enabled, and one exists. Please don't $session->start();
WARNING - 2024-04-08 15:55:18 --> Session: Sessions is enabled, and one exists. Please don't $session->start();
INFO - 2024-04-08 15:55:19 --> Session: Class initialized using 'CodeIgniter\Session\Handlers\FileHandler' driver.
WARNING - 2024-04-08 15:55:19 --> Session: Sessions is enabled, and one exists. Please don't $session->start();
INFO - 2024-04-08 15:55:19 --> Session: Class initialized using 'CodeIgniter\Session\Handlers\FileHandler' driver.
WARNING - 2024-04-08 15:55:19 --> Session: Sessions is enabled, and one exists. Please don't $session->start();
INFO - 2024-04-08 15:55:19 --> Session: Class initialized using 'CodeIgniter\Session\Handlers\FileHandler' driver.
WARNING - 2024-04-08 15:55:19 --> Session: Sessions is enabled, and one exists. Please don't $session->start();
INFO - 2024-04-08 15:55:20 --> Session: Class initialized using 'CodeIgniter\Session\Handlers\FileHandler' driver.
WARNING - 2024-04-08 15:55:20 --> Session: Sessions is enabled, and one exists. Please don't $session->start();
INFO - 2024-04-08 15:55:46 --> Session: Class initialized using 'CodeIgniter\Session\Handlers\FileHandler' driver.
WARNING - 2024-04-08 15:55:46 --> Session: Sessions is enabled, and one exists. Please don't $session->start();
WARNING - 2024-04-08 15:55:46 --> Session: Sessions is enabled, and one exists. Please don't $session->start();
INFO - 2024-04-08 15:55:47 --> Session: Class initialized using 'CodeIgniter\Session\Handlers\FileHandler' driver.
WARNING - 2024-04-08 15:55:47 --> Session: Sessions is enabled, and one exists. Please don't $session->start();
INFO - 2024-04-08 15:55:47 --> Session: Class initialized using 'CodeIgniter\Session\Handlers\FileHandler' driver.
WARNING - 2024-04-08 15:55:47 --> Session: Sessions is enabled, and one exists. Please don't $session->start();
INFO - 2024-04-08 15:55:47 --> Session: Class initialized using 'CodeIgniter\Session\Handlers\FileHandler' driver.
WARNING - 2024-04-08 15:55:47 --> Session: Sessions is enabled, and one exists. Please don't $session->start();
INFO - 2024-04-08 15:55:48 --> Session: Class initialized using 'CodeIgniter\Session\Handlers\FileHandler' driver.
WARNING - 2024-04-08 15:55:48 --> Session: Sessions is enabled, and one exists. Please don't $session->start();
INFO - 2024-04-08 15:56:01 --> Session: Class initialized using 'CodeIgniter\Session\Handlers\FileHandler' driver.
WARNING - 2024-04-08 15:56:01 --> Session: Sessions is enabled, and one exists. Please don't $session->start();
WARNING - 2024-04-08 15:56:01 --> Session: Sessions is enabled, and one exists. Please don't $session->start();
INFO - 2024-04-08 15:56:02 --> Session: Class initialized using 'CodeIgniter\Session\Handlers\FileHandler' driver.
WARNING - 2024-04-08 15:56:02 --> Session: Sessions is enabled, and one exists. Please don't $session->start();
INFO - 2024-04-08 15:56:02 --> Session: Class initialized using 'CodeIgniter\Session\Handlers\FileHandler' driver.
WARNING - 2024-04-08 15:56:02 --> Session: Sessions is enabled, and one exists. Please don't $session->start();
INFO - 2024-04-08 15:56:02 --> Session: Class initialized using 'CodeIgniter\Session\Handlers\FileHandler' driver.
WARNING - 2024-04-08 15:56:02 --> Session: Sessions is enabled, and one exists. Please don't $session->start();
INFO - 2024-04-08 15:56:03 --> Session: Class initialized using 'CodeIgniter\Session\Handlers\FileHandler' driver.
WARNING - 2024-04-08 15:56:03 --> Session: Sessions is enabled, and one exists. Please don't $session->start();
INFO - 2024-04-08 15:56:12 --> Session: Class initialized using 'CodeIgniter\Session\Handlers\FileHandler' driver.
WARNING - 2024-04-08 15:56:12 --> Session: Sessions is enabled, and one exists. Please don't $session->start();
WARNING - 2024-04-08 15:56:12 --> Session: Sessions is enabled, and one exists. Please don't $session->start();
INFO - 2024-04-08 15:56:13 --> Session: Class initialized using 'CodeIgniter\Session\Handlers\FileHandler' driver.
WARNING - 2024-04-08 15:56:13 --> Session: Sessions is enabled, and one exists. Please don't $session->start();
INFO - 2024-04-08 15:56:13 --> Session: Class initialized using 'CodeIgniter\Session\Handlers\FileHandler' driver.
WARNING - 2024-04-08 15:56:13 --> Session: Sessions is enabled, and one exists. Please don't $session->start();
INFO - 2024-04-08 15:56:13 --> Session: Class initialized using 'CodeIgniter\Session\Handlers\FileHandler' driver.
WARNING - 2024-04-08 15:56:13 --> Session: Sessions is enabled, and one exists. Please don't $session->start();
INFO - 2024-04-08 15:56:14 --> Session: Class initialized using 'CodeIgniter\Session\Handlers\FileHandler' driver.
WARNING - 2024-04-08 15:56:14 --> Session: Sessions is enabled, and one exists. Please don't $session->start();
INFO - 2024-04-08 15:56:40 --> Session: Class initialized using 'CodeIgniter\Session\Handlers\FileHandler' driver.
WARNING - 2024-04-08 15:56:40 --> Session: Sessions is enabled, and one exists. Please don't $session->start();
WARNING - 2024-04-08 15:56:40 --> Session: Sessions is enabled, and one exists. Please don't $session->start();
INFO - 2024-04-08 15:56:41 --> Session: Class initialized using 'CodeIgniter\Session\Handlers\FileHandler' driver.
WARNING - 2024-04-08 15:56:41 --> Session: Sessions is enabled, and one exists. Please don't $session->start();
INFO - 2024-04-08 15:56:41 --> Session: Class initialized using 'CodeIgniter\Session\Handlers\FileHandler' driver.
WARNING - 2024-04-08 15:56:41 --> Session: Sessions is enabled, and one exists. Please don't $session->start();
INFO - 2024-04-08 15:56:42 --> Session: Class initialized using 'CodeIgniter\Session\Handlers\FileHandler' driver.
WARNING - 2024-04-08 15:56:42 --> Session: Sessions is enabled, and one exists. Please don't $session->start();
INFO - 2024-04-08 15:56:47 --> Session: Class initialized using 'CodeIgniter\Session\Handlers\FileHandler' driver.
WARNING - 2024-04-08 15:56:47 --> Session: Sessions is enabled, and one exists. Please don't $session->start();
INFO - 2024-04-08 15:57:17 --> Session: Class initialized using 'CodeIgniter\Session\Handlers\FileHandler' driver.
WARNING - 2024-04-08 15:57:17 --> Session: Sessions is enabled, and one exists. Please don't $session->start();
WARNING - 2024-04-08 15:57:17 --> Session: Sessions is enabled, and one exists. Please don't $session->start();
INFO - 2024-04-08 15:57:18 --> Session: Class initialized using 'CodeIgniter\Session\Handlers\FileHandler' driver.
WARNING - 2024-04-08 15:57:18 --> Session: Sessions is enabled, and one exists. Please don't $session->start();
INFO - 2024-04-08 15:57:18 --> Session: Class initialized using 'CodeIgniter\Session\Handlers\FileHandler' driver.
WARNING - 2024-04-08 15:57:18 --> Session: Sessions is enabled, and one exists. Please don't $session->start();
INFO - 2024-04-08 15:57:22 --> Session: Class initialized using 'CodeIgniter\Session\Handlers\FileHandler' driver.
WARNING - 2024-04-08 15:57:22 --> Session: Sessions is enabled, and one exists. Please don't $session->start();
INFO - 2024-04-08 15:57:23 --> Session: Class initialized using 'CodeIgniter\Session\Handlers\FileHandler' driver.
WARNING - 2024-04-08 15:57:23 --> Session: Sessions is enabled, and one exists. Please don't $session->start();
INFO - 2024-04-08 15:58:30 --> Session: Class initialized using 'CodeIgniter\Session\Handlers\FileHandler' driver.
WARNING - 2024-04-08 15:58:30 --> Session: Sessions is enabled, and one exists. Please don't $session->start();
WARNING - 2024-04-08 15:58:30 --> Session: Sessions is enabled, and one exists. Please don't $session->start();
INFO - 2024-04-08 15:58:30 --> Session: Class initialized using 'CodeIgniter\Session\Handlers\FileHandler' driver.
WARNING - 2024-04-08 15:58:30 --> Session: Sessions is enabled, and one exists. Please don't $session->start();
INFO - 2024-04-08 15:58:31 --> Session: Class initialized using 'CodeIgniter\Session\Handlers\FileHandler' driver.
WARNING - 2024-04-08 15:58:31 --> Session: Sessions is enabled, and one exists. Please don't $session->start();
INFO - 2024-04-08 15:58:31 --> Session: Class initialized using 'CodeIgniter\Session\Handlers\FileHandler' driver.
WARNING - 2024-04-08 15:58:31 --> Session: Sessions is enabled, and one exists. Please don't $session->start();
INFO - 2024-04-08 15:58:32 --> Session: Class initialized using 'CodeIgniter\Session\Handlers\FileHandler' driver.
WARNING - 2024-04-08 15:58:32 --> Session: Sessions is enabled, and one exists. Please don't $session->start();
CRITICAL - 2024-04-08 15:59:42 --> syntax error, unexpected identifier "App_list", expecting "("
in APPPATH\Controllers\home.php on line 72.
 1 SYSTEMPATH\Autoloader\Autoloader.php(291): CodeIgniter\Autoloader\Autoloader->includeFile('E:\\xampp\\htdocs\\user_app\\app\\Controllers\\Home.php')
 2 SYSTEMPATH\Autoloader\Autoloader.php(269): CodeIgniter\Autoloader\Autoloader->loadInNamespace('App\\Controllers\\Home')
 3 [internal function]: CodeIgniter\Autoloader\Autoloader->loadClass('App\\Controllers\\Home')
 4 SYSTEMPATH\CodeIgniter.php(900): class_exists('\\App\\Controllers\\Home', true)
 5 SYSTEMPATH\CodeIgniter.php(489): CodeIgniter\CodeIgniter->startController()
 6 SYSTEMPATH\CodeIgniter.php(361): CodeIgniter\CodeIgniter->handleRequest(null, Object(Config\Cache), false)
 7 FCPATH\index.php(79): CodeIgniter\CodeIgniter->run()
CRITICAL - 2024-04-08 15:59:45 --> syntax error, unexpected identifier "App_list", expecting "("
in APPPATH\Controllers\home.php on line 72.
 1 SYSTEMPATH\Autoloader\Autoloader.php(291): CodeIgniter\Autoloader\Autoloader->includeFile('E:\\xampp\\htdocs\\user_app\\app\\Controllers\\Home.php')
 2 SYSTEMPATH\Autoloader\Autoloader.php(269): CodeIgniter\Autoloader\Autoloader->loadInNamespace('App\\Controllers\\Home')
 3 [internal function]: CodeIgniter\Autoloader\Autoloader->loadClass('App\\Controllers\\Home')
 4 SYSTEMPATH\CodeIgniter.php(900): class_exists('\\App\\Controllers\\Home', true)
 5 SYSTEMPATH\CodeIgniter.php(489): CodeIgniter\CodeIgniter->startController()
 6 SYSTEMPATH\CodeIgniter.php(361): CodeIgniter\CodeIgniter->handleRequest(null, Object(Config\Cache), false)
 7 FCPATH\index.php(79): CodeIgniter\CodeIgniter->run()
INFO - 2024-04-08 16:01:41 --> Session: Class initialized using 'CodeIgniter\Session\Handlers\FileHandler' driver.
WARNING - 2024-04-08 16:01:41 --> Session: Sessions is enabled, and one exists. Please don't $session->start();
WARNING - 2024-04-08 16:01:41 --> Session: Sessions is enabled, and one exists. Please don't $session->start();
INFO - 2024-04-08 16:01:43 --> Session: Class initialized using 'CodeIgniter\Session\Handlers\FileHandler' driver.
WARNING - 2024-04-08 16:01:43 --> Session: Sessions is enabled, and one exists. Please don't $session->start();
INFO - 2024-04-08 16:01:43 --> Session: Class initialized using 'CodeIgniter\Session\Handlers\FileHandler' driver.
WARNING - 2024-04-08 16:01:43 --> Session: Sessions is enabled, and one exists. Please don't $session->start();
INFO - 2024-04-08 16:01:43 --> Session: Class initialized using 'CodeIgniter\Session\Handlers\FileHandler' driver.
WARNING - 2024-04-08 16:01:43 --> Session: Sessions is enabled, and one exists. Please don't $session->start();
INFO - 2024-04-08 16:01:44 --> Session: Class initialized using 'CodeIgniter\Session\Handlers\FileHandler' driver.
WARNING - 2024-04-08 16:01:44 --> Session: Sessions is enabled, and one exists. Please don't $session->start();
WARNING - 2024-04-08 16:01:44 --> Session: Sessions is enabled, and one exists. Please don't $session->start();
INFO - 2024-04-08 16:01:44 --> Session: Class initialized using 'CodeIgniter\Session\Handlers\FileHandler' driver.
WARNING - 2024-04-08 16:01:44 --> Session: Sessions is enabled, and one exists. Please don't $session->start();
INFO - 2024-04-08 16:01:45 --> Session: Class initialized using 'CodeIgniter\Session\Handlers\FileHandler' driver.
WARNING - 2024-04-08 16:01:45 --> Session: Sessions is enabled, and one exists. Please don't $session->start();
INFO - 2024-04-08 16:01:45 --> Session: Class initialized using 'CodeIgniter\Session\Handlers\FileHandler' driver.
WARNING - 2024-04-08 16:01:45 --> Session: Sessions is enabled, and one exists. Please don't $session->start();
INFO - 2024-04-08 16:01:45 --> Session: Class initialized using 'CodeIgniter\Session\Handlers\FileHandler' driver.
WARNING - 2024-04-08 16:01:45 --> Session: Sessions is enabled, and one exists. Please don't $session->start();
INFO - 2024-04-08 16:01:52 --> Session: Class initialized using 'CodeIgniter\Session\Handlers\FileHandler' driver.
WARNING - 2024-04-08 16:01:52 --> Session: Sessions is enabled, and one exists. Please don't $session->start();
INFO - 2024-04-08 16:01:54 --> Session: Class initialized using 'CodeIgniter\Session\Handlers\FileHandler' driver.
WARNING - 2024-04-08 16:01:54 --> Session: Sessions is enabled, and one exists. Please don't $session->start();
INFO - 2024-04-08 16:01:57 --> Session: Class initialized using 'CodeIgniter\Session\Handlers\FileHandler' driver.
WARNING - 2024-04-08 16:01:57 --> Session: Sessions is enabled, and one exists. Please don't $session->start();
WARNING - 2024-04-08 16:01:57 --> Session: Sessions is enabled, and one exists. Please don't $session->start();
INFO - 2024-04-08 16:01:58 --> Session: Class initialized using 'CodeIgniter\Session\Handlers\FileHandler' driver.
WARNING - 2024-04-08 16:01:58 --> Session: Sessions is enabled, and one exists. Please don't $session->start();
INFO - 2024-04-08 16:01:58 --> Session: Class initialized using 'CodeIgniter\Session\Handlers\FileHandler' driver.
WARNING - 2024-04-08 16:01:58 --> Session: Sessions is enabled, and one exists. Please don't $session->start();
INFO - 2024-04-08 16:02:01 --> Session: Class initialized using 'CodeIgniter\Session\Handlers\FileHandler' driver.
WARNING - 2024-04-08 16:02:01 --> Session: Sessions is enabled, and one exists. Please don't $session->start();
INFO - 2024-04-08 16:02:01 --> Session: Class initialized using 'CodeIgniter\Session\Handlers\FileHandler' driver.
WARNING - 2024-04-08 16:02:01 --> Session: Sessions is enabled, and one exists. Please don't $session->start();
INFO - 2024-04-08 16:03:45 --> Session: Class initialized using 'CodeIgniter\Session\Handlers\FileHandler' driver.
WARNING - 2024-04-08 16:03:45 --> Session: Sessions is enabled, and one exists. Please don't $session->start();
WARNING - 2024-04-08 16:03:45 --> Session: Sessions is enabled, and one exists. Please don't $session->start();
INFO - 2024-04-08 16:03:45 --> Session: Class initialized using 'CodeIgniter\Session\Handlers\FileHandler' driver.
WARNING - 2024-04-08 16:03:45 --> Session: Sessions is enabled, and one exists. Please don't $session->start();
INFO - 2024-04-08 16:03:46 --> Session: Class initialized using 'CodeIgniter\Session\Handlers\FileHandler' driver.
WARNING - 2024-04-08 16:03:46 --> Session: Sessions is enabled, and one exists. Please don't $session->start();
INFO - 2024-04-08 16:03:49 --> Session: Class initialized using 'CodeIgniter\Session\Handlers\FileHandler' driver.
WARNING - 2024-04-08 16:03:49 --> Session: Sessions is enabled, and one exists. Please don't $session->start();
INFO - 2024-04-08 16:03:51 --> Session: Class initialized using 'CodeIgniter\Session\Handlers\FileHandler' driver.
WARNING - 2024-04-08 16:03:51 --> Session: Sessions is enabled, and one exists. Please don't $session->start();
INFO - 2024-04-08 16:03:57 --> Session: Class initialized using 'CodeIgniter\Session\Handlers\FileHandler' driver.
WARNING - 2024-04-08 16:03:57 --> Session: Sessions is enabled, and one exists. Please don't $session->start();
WARNING - 2024-04-08 16:03:57 --> Session: Sessions is enabled, and one exists. Please don't $session->start();
INFO - 2024-04-08 16:03:57 --> Session: Class initialized using 'CodeIgniter\Session\Handlers\FileHandler' driver.
WARNING - 2024-04-08 16:03:57 --> Session: Sessions is enabled, and one exists. Please don't $session->start();
INFO - 2024-04-08 16:03:57 --> Session: Class initialized using 'CodeIgniter\Session\Handlers\FileHandler' driver.
WARNING - 2024-04-08 16:03:57 --> Session: Sessions is enabled, and one exists. Please don't $session->start();
INFO - 2024-04-08 16:03:57 --> Session: Class initialized using 'CodeIgniter\Session\Handlers\FileHandler' driver.
WARNING - 2024-04-08 16:03:58 --> Session: Sessions is enabled, and one exists. Please don't $session->start();
INFO - 2024-04-08 16:04:23 --> Session: Class initialized using 'CodeIgniter\Session\Handlers\FileHandler' driver.
WARNING - 2024-04-08 16:04:23 --> Session: Sessions is enabled, and one exists. Please don't $session->start();
WARNING - 2024-04-08 16:04:23 --> Session: Sessions is enabled, and one exists. Please don't $session->start();
INFO - 2024-04-08 16:04:24 --> Session: Class initialized using 'CodeIgniter\Session\Handlers\FileHandler' driver.
WARNING - 2024-04-08 16:04:24 --> Session: Sessions is enabled, and one exists. Please don't $session->start();
INFO - 2024-04-08 16:04:24 --> Session: Class initialized using 'CodeIgniter\Session\Handlers\FileHandler' driver.
WARNING - 2024-04-08 16:04:24 --> Session: Sessions is enabled, and one exists. Please don't $session->start();
INFO - 2024-04-08 16:04:26 --> Session: Class initialized using 'CodeIgniter\Session\Handlers\FileHandler' driver.
WARNING - 2024-04-08 16:04:26 --> Session: Sessions is enabled, and one exists. Please don't $session->start();
INFO - 2024-04-08 16:05:09 --> Session: Class initialized using 'CodeIgniter\Session\Handlers\FileHandler' driver.
WARNING - 2024-04-08 16:05:09 --> Session: Sessions is enabled, and one exists. Please don't $session->start();
WARNING - 2024-04-08 16:05:09 --> Session: Sessions is enabled, and one exists. Please don't $session->start();
INFO - 2024-04-08 16:05:09 --> Session: Class initialized using 'CodeIgniter\Session\Handlers\FileHandler' driver.
WARNING - 2024-04-08 16:05:09 --> Session: Sessions is enabled, and one exists. Please don't $session->start();
INFO - 2024-04-08 16:05:09 --> Session: Class initialized using 'CodeIgniter\Session\Handlers\FileHandler' driver.
WARNING - 2024-04-08 16:05:09 --> Session: Sessions is enabled, and one exists. Please don't $session->start();
INFO - 2024-04-08 16:05:10 --> Session: Class initialized using 'CodeIgniter\Session\Handlers\FileHandler' driver.
WARNING - 2024-04-08 16:05:10 --> Session: Sessions is enabled, and one exists. Please don't $session->start();
INFO - 2024-04-08 16:05:17 --> Session: Class initialized using 'CodeIgniter\Session\Handlers\FileHandler' driver.
WARNING - 2024-04-08 16:05:17 --> Session: Sessions is enabled, and one exists. Please don't $session->start();
INFO - 2024-04-08 16:05:18 --> Session: Class initialized using 'CodeIgniter\Session\Handlers\FileHandler' driver.
WARNING - 2024-04-08 16:05:18 --> Session: Sessions is enabled, and one exists. Please don't $session->start();
INFO - 2024-04-08 16:05:18 --> Session: Class initialized using 'CodeIgniter\Session\Handlers\FileHandler' driver.
WARNING - 2024-04-08 16:05:18 --> Session: Sessions is enabled, and one exists. Please don't $session->start();
INFO - 2024-04-08 16:06:03 --> Session: Class initialized using 'CodeIgniter\Session\Handlers\FileHandler' driver.
WARNING - 2024-04-08 16:06:03 --> Session: Sessions is enabled, and one exists. Please don't $session->start();
INFO - 2024-04-08 16:06:04 --> Session: Class initialized using 'CodeIgniter\Session\Handlers\FileHandler' driver.
WARNING - 2024-04-08 16:06:04 --> Session: Sessions is enabled, and one exists. Please don't $session->start();
INFO - 2024-04-08 16:06:23 --> Session: Class initialized using 'CodeIgniter\Session\Handlers\FileHandler' driver.
WARNING - 2024-04-08 16:06:23 --> Session: Sessions is enabled, and one exists. Please don't $session->start();
INFO - 2024-04-08 16:06:24 --> Session: Class initialized using 'CodeIgniter\Session\Handlers\FileHandler' driver.
WARNING - 2024-04-08 16:06:24 --> Session: Sessions is enabled, and one exists. Please don't $session->start();
INFO - 2024-04-08 16:11:57 --> Session: Class initialized using 'CodeIgniter\Session\Handlers\FileHandler' driver.
WARNING - 2024-04-08 16:11:57 --> Session: Sessions is enabled, and one exists. Please don't $session->start();
INFO - 2024-04-08 16:11:58 --> Session: Class initialized using 'CodeIgniter\Session\Handlers\FileHandler' driver.
WARNING - 2024-04-08 16:11:58 --> Session: Sessions is enabled, and one exists. Please don't $session->start();
INFO - 2024-04-08 16:12:00 --> Session: Class initialized using 'CodeIgniter\Session\Handlers\FileHandler' driver.
WARNING - 2024-04-08 16:12:00 --> Session: Sessions is enabled, and one exists. Please don't $session->start();
INFO - 2024-04-08 16:12:00 --> Session: Class initialized using 'CodeIgniter\Session\Handlers\FileHandler' driver.
WARNING - 2024-04-08 16:12:00 --> Session: Sessions is enabled, and one exists. Please don't $session->start();
INFO - 2024-04-08 16:12:21 --> Session: Class initialized using 'CodeIgniter\Session\Handlers\FileHandler' driver.
WARNING - 2024-04-08 16:12:21 --> Session: Sessions is enabled, and one exists. Please don't $session->start();
INFO - 2024-04-08 16:12:21 --> Session: Class initialized using 'CodeIgniter\Session\Handlers\FileHandler' driver.
WARNING - 2024-04-08 16:12:21 --> Session: Sessions is enabled, and one exists. Please don't $session->start();
INFO - 2024-04-08 16:12:22 --> Session: Class initialized using 'CodeIgniter\Session\Handlers\FileHandler' driver.
WARNING - 2024-04-08 16:12:22 --> Session: Sessions is enabled, and one exists. Please don't $session->start();
INFO - 2024-04-08 16:12:23 --> Session: Class initialized using 'CodeIgniter\Session\Handlers\FileHandler' driver.
WARNING - 2024-04-08 16:12:23 --> Session: Sessions is enabled, and one exists. Please don't $session->start();
INFO - 2024-04-08 16:12:34 --> Session: Class initialized using 'CodeIgniter\Session\Handlers\FileHandler' driver.
WARNING - 2024-04-08 16:12:34 --> Session: Sessions is enabled, and one exists. Please don't $session->start();
INFO - 2024-04-08 16:12:35 --> Session: Class initialized using 'CodeIgniter\Session\Handlers\FileHandler' driver.
WARNING - 2024-04-08 16:12:35 --> Session: Sessions is enabled, and one exists. Please don't $session->start();
INFO - 2024-04-08 16:14:01 --> Session: Class initialized using 'CodeIgniter\Session\Handlers\FileHandler' driver.
WARNING - 2024-04-08 16:14:01 --> Session: Sessions is enabled, and one exists. Please don't $session->start();
INFO - 2024-04-08 16:14:02 --> Session: Class initialized using 'CodeIgniter\Session\Handlers\FileHandler' driver.
WARNING - 2024-04-08 16:14:02 --> Session: Sessions is enabled, and one exists. Please don't $session->start();
INFO - 2024-04-08 16:14:21 --> Session: Class initialized using 'CodeIgniter\Session\Handlers\FileHandler' driver.
WARNING - 2024-04-08 16:14:21 --> Session: Sessions is enabled, and one exists. Please don't $session->start();
INFO - 2024-04-08 16:14:22 --> Session: Class initialized using 'CodeIgniter\Session\Handlers\FileHandler' driver.
WARNING - 2024-04-08 16:14:22 --> Session: Sessions is enabled, and one exists. Please don't $session->start();
INFO - 2024-04-08 16:14:23 --> Session: Class initialized using 'CodeIgniter\Session\Handlers\FileHandler' driver.
WARNING - 2024-04-08 16:14:23 --> Session: Sessions is enabled, and one exists. Please don't $session->start();
INFO - 2024-04-08 16:15:19 --> Session: Class initialized using 'CodeIgniter\Session\Handlers\FileHandler' driver.
WARNING - 2024-04-08 16:15:19 --> Session: Sessions is enabled, and one exists. Please don't $session->start();
CRITICAL - 2024-04-08 16:15:19 --> Invalid file: "user_registration.php"
in SYSTEMPATH\Exceptions\FrameworkException.php on line 39.
 1 SYSTEMPATH\View\View.php(216): CodeIgniter\Exceptions\FrameworkException::forInvalidFile('user_registration.php')
 2 SYSTEMPATH\Common.php(1190): CodeIgniter\View\View->render('user_registration', [], true)
 3 APPPATH\Controllers\home.php(74): view('user_registration')
 4 SYSTEMPATH\CodeIgniter.php(942): App\Controllers\Home->user_registration()
 5 SYSTEMPATH\CodeIgniter.php(502): CodeIgniter\CodeIgniter->runController(Object(App\Controllers\Home))
 6 SYSTEMPATH\CodeIgniter.php(361): CodeIgniter\CodeIgniter->handleRequest(null, Object(Config\Cache), false)
 7 FCPATH\index.php(79): CodeIgniter\CodeIgniter->run()
INFO - 2024-04-08 16:15:48 --> Session: Class initialized using 'CodeIgniter\Session\Handlers\FileHandler' driver.
WARNING - 2024-04-08 16:15:48 --> Session: Sessions is enabled, and one exists. Please don't $session->start();
CRITICAL - 2024-04-08 16:15:48 --> Invalid file: "pages.user_registration"
in SYSTEMPATH\Exceptions\FrameworkException.php on line 39.
 1 SYSTEMPATH\View\View.php(216): CodeIgniter\Exceptions\FrameworkException::forInvalidFile('pages.user_registration')
 2 SYSTEMPATH\Common.php(1190): CodeIgniter\View\View->render('pages.user_registration', [], true)
 3 APPPATH\Controllers\home.php(74): view('pages.user_registration')
 4 SYSTEMPATH\CodeIgniter.php(942): App\Controllers\Home->user_registration()
 5 SYSTEMPATH\CodeIgniter.php(502): CodeIgniter\CodeIgniter->runController(Object(App\Controllers\Home))
 6 SYSTEMPATH\CodeIgniter.php(361): CodeIgniter\CodeIgniter->handleRequest(null, Object(Config\Cache), false)
 7 FCPATH\index.php(79): CodeIgniter\CodeIgniter->run()
INFO - 2024-04-08 16:16:29 --> Session: Class initialized using 'CodeIgniter\Session\Handlers\FileHandler' driver.
WARNING - 2024-04-08 16:16:29 --> Session: Sessions is enabled, and one exists. Please don't $session->start();
INFO - 2024-04-08 16:16:30 --> Session: Class initialized using 'CodeIgniter\Session\Handlers\FileHandler' driver.
WARNING - 2024-04-08 16:16:30 --> Session: Sessions is enabled, and one exists. Please don't $session->start();
INFO - 2024-04-08 16:17:22 --> Session: Class initialized using 'CodeIgniter\Session\Handlers\FileHandler' driver.
WARNING - 2024-04-08 16:17:22 --> Session: Sessions is enabled, and one exists. Please don't $session->start();
INFO - 2024-04-08 16:17:23 --> Session: Class initialized using 'CodeIgniter\Session\Handlers\FileHandler' driver.
WARNING - 2024-04-08 16:17:23 --> Session: Sessions is enabled, and one exists. Please don't $session->start();
INFO - 2024-04-08 16:19:08 --> Session: Class initialized using 'CodeIgniter\Session\Handlers\FileHandler' driver.
WARNING - 2024-04-08 16:19:08 --> Session: Sessions is enabled, and one exists. Please don't $session->start();
INFO - 2024-04-08 16:19:14 --> Session: Class initialized using 'CodeIgniter\Session\Handlers\FileHandler' driver.
WARNING - 2024-04-08 16:19:14 --> Session: Sessions is enabled, and one exists. Please don't $session->start();
INFO - 2024-04-08 16:20:50 --> Session: Class initialized using 'CodeIgniter\Session\Handlers\FileHandler' driver.
WARNING - 2024-04-08 16:20:50 --> Session: Sessions is enabled, and one exists. Please don't $session->start();
INFO - 2024-04-08 16:20:51 --> Session: Class initialized using 'CodeIgniter\Session\Handlers\FileHandler' driver.
WARNING - 2024-04-08 16:20:51 --> Session: Sessions is enabled, and one exists. Please don't $session->start();
INFO - 2024-04-08 16:23:50 --> Session: Class initialized using 'CodeIgniter\Session\Handlers\FileHandler' driver.
WARNING - 2024-04-08 16:23:50 --> Session: Sessions is enabled, and one exists. Please don't $session->start();
INFO - 2024-04-08 16:23:52 --> Session: Class initialized using 'CodeIgniter\Session\Handlers\FileHandler' driver.
WARNING - 2024-04-08 16:23:52 --> Session: Sessions is enabled, and one exists. Please don't $session->start();
INFO - 2024-04-08 16:24:31 --> Session: Class initialized using 'CodeIgniter\Session\Handlers\FileHandler' driver.
WARNING - 2024-04-08 16:24:31 --> Session: Sessions is enabled, and one exists. Please don't $session->start();
INFO - 2024-04-08 16:24:33 --> Session: Class initialized using 'CodeIgniter\Session\Handlers\FileHandler' driver.
WARNING - 2024-04-08 16:24:33 --> Session: Sessions is enabled, and one exists. Please don't $session->start();
INFO - 2024-04-08 16:25:16 --> Session: Class initialized using 'CodeIgniter\Session\Handlers\FileHandler' driver.
WARNING - 2024-04-08 16:25:16 --> Session: Sessions is enabled, and one exists. Please don't $session->start();
INFO - 2024-04-08 16:25:18 --> Session: Class initialized using 'CodeIgniter\Session\Handlers\FileHandler' driver.
WARNING - 2024-04-08 16:25:18 --> Session: Sessions is enabled, and one exists. Please don't $session->start();
INFO - 2024-04-08 16:25:42 --> Session: Class initialized using 'CodeIgniter\Session\Handlers\FileHandler' driver.
WARNING - 2024-04-08 16:25:42 --> Session: Sessions is enabled, and one exists. Please don't $session->start();
INFO - 2024-04-08 16:25:44 --> Session: Class initialized using 'CodeIgniter\Session\Handlers\FileHandler' driver.
WARNING - 2024-04-08 16:25:44 --> Session: Sessions is enabled, and one exists. Please don't $session->start();
INFO - 2024-04-08 16:26:03 --> Session: Class initialized using 'CodeIgniter\Session\Handlers\FileHandler' driver.
WARNING - 2024-04-08 16:26:03 --> Session: Sessions is enabled, and one exists. Please don't $session->start();
INFO - 2024-04-08 16:26:03 --> Session: Class initialized using 'CodeIgniter\Session\Handlers\FileHandler' driver.
WARNING - 2024-04-08 16:26:03 --> Session: Sessions is enabled, and one exists. Please don't $session->start();
INFO - 2024-04-08 16:26:20 --> Session: Class initialized using 'CodeIgniter\Session\Handlers\FileHandler' driver.
WARNING - 2024-04-08 16:26:20 --> Session: Sessions is enabled, and one exists. Please don't $session->start();
INFO - 2024-04-08 16:26:21 --> Session: Class initialized using 'CodeIgniter\Session\Handlers\FileHandler' driver.
WARNING - 2024-04-08 16:26:21 --> Session: Sessions is enabled, and one exists. Please don't $session->start();
INFO - 2024-04-08 16:26:37 --> Session: Class initialized using 'CodeIgniter\Session\Handlers\FileHandler' driver.
WARNING - 2024-04-08 16:26:37 --> Session: Sessions is enabled, and one exists. Please don't $session->start();
INFO - 2024-04-08 16:26:38 --> Session: Class initialized using 'CodeIgniter\Session\Handlers\FileHandler' driver.
WARNING - 2024-04-08 16:26:38 --> Session: Sessions is enabled, and one exists. Please don't $session->start();
INFO - 2024-04-08 16:26:57 --> Session: Class initialized using 'CodeIgniter\Session\Handlers\FileHandler' driver.
WARNING - 2024-04-08 16:26:57 --> Session: Sessions is enabled, and one exists. Please don't $session->start();
INFO - 2024-04-08 16:26:57 --> Session: Class initialized using 'CodeIgniter\Session\Handlers\FileHandler' driver.
WARNING - 2024-04-08 16:26:57 --> Session: Sessions is enabled, and one exists. Please don't $session->start();
INFO - 2024-04-08 16:27:05 --> Session: Class initialized using 'CodeIgniter\Session\Handlers\FileHandler' driver.
WARNING - 2024-04-08 16:27:05 --> Session: Sessions is enabled, and one exists. Please don't $session->start();
INFO - 2024-04-08 16:27:06 --> Session: Class initialized using 'CodeIgniter\Session\Handlers\FileHandler' driver.
WARNING - 2024-04-08 16:27:06 --> Session: Sessions is enabled, and one exists. Please don't $session->start();
INFO - 2024-04-08 16:27:39 --> Session: Class initialized using 'CodeIgniter\Session\Handlers\FileHandler' driver.
WARNING - 2024-04-08 16:27:39 --> Session: Sessions is enabled, and one exists. Please don't $session->start();
INFO - 2024-04-08 16:27:41 --> Session: Class initialized using 'CodeIgniter\Session\Handlers\FileHandler' driver.
WARNING - 2024-04-08 16:27:41 --> Session: Sessions is enabled, and one exists. Please don't $session->start();
INFO - 2024-04-08 16:28:12 --> Session: Class initialized using 'CodeIgniter\Session\Handlers\FileHandler' driver.
WARNING - 2024-04-08 16:28:12 --> Session: Sessions is enabled, and one exists. Please don't $session->start();
INFO - 2024-04-08 16:28:13 --> Session: Class initialized using 'CodeIgniter\Session\Handlers\FileHandler' driver.
WARNING - 2024-04-08 16:28:13 --> Session: Sessions is enabled, and one exists. Please don't $session->start();
INFO - 2024-04-08 16:28:29 --> Session: Class initialized using 'CodeIgniter\Session\Handlers\FileHandler' driver.
WARNING - 2024-04-08 16:28:29 --> Session: Sessions is enabled, and one exists. Please don't $session->start();
INFO - 2024-04-08 16:28:30 --> Session: Class initialized using 'CodeIgniter\Session\Handlers\FileHandler' driver.
WARNING - 2024-04-08 16:28:30 --> Session: Sessions is enabled, and one exists. Please don't $session->start();
INFO - 2024-04-08 16:29:00 --> Session: Class initialized using 'CodeIgniter\Session\Handlers\FileHandler' driver.
WARNING - 2024-04-08 16:29:00 --> Session: Sessions is enabled, and one exists. Please don't $session->start();
INFO - 2024-04-08 16:29:01 --> Session: Class initialized using 'CodeIgniter\Session\Handlers\FileHandler' driver.
WARNING - 2024-04-08 16:29:01 --> Session: Sessions is enabled, and one exists. Please don't $session->start();
INFO - 2024-04-08 16:29:30 --> Session: Class initialized using 'CodeIgniter\Session\Handlers\FileHandler' driver.
WARNING - 2024-04-08 16:29:30 --> Session: Sessions is enabled, and one exists. Please don't $session->start();
INFO - 2024-04-08 16:29:33 --> Session: Class initialized using 'CodeIgniter\Session\Handlers\FileHandler' driver.
WARNING - 2024-04-08 16:29:33 --> Session: Sessions is enabled, and one exists. Please don't $session->start();
INFO - 2024-04-08 16:29:56 --> Session: Class initialized using 'CodeIgniter\Session\Handlers\FileHandler' driver.
WARNING - 2024-04-08 16:29:56 --> Session: Sessions is enabled, and one exists. Please don't $session->start();
INFO - 2024-04-08 16:29:56 --> Session: Class initialized using 'CodeIgniter\Session\Handlers\FileHandler' driver.
WARNING - 2024-04-08 16:29:56 --> Session: Sessions is enabled, and one exists. Please don't $session->start();
INFO - 2024-04-08 16:30:18 --> Session: Class initialized using 'CodeIgniter\Session\Handlers\FileHandler' driver.
WARNING - 2024-04-08 16:30:18 --> Session: Sessions is enabled, and one exists. Please don't $session->start();
INFO - 2024-04-08 16:30:19 --> Session: Class initialized using 'CodeIgniter\Session\Handlers\FileHandler' driver.
WARNING - 2024-04-08 16:30:19 --> Session: Sessions is enabled, and one exists. Please don't $session->start();
INFO - 2024-04-08 16:30:42 --> Session: Class initialized using 'CodeIgniter\Session\Handlers\FileHandler' driver.
WARNING - 2024-04-08 16:30:42 --> Session: Sessions is enabled, and one exists. Please don't $session->start();
INFO - 2024-04-08 16:30:43 --> Session: Class initialized using 'CodeIgniter\Session\Handlers\FileHandler' driver.
WARNING - 2024-04-08 16:30:43 --> Session: Sessions is enabled, and one exists. Please don't $session->start();
INFO - 2024-04-08 16:30:52 --> Session: Class initialized using 'CodeIgniter\Session\Handlers\FileHandler' driver.
WARNING - 2024-04-08 16:30:52 --> Session: Sessions is enabled, and one exists. Please don't $session->start();
INFO - 2024-04-08 16:30:53 --> Session: Class initialized using 'CodeIgniter\Session\Handlers\FileHandler' driver.
WARNING - 2024-04-08 16:30:53 --> Session: Sessions is enabled, and one exists. Please don't $session->start();
INFO - 2024-04-08 16:31:14 --> Session: Class initialized using 'CodeIgniter\Session\Handlers\FileHandler' driver.
WARNING - 2024-04-08 16:31:14 --> Session: Sessions is enabled, and one exists. Please don't $session->start();
INFO - 2024-04-08 16:31:15 --> Session: Class initialized using 'CodeIgniter\Session\Handlers\FileHandler' driver.
WARNING - 2024-04-08 16:31:15 --> Session: Sessions is enabled, and one exists. Please don't $session->start();
INFO - 2024-04-08 16:31:38 --> Session: Class initialized using 'CodeIgniter\Session\Handlers\FileHandler' driver.
WARNING - 2024-04-08 16:31:38 --> Session: Sessions is enabled, and one exists. Please don't $session->start();
INFO - 2024-04-08 16:31:40 --> Session: Class initialized using 'CodeIgniter\Session\Handlers\FileHandler' driver.
WARNING - 2024-04-08 16:31:40 --> Session: Sessions is enabled, and one exists. Please don't $session->start();
INFO - 2024-04-08 16:34:11 --> Session: Class initialized using 'CodeIgniter\Session\Handlers\FileHandler' driver.
WARNING - 2024-04-08 16:34:11 --> Session: Sessions is enabled, and one exists. Please don't $session->start();
INFO - 2024-04-08 16:34:11 --> Session: Class initialized using 'CodeIgniter\Session\Handlers\FileHandler' driver.
WARNING - 2024-04-08 16:34:11 --> Session: Sessions is enabled, and one exists. Please don't $session->start();
INFO - 2024-04-08 16:34:19 --> Session: Class initialized using 'CodeIgniter\Session\Handlers\FileHandler' driver.
WARNING - 2024-04-08 16:34:19 --> Session: Sessions is enabled, and one exists. Please don't $session->start();
INFO - 2024-04-08 16:34:19 --> Session: Class initialized using 'CodeIgniter\Session\Handlers\FileHandler' driver.
WARNING - 2024-04-08 16:34:19 --> Session: Sessions is enabled, and one exists. Please don't $session->start();
INFO - 2024-04-08 16:34:42 --> Session: Class initialized using 'CodeIgniter\Session\Handlers\FileHandler' driver.
WARNING - 2024-04-08 16:34:42 --> Session: Sessions is enabled, and one exists. Please don't $session->start();
INFO - 2024-04-08 16:34:43 --> Session: Class initialized using 'CodeIgniter\Session\Handlers\FileHandler' driver.
WARNING - 2024-04-08 16:34:43 --> Session: Sessions is enabled, and one exists. Please don't $session->start();
INFO - 2024-04-08 16:35:45 --> Session: Class initialized using 'CodeIgniter\Session\Handlers\FileHandler' driver.
WARNING - 2024-04-08 16:35:45 --> Session: Sessions is enabled, and one exists. Please don't $session->start();
INFO - 2024-04-08 16:35:45 --> Session: Class initialized using 'CodeIgniter\Session\Handlers\FileHandler' driver.
WARNING - 2024-04-08 16:35:45 --> Session: Sessions is enabled, and one exists. Please don't $session->start();
INFO - 2024-04-08 16:36:07 --> Session: Class initialized using 'CodeIgniter\Session\Handlers\FileHandler' driver.
WARNING - 2024-04-08 16:36:07 --> Session: Sessions is enabled, and one exists. Please don't $session->start();
INFO - 2024-04-08 16:36:07 --> Session: Class initialized using 'CodeIgniter\Session\Handlers\FileHandler' driver.
WARNING - 2024-04-08 16:36:07 --> Session: Sessions is enabled, and one exists. Please don't $session->start();
INFO - 2024-04-08 16:38:18 --> Session: Class initialized using 'CodeIgniter\Session\Handlers\FileHandler' driver.
WARNING - 2024-04-08 16:38:18 --> Session: Sessions is enabled, and one exists. Please don't $session->start();
INFO - 2024-04-08 16:39:36 --> Session: Class initialized using 'CodeIgniter\Session\Handlers\FileHandler' driver.
WARNING - 2024-04-08 16:39:36 --> Session: Sessions is enabled, and one exists. Please don't $session->start();
INFO - 2024-04-08 16:39:37 --> Session: Class initialized using 'CodeIgniter\Session\Handlers\FileHandler' driver.
WARNING - 2024-04-08 16:39:37 --> Session: Sessions is enabled, and one exists. Please don't $session->start();
INFO - 2024-04-08 16:39:44 --> Session: Class initialized using 'CodeIgniter\Session\Handlers\FileHandler' driver.
WARNING - 2024-04-08 16:39:44 --> Session: Sessions is enabled, and one exists. Please don't $session->start();
CRITICAL - 2024-04-08 16:39:44 --> Undefined property: stdClass::$password
in APPPATH\Controllers\home.php on line 35.
 1 APPPATH\Controllers\home.php(35): CodeIgniter\Debug\Exceptions->errorHandler(2, 'Undefined property: stdClass::$password', 'E:\\xampp\\htdocs\\user_app\\app\\Controllers\\home.php', 35)
 2 SYSTEMPATH\CodeIgniter.php(942): App\Controllers\Home->login()
 3 SYSTEMPATH\CodeIgniter.php(502): CodeIgniter\CodeIgniter->runController(Object(App\Controllers\Home))
 4 SYSTEMPATH\CodeIgniter.php(361): CodeIgniter\CodeIgniter->handleRequest(null, Object(Config\Cache), false)
 5 FCPATH\index.php(79): CodeIgniter\CodeIgniter->run()
INFO - 2024-04-08 16:41:05 --> Session: Class initialized using 'CodeIgniter\Session\Handlers\FileHandler' driver.
WARNING - 2024-04-08 16:41:05 --> Session: Sessions is enabled, and one exists. Please don't $session->start();
INFO - 2024-04-08 16:41:06 --> Session: Class initialized using 'CodeIgniter\Session\Handlers\FileHandler' driver.
WARNING - 2024-04-08 16:41:06 --> Session: Sessions is enabled, and one exists. Please don't $session->start();
WARNING - 2024-04-08 16:41:06 --> Session: Sessions is enabled, and one exists. Please don't $session->start();
INFO - 2024-04-08 16:41:06 --> Session: Class initialized using 'CodeIgniter\Session\Handlers\FileHandler' driver.
WARNING - 2024-04-08 16:41:06 --> Session: Sessions is enabled, and one exists. Please don't $session->start();
INFO - 2024-04-08 16:41:06 --> Session: Class initialized using 'CodeIgniter\Session\Handlers\FileHandler' driver.
WARNING - 2024-04-08 16:41:06 --> Session: Sessions is enabled, and one exists. Please don't $session->start();
INFO - 2024-04-08 16:41:08 --> Session: Class initialized using 'CodeIgniter\Session\Handlers\FileHandler' driver.
WARNING - 2024-04-08 16:41:08 --> Session: Sessions is enabled, and one exists. Please don't $session->start();
WARNING - 2024-04-08 16:41:08 --> Session: Sessions is enabled, and one exists. Please don't $session->start();
INFO - 2024-04-08 16:41:08 --> Session: Class initialized using 'CodeIgniter\Session\Handlers\FileHandler' driver.
WARNING - 2024-04-08 16:41:08 --> Session: Sessions is enabled, and one exists. Please don't $session->start();
INFO - 2024-04-08 16:41:08 --> Session: Class initialized using 'CodeIgniter\Session\Handlers\FileHandler' driver.
WARNING - 2024-04-08 16:41:08 --> Session: Sessions is enabled, and one exists. Please don't $session->start();
INFO - 2024-04-08 16:41:09 --> Session: Class initialized using 'CodeIgniter\Session\Handlers\FileHandler' driver.
WARNING - 2024-04-08 16:41:09 --> Session: Sessions is enabled, and one exists. Please don't $session->start();
INFO - 2024-04-08 16:41:21 --> Session: Class initialized using 'CodeIgniter\Session\Handlers\FileHandler' driver.
WARNING - 2024-04-08 16:41:21 --> Session: Sessions is enabled, and one exists. Please don't $session->start();
INFO - 2024-04-08 16:41:21 --> Session: Class initialized using 'CodeIgniter\Session\Handlers\FileHandler' driver.
WARNING - 2024-04-08 16:41:21 --> Session: Sessions is enabled, and one exists. Please don't $session->start();
INFO - 2024-04-08 16:41:24 --> Session: Class initialized using 'CodeIgniter\Session\Handlers\FileHandler' driver.
WARNING - 2024-04-08 16:41:24 --> Session: Sessions is enabled, and one exists. Please don't $session->start();
INFO - 2024-04-08 16:48:29 --> Session: Class initialized using 'CodeIgniter\Session\Handlers\FileHandler' driver.
WARNING - 2024-04-08 16:48:29 --> Session: Sessions is enabled, and one exists. Please don't $session->start();
INFO - 2024-04-08 16:48:42 --> Session: Class initialized using 'CodeIgniter\Session\Handlers\FileHandler' driver.
WARNING - 2024-04-08 16:48:42 --> Session: Sessions is enabled, and one exists. Please don't $session->start();
INFO - 2024-04-08 16:48:51 --> Session: Class initialized using 'CodeIgniter\Session\Handlers\FileHandler' driver.
WARNING - 2024-04-08 16:48:51 --> Session: Sessions is enabled, and one exists. Please don't $session->start();
INFO - 2024-04-08 16:49:02 --> Session: Class initialized using 'CodeIgniter\Session\Handlers\FileHandler' driver.
WARNING - 2024-04-08 16:49:02 --> Session: Sessions is enabled, and one exists. Please don't $session->start();
INFO - 2024-04-08 16:49:02 --> Session: Class initialized using 'CodeIgniter\Session\Handlers\FileHandler' driver.
WARNING - 2024-04-08 16:49:02 --> Session: Sessions is enabled, and one exists. Please don't $session->start();
INFO - 2024-04-08 16:50:07 --> Session: Class initialized using 'CodeIgniter\Session\Handlers\FileHandler' driver.
WARNING - 2024-04-08 16:50:07 --> Session: Sessions is enabled, and one exists. Please don't $session->start();
INFO - 2024-04-08 16:50:07 --> Session: Class initialized using 'CodeIgniter\Session\Handlers\FileHandler' driver.
WARNING - 2024-04-08 16:50:07 --> Session: Sessions is enabled, and one exists. Please don't $session->start();
INFO - 2024-04-08 16:50:39 --> Session: Class initialized using 'CodeIgniter\Session\Handlers\FileHandler' driver.
WARNING - 2024-04-08 16:50:39 --> Session: Sessions is enabled, and one exists. Please don't $session->start();
INFO - 2024-04-08 16:50:39 --> Session: Class initialized using 'CodeIgniter\Session\Handlers\FileHandler' driver.
WARNING - 2024-04-08 16:50:39 --> Session: Sessions is enabled, and one exists. Please don't $session->start();
INFO - 2024-04-08 16:51:17 --> Session: Class initialized using 'CodeIgniter\Session\Handlers\FileHandler' driver.
WARNING - 2024-04-08 16:51:17 --> Session: Sessions is enabled, and one exists. Please don't $session->start();
INFO - 2024-04-08 16:51:17 --> Session: Class initialized using 'CodeIgniter\Session\Handlers\FileHandler' driver.
WARNING - 2024-04-08 16:51:17 --> Session: Sessions is enabled, and one exists. Please don't $session->start();
INFO - 2024-04-08 16:52:01 --> Session: Class initialized using 'CodeIgniter\Session\Handlers\FileHandler' driver.
WARNING - 2024-04-08 16:52:01 --> Session: Sessions is enabled, and one exists. Please don't $session->start();
INFO - 2024-04-08 16:52:01 --> Session: Class initialized using 'CodeIgniter\Session\Handlers\FileHandler' driver.
WARNING - 2024-04-08 16:52:01 --> Session: Sessions is enabled, and one exists. Please don't $session->start();
INFO - 2024-04-08 16:52:01 --> Session: Class initialized using 'CodeIgniter\Session\Handlers\FileHandler' driver.
WARNING - 2024-04-08 16:52:01 --> Session: Sessions is enabled, and one exists. Please don't $session->start();
INFO - 2024-04-08 16:52:24 --> Session: Class initialized using 'CodeIgniter\Session\Handlers\FileHandler' driver.
WARNING - 2024-04-08 16:52:24 --> Session: Sessions is enabled, and one exists. Please don't $session->start();
INFO - 2024-04-08 16:58:55 --> Session: Class initialized using 'CodeIgniter\Session\Handlers\FileHandler' driver.
WARNING - 2024-04-08 16:58:55 --> Session: Sessions is enabled, and one exists. Please don't $session->start();
INFO - 2024-04-08 16:58:55 --> Session: Class initialized using 'CodeIgniter\Session\Handlers\FileHandler' driver.
WARNING - 2024-04-08 16:58:55 --> Session: Sessions is enabled, and one exists. Please don't $session->start();
INFO - 2024-04-08 16:58:56 --> Session: Class initialized using 'CodeIgniter\Session\Handlers\FileHandler' driver.
WARNING - 2024-04-08 16:58:56 --> Session: Sessions is enabled, and one exists. Please don't $session->start();
INFO - 2024-04-08 16:59:31 --> Session: Class initialized using 'CodeIgniter\Session\Handlers\FileHandler' driver.
WARNING - 2024-04-08 16:59:31 --> Session: Sessions is enabled, and one exists. Please don't $session->start();
INFO - 2024-04-08 16:59:31 --> Session: Class initialized using 'CodeIgniter\Session\Handlers\FileHandler' driver.
WARNING - 2024-04-08 16:59:31 --> Session: Sessions is enabled, and one exists. Please don't $session->start();
INFO - 2024-04-08 16:59:43 --> Session: Class initialized using 'CodeIgniter\Session\Handlers\FileHandler' driver.
WARNING - 2024-04-08 16:59:43 --> Session: Sessions is enabled, and one exists. Please don't $session->start();
CRITICAL - 2024-04-08 16:59:44 --> Call to a member function getName() on null
in APPPATH\Controllers\home.php on line 36.
 1 SYSTEMPATH\CodeIgniter.php(942): App\Controllers\Home->user_registration_form()
 2 SYSTEMPATH\CodeIgniter.php(502): CodeIgniter\CodeIgniter->runController(Object(App\Controllers\Home))
 3 SYSTEMPATH\CodeIgniter.php(361): CodeIgniter\CodeIgniter->handleRequest(null, Object(Config\Cache), false)
 4 FCPATH\index.php(79): CodeIgniter\CodeIgniter->run()
INFO - 2024-04-08 17:00:03 --> Session: Class initialized using 'CodeIgniter\Session\Handlers\FileHandler' driver.
WARNING - 2024-04-08 17:00:03 --> Session: Sessions is enabled, and one exists. Please don't $session->start();
INFO - 2024-04-08 17:00:03 --> Session: Class initialized using 'CodeIgniter\Session\Handlers\FileHandler' driver.
WARNING - 2024-04-08 17:00:03 --> Session: Sessions is enabled, and one exists. Please don't $session->start();
INFO - 2024-04-08 17:00:09 --> Session: Class initialized using 'CodeIgniter\Session\Handlers\FileHandler' driver.
WARNING - 2024-04-08 17:00:09 --> Session: Sessions is enabled, and one exists. Please don't $session->start();
CRITICAL - 2024-04-08 17:00:10 --> Call to a member function getName() on null
in APPPATH\Controllers\home.php on line 36.
 1 SYSTEMPATH\CodeIgniter.php(942): App\Controllers\Home->user_registration_form()
 2 SYSTEMPATH\CodeIgniter.php(502): CodeIgniter\CodeIgniter->runController(Object(App\Controllers\Home))
 3 SYSTEMPATH\CodeIgniter.php(361): CodeIgniter\CodeIgniter->handleRequest(null, Object(Config\Cache), false)
 4 FCPATH\index.php(79): CodeIgniter\CodeIgniter->run()
INFO - 2024-04-08 17:00:11 --> Session: Class initialized using 'CodeIgniter\Session\Handlers\FileHandler' driver.
WARNING - 2024-04-08 17:00:11 --> Session: Sessions is enabled, and one exists. Please don't $session->start();
INFO - 2024-04-08 17:00:12 --> Session: Class initialized using 'CodeIgniter\Session\Handlers\FileHandler' driver.
WARNING - 2024-04-08 17:00:12 --> Session: Sessions is enabled, and one exists. Please don't $session->start();
INFO - 2024-04-08 17:00:27 --> Session: Class initialized using 'CodeIgniter\Session\Handlers\FileHandler' driver.
WARNING - 2024-04-08 17:00:27 --> Session: Sessions is enabled, and one exists. Please don't $session->start();
CRITICAL - 2024-04-08 17:00:27 --> Call to a member function getName() on null
in APPPATH\Controllers\home.php on line 36.
 1 SYSTEMPATH\CodeIgniter.php(942): App\Controllers\Home->user_registration_form()
 2 SYSTEMPATH\CodeIgniter.php(502): CodeIgniter\CodeIgniter->runController(Object(App\Controllers\Home))
 3 SYSTEMPATH\CodeIgniter.php(361): CodeIgniter\CodeIgniter->handleRequest(null, Object(Config\Cache), false)
 4 FCPATH\index.php(79): CodeIgniter\CodeIgniter->run()
INFO - 2024-04-08 17:01:08 --> Session: Class initialized using 'CodeIgniter\Session\Handlers\FileHandler' driver.
WARNING - 2024-04-08 17:01:08 --> Session: Sessions is enabled, and one exists. Please don't $session->start();
INFO - 2024-04-08 17:01:08 --> Session: Class initialized using 'CodeIgniter\Session\Handlers\FileHandler' driver.
WARNING - 2024-04-08 17:01:08 --> Session: Sessions is enabled, and one exists. Please don't $session->start();
INFO - 2024-04-08 17:01:14 --> Session: Class initialized using 'CodeIgniter\Session\Handlers\FileHandler' driver.
WARNING - 2024-04-08 17:01:14 --> Session: Sessions is enabled, and one exists. Please don't $session->start();
CRITICAL - 2024-04-08 17:01:14 --> Call to a member function getName() on null
in APPPATH\Controllers\home.php on line 36.
 1 SYSTEMPATH\CodeIgniter.php(942): App\Controllers\Home->user_registration_form()
 2 SYSTEMPATH\CodeIgniter.php(502): CodeIgniter\CodeIgniter->runController(Object(App\Controllers\Home))
 3 SYSTEMPATH\CodeIgniter.php(361): CodeIgniter\CodeIgniter->handleRequest(null, Object(Config\Cache), false)
 4 FCPATH\index.php(79): CodeIgniter\CodeIgniter->run()
INFO - 2024-04-08 17:01:53 --> Session: Class initialized using 'CodeIgniter\Session\Handlers\FileHandler' driver.
WARNING - 2024-04-08 17:01:53 --> Session: Sessions is enabled, and one exists. Please don't $session->start();
INFO - 2024-04-08 17:03:20 --> Session: Class initialized using 'CodeIgniter\Session\Handlers\FileHandler' driver.
WARNING - 2024-04-08 17:03:20 --> Session: Sessions is enabled, and one exists. Please don't $session->start();
INFO - 2024-04-08 17:03:22 --> Session: Class initialized using 'CodeIgniter\Session\Handlers\FileHandler' driver.
WARNING - 2024-04-08 17:03:22 --> Session: Sessions is enabled, and one exists. Please don't $session->start();
INFO - 2024-04-08 17:03:23 --> Session: Class initialized using 'CodeIgniter\Session\Handlers\FileHandler' driver.
WARNING - 2024-04-08 17:03:23 --> Session: Sessions is enabled, and one exists. Please don't $session->start();
INFO - 2024-04-08 17:03:25 --> Session: Class initialized using 'CodeIgniter\Session\Handlers\FileHandler' driver.
WARNING - 2024-04-08 17:03:25 --> Session: Sessions is enabled, and one exists. Please don't $session->start();
INFO - 2024-04-08 17:03:41 --> Session: Class initialized using 'CodeIgniter\Session\Handlers\FileHandler' driver.
WARNING - 2024-04-08 17:03:41 --> Session: Sessions is enabled, and one exists. Please don't $session->start();
INFO - 2024-04-08 17:03:44 --> Session: Class initialized using 'CodeIgniter\Session\Handlers\FileHandler' driver.
WARNING - 2024-04-08 17:03:44 --> Session: Sessions is enabled, and one exists. Please don't $session->start();
CRITICAL - 2024-04-08 17:03:44 --> Call to a member function getName() on null
in APPPATH\Controllers\home.php on line 36.
 1 SYSTEMPATH\CodeIgniter.php(942): App\Controllers\Home->user_registration_form()
 2 SYSTEMPATH\CodeIgniter.php(502): CodeIgniter\CodeIgniter->runController(Object(App\Controllers\Home))
 3 SYSTEMPATH\CodeIgniter.php(361): CodeIgniter\CodeIgniter->handleRequest(null, Object(Config\Cache), false)
 4 FCPATH\index.php(79): CodeIgniter\CodeIgniter->run()
INFO - 2024-04-08 17:05:12 --> Session: Class initialized using 'CodeIgniter\Session\Handlers\FileHandler' driver.
WARNING - 2024-04-08 17:05:12 --> Session: Sessions is enabled, and one exists. Please don't $session->start();
CRITICAL - 2024-04-08 17:05:12 --> Call to a member function getName() on null
in APPPATH\Controllers\home.php on line 36.
 1 SYSTEMPATH\CodeIgniter.php(942): App\Controllers\Home->user_registration_form()
 2 SYSTEMPATH\CodeIgniter.php(502): CodeIgniter\CodeIgniter->runController(Object(App\Controllers\Home))
 3 SYSTEMPATH\CodeIgniter.php(361): CodeIgniter\CodeIgniter->handleRequest(null, Object(Config\Cache), false)
 4 FCPATH\index.php(79): CodeIgniter\CodeIgniter->run()
INFO - 2024-04-08 17:05:15 --> Session: Class initialized using 'CodeIgniter\Session\Handlers\FileHandler' driver.
WARNING - 2024-04-08 17:05:15 --> Session: Sessions is enabled, and one exists. Please don't $session->start();
CRITICAL - 2024-04-08 17:05:15 --> Call to a member function getName() on null
in APPPATH\Controllers\home.php on line 36.
 1 SYSTEMPATH\CodeIgniter.php(942): App\Controllers\Home->user_registration_form()
 2 SYSTEMPATH\CodeIgniter.php(502): CodeIgniter\CodeIgniter->runController(Object(App\Controllers\Home))
 3 SYSTEMPATH\CodeIgniter.php(361): CodeIgniter\CodeIgniter->handleRequest(null, Object(Config\Cache), false)
 4 FCPATH\index.php(79): CodeIgniter\CodeIgniter->run()
INFO - 2024-04-08 17:05:17 --> Session: Class initialized using 'CodeIgniter\Session\Handlers\FileHandler' driver.
WARNING - 2024-04-08 17:05:17 --> Session: Sessions is enabled, and one exists. Please don't $session->start();
INFO - 2024-04-08 17:05:18 --> Session: Class initialized using 'CodeIgniter\Session\Handlers\FileHandler' driver.
WARNING - 2024-04-08 17:05:18 --> Session: Sessions is enabled, and one exists. Please don't $session->start();
INFO - 2024-04-08 17:05:30 --> Session: Class initialized using 'CodeIgniter\Session\Handlers\FileHandler' driver.
WARNING - 2024-04-08 17:05:30 --> Session: Sessions is enabled, and one exists. Please don't $session->start();
INFO - 2024-04-08 17:05:30 --> Session: Class initialized using 'CodeIgniter\Session\Handlers\FileHandler' driver.
WARNING - 2024-04-08 17:05:30 --> Session: Sessions is enabled, and one exists. Please don't $session->start();
INFO - 2024-04-08 17:05:31 --> Session: Class initialized using 'CodeIgniter\Session\Handlers\FileHandler' driver.
WARNING - 2024-04-08 17:05:31 --> Session: Sessions is enabled, and one exists. Please don't $session->start();
INFO - 2024-04-08 17:05:47 --> Session: Class initialized using 'CodeIgniter\Session\Handlers\FileHandler' driver.
WARNING - 2024-04-08 17:05:47 --> Session: Sessions is enabled, and one exists. Please don't $session->start();
INFO - 2024-04-08 17:05:52 --> Session: Class initialized using 'CodeIgniter\Session\Handlers\FileHandler' driver.
WARNING - 2024-04-08 17:05:52 --> Session: Sessions is enabled, and one exists. Please don't $session->start();
INFO - 2024-04-08 17:05:57 --> Session: Class initialized using 'CodeIgniter\Session\Handlers\FileHandler' driver.
WARNING - 2024-04-08 17:05:57 --> Session: Sessions is enabled, and one exists. Please don't $session->start();
INFO - 2024-04-08 17:05:57 --> Session: Class initialized using 'CodeIgniter\Session\Handlers\FileHandler' driver.
WARNING - 2024-04-08 17:05:57 --> Session: Sessions is enabled, and one exists. Please don't $session->start();
INFO - 2024-04-08 17:06:04 --> Session: Class initialized using 'CodeIgniter\Session\Handlers\FileHandler' driver.
WARNING - 2024-04-08 17:06:04 --> Session: Sessions is enabled, and one exists. Please don't $session->start();
CRITICAL - 2024-04-08 17:06:04 --> Undefined property: stdClass::$password
in APPPATH\Controllers\home.php on line 83.
 1 APPPATH\Controllers\home.php(83): CodeIgniter\Debug\Exceptions->errorHandler(2, 'Undefined property: stdClass::$password', 'E:\\xampp\\htdocs\\user_app\\app\\Controllers\\home.php', 83)
 2 SYSTEMPATH\CodeIgniter.php(942): App\Controllers\Home->login()
 3 SYSTEMPATH\CodeIgniter.php(502): CodeIgniter\CodeIgniter->runController(Object(App\Controllers\Home))
 4 SYSTEMPATH\CodeIgniter.php(361): CodeIgniter\CodeIgniter->handleRequest(null, Object(Config\Cache), false)
 5 FCPATH\index.php(79): CodeIgniter\CodeIgniter->run()
INFO - 2024-04-08 17:06:22 --> Session: Class initialized using 'CodeIgniter\Session\Handlers\FileHandler' driver.
WARNING - 2024-04-08 17:06:22 --> Session: Sessions is enabled, and one exists. Please don't $session->start();
INFO - 2024-04-08 17:06:23 --> Session: Class initialized using 'CodeIgniter\Session\Handlers\FileHandler' driver.
WARNING - 2024-04-08 17:06:23 --> Session: Sessions is enabled, and one exists. Please don't $session->start();
WARNING - 2024-04-08 17:06:23 --> Session: Sessions is enabled, and one exists. Please don't $session->start();
INFO - 2024-04-08 17:06:23 --> Session: Class initialized using 'CodeIgniter\Session\Handlers\FileHandler' driver.
WARNING - 2024-04-08 17:06:23 --> Session: Sessions is enabled, and one exists. Please don't $session->start();
INFO - 2024-04-08 17:06:29 --> Session: Class initialized using 'CodeIgniter\Session\Handlers\FileHandler' driver.
WARNING - 2024-04-08 17:06:29 --> Session: Sessions is enabled, and one exists. Please don't $session->start();
WARNING - 2024-04-08 17:06:29 --> Session: Sessions is enabled, and one exists. Please don't $session->start();
INFO - 2024-04-08 17:06:29 --> Session: Class initialized using 'CodeIgniter\Session\Handlers\FileHandler' driver.
WARNING - 2024-04-08 17:06:29 --> Session: Sessions is enabled, and one exists. Please don't $session->start();
INFO - 2024-04-08 17:06:29 --> Session: Class initialized using 'CodeIgniter\Session\Handlers\FileHandler' driver.
WARNING - 2024-04-08 17:06:29 --> Session: Sessions is enabled, and one exists. Please don't $session->start();
INFO - 2024-04-08 17:06:51 --> Session: Class initialized using 'CodeIgniter\Session\Handlers\FileHandler' driver.
WARNING - 2024-04-08 17:06:51 --> Session: Sessions is enabled, and one exists. Please don't $session->start();
ERROR - 2024-04-08 17:06:51 --> mysqli_sql_exception: You have an error in your SQL syntax; check the manual that corresponds to your MariaDB server version for the right syntax to use near 'LIKE '%d%' ESCAPE '!'
 )
 LIMIT 10' at line 5 in E:\xampp\htdocs\user_app\system\Database\MySQLi\Connection.php:306
Stack trace:
#0 E:\xampp\htdocs\user_app\system\Database\MySQLi\Connection.php(306): mysqli->query('SELECT *\nFROM `...', 0)
#1 E:\xampp\htdocs\user_app\system\Database\BaseConnection.php(693): CodeIgniter\Database\MySQLi\Connection->execute('SELECT *\nFROM `...')
#2 E:\xampp\htdocs\user_app\system\Database\BaseConnection.php(607): CodeIgniter\Database\BaseConnection->simpleQuery('SELECT *\nFROM `...')
#3 E:\xampp\htdocs\user_app\system\Database\BaseBuilder.php(1615): CodeIgniter\Database\BaseConnection->query('SELECT *\nFROM `...', Array, false)
#4 E:\xampp\htdocs\user_app\app\Models\homemodel.php(76): CodeIgniter\Database\BaseBuilder->get()
#5 E:\xampp\htdocs\user_app\app\Controllers\home.php(172): App\Models\Homemodel->table_list_of_users()
#6 E:\xampp\htdocs\user_app\system\CodeIgniter.php(942): App\Controllers\Home->table_list_of_users()
#7 E:\xampp\htdocs\user_app\system\CodeIgniter.php(502): CodeIgniter\CodeIgniter->runController(Object(App\Controllers\Home))
#8 E:\xampp\htdocs\user_app\system\CodeIgniter.php(361): CodeIgniter\CodeIgniter->handleRequest(NULL, Object(Config\Cache), false)
#9 E:\xampp\htdocs\user_app\index.php(79): CodeIgniter\CodeIgniter->run()
#10 {main}
CRITICAL - 2024-04-08 17:06:51 --> You have an error in your SQL syntax; check the manual that corresponds to your MariaDB server version for the right syntax to use near 'LIKE '%d%' ESCAPE '!'
 )
 LIMIT 10' at line 5
in SYSTEMPATH\Database\BaseConnection.php on line 647.
 1 SYSTEMPATH\Database\BaseBuilder.php(1615): CodeIgniter\Database\BaseConnection->query('SELECT *
FROM `users` as `T1`
WHERE `T1`.`user_delete` = :T1.user_delete:
AND   (
 LIKE :: ESCAPE \'!\'
 )
 LIMIT 10', [...], false)
 2 APPPATH\Models\homemodel.php(76): CodeIgniter\Database\BaseBuilder->get()
 3 APPPATH\Controllers\home.php(172): App\Models\Homemodel->table_list_of_users()
 4 SYSTEMPATH\CodeIgniter.php(942): App\Controllers\Home->table_list_of_users()
 5 SYSTEMPATH\CodeIgniter.php(502): CodeIgniter\CodeIgniter->runController(Object(App\Controllers\Home))
 6 SYSTEMPATH\CodeIgniter.php(361): CodeIgniter\CodeIgniter->handleRequest(null, Object(Config\Cache), false)
 7 FCPATH\index.php(79): CodeIgniter\CodeIgniter->run()
INFO - 2024-04-08 17:06:54 --> Session: Class initialized using 'CodeIgniter\Session\Handlers\FileHandler' driver.
WARNING - 2024-04-08 17:06:54 --> Session: Sessions is enabled, and one exists. Please don't $session->start();
ERROR - 2024-04-08 17:06:54 --> mysqli_sql_exception: You have an error in your SQL syntax; check the manual that corresponds to your MariaDB server version for the right syntax to use near 'LIKE '%ds%' ESCAPE '!'
 )
 LIMIT 10' at line 5 in E:\xampp\htdocs\user_app\system\Database\MySQLi\Connection.php:306
Stack trace:
#0 E:\xampp\htdocs\user_app\system\Database\MySQLi\Connection.php(306): mysqli->query('SELECT *\nFROM `...', 0)
#1 E:\xampp\htdocs\user_app\system\Database\BaseConnection.php(693): CodeIgniter\Database\MySQLi\Connection->execute('SELECT *\nFROM `...')
#2 E:\xampp\htdocs\user_app\system\Database\BaseConnection.php(607): CodeIgniter\Database\BaseConnection->simpleQuery('SELECT *\nFROM `...')
#3 E:\xampp\htdocs\user_app\system\Database\BaseBuilder.php(1615): CodeIgniter\Database\BaseConnection->query('SELECT *\nFROM `...', Array, false)
#4 E:\xampp\htdocs\user_app\app\Models\homemodel.php(76): CodeIgniter\Database\BaseBuilder->get()
#5 E:\xampp\htdocs\user_app\app\Controllers\home.php(172): App\Models\Homemodel->table_list_of_users()
#6 E:\xampp\htdocs\user_app\system\CodeIgniter.php(942): App\Controllers\Home->table_list_of_users()
#7 E:\xampp\htdocs\user_app\system\CodeIgniter.php(502): CodeIgniter\CodeIgniter->runController(Object(App\Controllers\Home))
#8 E:\xampp\htdocs\user_app\system\CodeIgniter.php(361): CodeIgniter\CodeIgniter->handleRequest(NULL, Object(Config\Cache), false)
#9 E:\xampp\htdocs\user_app\index.php(79): CodeIgniter\CodeIgniter->run()
#10 {main}
CRITICAL - 2024-04-08 17:06:54 --> You have an error in your SQL syntax; check the manual that corresponds to your MariaDB server version for the right syntax to use near 'LIKE '%ds%' ESCAPE '!'
 )
 LIMIT 10' at line 5
in SYSTEMPATH\Database\BaseConnection.php on line 647.
 1 SYSTEMPATH\Database\BaseBuilder.php(1615): CodeIgniter\Database\BaseConnection->query('SELECT *
FROM `users` as `T1`
WHERE `T1`.`user_delete` = :T1.user_delete:
AND   (
 LIKE :: ESCAPE \'!\'
 )
 LIMIT 10', [...], false)
 2 APPPATH\Models\homemodel.php(76): CodeIgniter\Database\BaseBuilder->get()
 3 APPPATH\Controllers\home.php(172): App\Models\Homemodel->table_list_of_users()
 4 SYSTEMPATH\CodeIgniter.php(942): App\Controllers\Home->table_list_of_users()
 5 SYSTEMPATH\CodeIgniter.php(502): CodeIgniter\CodeIgniter->runController(Object(App\Controllers\Home))
 6 SYSTEMPATH\CodeIgniter.php(361): CodeIgniter\CodeIgniter->handleRequest(null, Object(Config\Cache), false)
 7 FCPATH\index.php(79): CodeIgniter\CodeIgniter->run()
INFO - 2024-04-08 17:07:40 --> Session: Class initialized using 'CodeIgniter\Session\Handlers\FileHandler' driver.
WARNING - 2024-04-08 17:07:40 --> Session: Sessions is enabled, and one exists. Please don't $session->start();
WARNING - 2024-04-08 17:07:40 --> Session: Sessions is enabled, and one exists. Please don't $session->start();
INFO - 2024-04-08 17:07:40 --> Session: Class initialized using 'CodeIgniter\Session\Handlers\FileHandler' driver.
WARNING - 2024-04-08 17:07:40 --> Session: Sessions is enabled, and one exists. Please don't $session->start();
INFO - 2024-04-08 17:07:41 --> Session: Class initialized using 'CodeIgniter\Session\Handlers\FileHandler' driver.
WARNING - 2024-04-08 17:07:41 --> Session: Sessions is enabled, and one exists. Please don't $session->start();
INFO - 2024-04-08 17:07:42 --> Session: Class initialized using 'CodeIgniter\Session\Handlers\FileHandler' driver.
WARNING - 2024-04-08 17:07:42 --> Session: Sessions is enabled, and one exists. Please don't $session->start();
ERROR - 2024-04-08 17:07:42 --> mysqli_sql_exception: Unknown column 'username' in 'where clause' in E:\xampp\htdocs\user_app\system\Database\MySQLi\Connection.php:306
Stack trace:
#0 E:\xampp\htdocs\user_app\system\Database\MySQLi\Connection.php(306): mysqli->query('SELECT *\nFROM `...', 0)
#1 E:\xampp\htdocs\user_app\system\Database\BaseConnection.php(693): CodeIgniter\Database\MySQLi\Connection->execute('SELECT *\nFROM `...')
#2 E:\xampp\htdocs\user_app\system\Database\BaseConnection.php(607): CodeIgniter\Database\BaseConnection->simpleQuery('SELECT *\nFROM `...')
#3 E:\xampp\htdocs\user_app\system\Database\BaseBuilder.php(1615): CodeIgniter\Database\BaseConnection->query('SELECT *\nFROM `...', Array, false)
#4 E:\xampp\htdocs\user_app\app\Models\homemodel.php(54): CodeIgniter\Database\BaseBuilder->get()
#5 E:\xampp\htdocs\user_app\app\Controllers\home.php(172): App\Models\Homemodel->table_list_of_users()
#6 E:\xampp\htdocs\user_app\system\CodeIgniter.php(942): App\Controllers\Home->table_list_of_users()
#7 E:\xampp\htdocs\user_app\system\CodeIgniter.php(502): CodeIgniter\CodeIgniter->runController(Object(App\Controllers\Home))
#8 E:\xampp\htdocs\user_app\system\CodeIgniter.php(361): CodeIgniter\CodeIgniter->handleRequest(NULL, Object(Config\Cache), false)
#9 E:\xampp\htdocs\user_app\index.php(79): CodeIgniter\CodeIgniter->run()
#10 {main}
CRITICAL - 2024-04-08 17:07:42 --> Unknown column 'username' in 'where clause'
in SYSTEMPATH\Database\BaseConnection.php on line 647.
 1 SYSTEMPATH\Database\BaseBuilder.php(1615): CodeIgniter\Database\BaseConnection->query('SELECT *
FROM `users` as `T1`
WHERE `T1`.`user_delete` = :T1.user_delete:
AND   (
`name` LIKE :name: ESCAPE \'!\'
OR  `username` LIKE :username: ESCAPE \'!\'
 )
 LIMIT 10', [...], false)
 2 APPPATH\Models\homemodel.php(54): CodeIgniter\Database\BaseBuilder->get()
 3 APPPATH\Controllers\home.php(172): App\Models\Homemodel->table_list_of_users()
 4 SYSTEMPATH\CodeIgniter.php(942): App\Controllers\Home->table_list_of_users()
 5 SYSTEMPATH\CodeIgniter.php(502): CodeIgniter\CodeIgniter->runController(Object(App\Controllers\Home))
 6 SYSTEMPATH\CodeIgniter.php(361): CodeIgniter\CodeIgniter->handleRequest(null, Object(Config\Cache), false)
 7 FCPATH\index.php(79): CodeIgniter\CodeIgniter->run()
INFO - 2024-04-08 17:08:00 --> Session: Class initialized using 'CodeIgniter\Session\Handlers\FileHandler' driver.
WARNING - 2024-04-08 17:08:00 --> Session: Sessions is enabled, and one exists. Please don't $session->start();
ERROR - 2024-04-08 17:08:00 --> mysqli_sql_exception: Unknown column 'username' in 'where clause' in E:\xampp\htdocs\user_app\system\Database\MySQLi\Connection.php:306
Stack trace:
#0 E:\xampp\htdocs\user_app\system\Database\MySQLi\Connection.php(306): mysqli->query('SELECT *\nFROM `...', 0)
#1 E:\xampp\htdocs\user_app\system\Database\BaseConnection.php(693): CodeIgniter\Database\MySQLi\Connection->execute('SELECT *\nFROM `...')
#2 E:\xampp\htdocs\user_app\system\Database\BaseConnection.php(607): CodeIgniter\Database\BaseConnection->simpleQuery('SELECT *\nFROM `...')
#3 E:\xampp\htdocs\user_app\system\Database\BaseBuilder.php(1615): CodeIgniter\Database\BaseConnection->query('SELECT *\nFROM `...', Array, false)
#4 E:\xampp\htdocs\user_app\app\Models\homemodel.php(54): CodeIgniter\Database\BaseBuilder->get()
#5 E:\xampp\htdocs\user_app\app\Controllers\home.php(172): App\Models\Homemodel->table_list_of_users()
#6 E:\xampp\htdocs\user_app\system\CodeIgniter.php(942): App\Controllers\Home->table_list_of_users()
#7 E:\xampp\htdocs\user_app\system\CodeIgniter.php(502): CodeIgniter\CodeIgniter->runController(Object(App\Controllers\Home))
#8 E:\xampp\htdocs\user_app\system\CodeIgniter.php(361): CodeIgniter\CodeIgniter->handleRequest(NULL, Object(Config\Cache), false)
#9 E:\xampp\htdocs\user_app\index.php(79): CodeIgniter\CodeIgniter->run()
#10 {main}
CRITICAL - 2024-04-08 17:08:00 --> Unknown column 'username' in 'where clause'
in SYSTEMPATH\Database\BaseConnection.php on line 647.
 1 SYSTEMPATH\Database\BaseBuilder.php(1615): CodeIgniter\Database\BaseConnection->query('SELECT *
FROM `users` as `T1`
WHERE `T1`.`user_delete` = :T1.user_delete:
AND   (
`name` LIKE :name: ESCAPE \'!\'
OR  `username` LIKE :username: ESCAPE \'!\'
 )
 LIMIT 10', [...], false)
 2 APPPATH\Models\homemodel.php(54): CodeIgniter\Database\BaseBuilder->get()
 3 APPPATH\Controllers\home.php(172): App\Models\Homemodel->table_list_of_users()
 4 SYSTEMPATH\CodeIgniter.php(942): App\Controllers\Home->table_list_of_users()
 5 SYSTEMPATH\CodeIgniter.php(502): CodeIgniter\CodeIgniter->runController(Object(App\Controllers\Home))
 6 SYSTEMPATH\CodeIgniter.php(361): CodeIgniter\CodeIgniter->handleRequest(null, Object(Config\Cache), false)
 7 FCPATH\index.php(79): CodeIgniter\CodeIgniter->run()
