INFO - 2023-12-06 05:44:01 --> Session: Class initialized using 'CodeIgniter\Session\Handlers\FileHandler' driver.
WARNING - 2023-12-06 05:44:01 --> Session: Sessions is enabled, and one exists. Please don't $session->start();
INFO - 2023-12-06 05:44:17 --> Session: Class initialized using 'CodeIgniter\Session\Handlers\FileHandler' driver.
WARNING - 2023-12-06 05:44:17 --> Session: Sessions is enabled, and one exists. Please don't $session->start();
INFO - 2023-12-06 05:44:17 --> Session: Class initialized using 'CodeIgniter\Session\Handlers\FileHandler' driver.
WARNING - 2023-12-06 05:44:17 --> Session: Sessions is enabled, and one exists. Please don't $session->start();
WARNING - 2023-12-06 05:44:17 --> Session: Sessions is enabled, and one exists. Please don't $session->start();
INFO - 2023-12-06 06:21:10 --> Session: Class initialized using 'CodeIgniter\Session\Handlers\FileHandler' driver.
WARNING - 2023-12-06 06:21:10 --> Session: Sessions is enabled, and one exists. Please don't $session->start();
WARNING - 2023-12-06 06:21:10 --> Session: Sessions is enabled, and one exists. Please don't $session->start();
INFO - 2023-12-06 06:21:14 --> Session: Class initialized using 'CodeIgniter\Session\Handlers\FileHandler' driver.
WARNING - 2023-12-06 06:21:14 --> Session: Sessions is enabled, and one exists. Please don't $session->start();
INFO - 2023-12-06 06:21:15 --> Session: Class initialized using 'CodeIgniter\Session\Handlers\FileHandler' driver.
WARNING - 2023-12-06 06:21:15 --> Session: Sessions is enabled, and one exists. Please don't $session->start();
INFO - 2023-12-06 06:21:22 --> Session: Class initialized using 'CodeIgniter\Session\Handlers\FileHandler' driver.
WARNING - 2023-12-06 06:21:22 --> Session: Sessions is enabled, and one exists. Please don't $session->start();
INFO - 2023-12-06 06:21:22 --> Session: Class initialized using 'CodeIgniter\Session\Handlers\FileHandler' driver.
WARNING - 2023-12-06 06:21:22 --> Session: Sessions is enabled, and one exists. Please don't $session->start();
WARNING - 2023-12-06 06:21:22 --> Session: Sessions is enabled, and one exists. Please don't $session->start();
INFO - 2023-12-06 06:26:25 --> Session: Class initialized using 'CodeIgniter\Session\Handlers\FileHandler' driver.
WARNING - 2023-12-06 06:26:25 --> Session: Sessions is enabled, and one exists. Please don't $session->start();
WARNING - 2023-12-06 06:26:25 --> Session: Sessions is enabled, and one exists. Please don't $session->start();
INFO - 2023-12-06 06:26:28 --> Session: Class initialized using 'CodeIgniter\Session\Handlers\FileHandler' driver.
WARNING - 2023-12-06 06:26:28 --> Session: Sessions is enabled, and one exists. Please don't $session->start();
INFO - 2023-12-06 06:26:28 --> Session: Class initialized using 'CodeIgniter\Session\Handlers\FileHandler' driver.
WARNING - 2023-12-06 06:26:28 --> Session: Sessions is enabled, and one exists. Please don't $session->start();
INFO - 2023-12-06 06:26:34 --> Session: Class initialized using 'CodeIgniter\Session\Handlers\FileHandler' driver.
WARNING - 2023-12-06 06:26:34 --> Session: Sessions is enabled, and one exists. Please don't $session->start();
CRITICAL - 2023-12-06 06:26:34 --> Call to undefined method App\Models\UserModel::fetchData
in SYSTEMPATH\Model.php on line 873.
 1 APPPATH\Controllers\Home.php(30): CodeIgniter\Model->__call('fetchData', [...])
 2 SYSTEMPATH\CodeIgniter.php(942): App\Controllers\Home->login()
 3 SYSTEMPATH\CodeIgniter.php(502): CodeIgniter\CodeIgniter->runController(Object(App\Controllers\Home))
 4 SYSTEMPATH\CodeIgniter.php(361): CodeIgniter\CodeIgniter->handleRequest(null, Object(Config\Cache), false)
 5 FCPATH\index.php(79): CodeIgniter\CodeIgniter->run()
INFO - 2023-12-06 06:29:24 --> Session: Class initialized using 'CodeIgniter\Session\Handlers\FileHandler' driver.
WARNING - 2023-12-06 06:29:24 --> Session: Sessions is enabled, and one exists. Please don't $session->start();
CRITICAL - 2023-12-06 06:29:24 --> Call to undefined method CodeIgniter\Database\MySQLi\Connection::select()
in APPPATH\Models\UserModel.php on line 11.
 1 APPPATH\Controllers\Home.php(30): App\Models\UserModel->fetchData('employee_personal', [...])
 2 SYSTEMPATH\CodeIgniter.php(942): App\Controllers\Home->login()
 3 SYSTEMPATH\CodeIgniter.php(502): CodeIgniter\CodeIgniter->runController(Object(App\Controllers\Home))
 4 SYSTEMPATH\CodeIgniter.php(361): CodeIgniter\CodeIgniter->handleRequest(null, Object(Config\Cache), false)
 5 FCPATH\index.php(79): CodeIgniter\CodeIgniter->run()
INFO - 2023-12-06 06:39:38 --> Session: Class initialized using 'CodeIgniter\Session\Handlers\FileHandler' driver.
WARNING - 2023-12-06 06:39:38 --> Session: Sessions is enabled, and one exists. Please don't $session->start();
CRITICAL - 2023-12-06 06:39:39 --> You must set the database table to be used with your query.
in SYSTEMPATH\Database\BaseConnection.php on line 884.
 1 APPPATH\Models\UserModel.php(11): CodeIgniter\Database\BaseConnection->table(null)
 2 APPPATH\Controllers\Home.php(30): App\Models\UserModel->fetchData('employee_personal', [...])
 3 SYSTEMPATH\CodeIgniter.php(942): App\Controllers\Home->login()
 4 SYSTEMPATH\CodeIgniter.php(502): CodeIgniter\CodeIgniter->runController(Object(App\Controllers\Home))
 5 SYSTEMPATH\CodeIgniter.php(361): CodeIgniter\CodeIgniter->handleRequest(null, Object(Config\Cache), false)
 6 FCPATH\index.php(79): CodeIgniter\CodeIgniter->run()
INFO - 2023-12-06 06:40:49 --> Session: Class initialized using 'CodeIgniter\Session\Handlers\FileHandler' driver.
WARNING - 2023-12-06 06:40:49 --> Session: Sessions is enabled, and one exists. Please don't $session->start();
INFO - 2023-12-06 06:41:44 --> Session: Class initialized using 'CodeIgniter\Session\Handlers\FileHandler' driver.
WARNING - 2023-12-06 06:41:44 --> Session: Sessions is enabled, and one exists. Please don't $session->start();
INFO - 2023-12-06 06:41:49 --> Session: Class initialized using 'CodeIgniter\Session\Handlers\FileHandler' driver.
WARNING - 2023-12-06 06:41:49 --> Session: Sessions is enabled, and one exists. Please don't $session->start();
INFO - 2023-12-06 06:42:41 --> Session: Class initialized using 'CodeIgniter\Session\Handlers\FileHandler' driver.
WARNING - 2023-12-06 06:42:41 --> Session: Sessions is enabled, and one exists. Please don't $session->start();
CRITICAL - 2023-12-06 06:42:41 --> Trying to get property 'emp_pass' of non-object
in APPPATH\Controllers\Home.php on line 33.
 1 APPPATH\Controllers\Home.php(33): CodeIgniter\Debug\Exceptions->errorHandler(8, 'Trying to get property \'emp_pass\' of non-object', 'D:\\xampp\\htdocs\\idea\\app\\Controllers\\Home.php', 33, [...])
 2 SYSTEMPATH\CodeIgniter.php(942): App\Controllers\Home->login()
 3 SYSTEMPATH\CodeIgniter.php(502): CodeIgniter\CodeIgniter->runController(Object(App\Controllers\Home))
 4 SYSTEMPATH\CodeIgniter.php(361): CodeIgniter\CodeIgniter->handleRequest(null, Object(Config\Cache), false)
 5 FCPATH\index.php(79): CodeIgniter\CodeIgniter->run()
INFO - 2023-12-06 06:43:06 --> Session: Class initialized using 'CodeIgniter\Session\Handlers\FileHandler' driver.
WARNING - 2023-12-06 06:43:06 --> Session: Sessions is enabled, and one exists. Please don't $session->start();
CRITICAL - 2023-12-06 06:43:06 --> Call to undefined method CodeIgniter\Database\MySQLi\Result::Result()
in APPPATH\Models\UserModel.php on line 11.
 1 APPPATH\Controllers\Home.php(31): App\Models\UserModel->fetchData('employee_personal', [...])
 2 SYSTEMPATH\CodeIgniter.php(942): App\Controllers\Home->login()
 3 SYSTEMPATH\CodeIgniter.php(502): CodeIgniter\CodeIgniter->runController(Object(App\Controllers\Home))
 4 SYSTEMPATH\CodeIgniter.php(361): CodeIgniter\CodeIgniter->handleRequest(null, Object(Config\Cache), false)
 5 FCPATH\index.php(79): CodeIgniter\CodeIgniter->run()
INFO - 2023-12-06 06:43:37 --> Session: Class initialized using 'CodeIgniter\Session\Handlers\FileHandler' driver.
WARNING - 2023-12-06 06:43:37 --> Session: Sessions is enabled, and one exists. Please don't $session->start();
CRITICAL - 2023-12-06 06:43:37 --> Undefined index: emp_pass
in APPPATH\Controllers\Home.php on line 33.
 1 APPPATH\Controllers\Home.php(33): CodeIgniter\Debug\Exceptions->errorHandler(8, 'Undefined index: emp_pass', 'D:\\xampp\\htdocs\\idea\\app\\Controllers\\Home.php', 33, [...])
 2 SYSTEMPATH\CodeIgniter.php(942): App\Controllers\Home->login()
 3 SYSTEMPATH\CodeIgniter.php(502): CodeIgniter\CodeIgniter->runController(Object(App\Controllers\Home))
 4 SYSTEMPATH\CodeIgniter.php(361): CodeIgniter\CodeIgniter->handleRequest(null, Object(Config\Cache), false)
 5 FCPATH\index.php(79): CodeIgniter\CodeIgniter->run()
INFO - 2023-12-06 06:43:58 --> Session: Class initialized using 'CodeIgniter\Session\Handlers\FileHandler' driver.
WARNING - 2023-12-06 06:43:58 --> Session: Sessions is enabled, and one exists. Please don't $session->start();
CRITICAL - 2023-12-06 06:43:58 --> Cannot use object of type stdClass as array
in APPPATH\Controllers\Home.php on line 33.
 1 SYSTEMPATH\CodeIgniter.php(942): App\Controllers\Home->login()
 2 SYSTEMPATH\CodeIgniter.php(502): CodeIgniter\CodeIgniter->runController(Object(App\Controllers\Home))
 3 SYSTEMPATH\CodeIgniter.php(361): CodeIgniter\CodeIgniter->handleRequest(null, Object(Config\Cache), false)
 4 FCPATH\index.php(79): CodeIgniter\CodeIgniter->run()
INFO - 2023-12-06 06:44:15 --> Session: Class initialized using 'CodeIgniter\Session\Handlers\FileHandler' driver.
WARNING - 2023-12-06 06:44:15 --> Session: Sessions is enabled, and one exists. Please don't $session->start();
INFO - 2023-12-06 06:47:01 --> Session: Class initialized using 'CodeIgniter\Session\Handlers\FileHandler' driver.
WARNING - 2023-12-06 06:47:01 --> Session: Sessions is enabled, and one exists. Please don't $session->start();
CRITICAL - 2023-12-06 06:47:01 --> Call to undefined method CodeIgniter\Database\MySQLi\Result::row()
in APPPATH\Models\UserModel.php on line 11.
 1 APPPATH\Controllers\Home.php(31): App\Models\UserModel->fetchData('employee_personal', [...])
 2 SYSTEMPATH\CodeIgniter.php(942): App\Controllers\Home->login()
 3 SYSTEMPATH\CodeIgniter.php(502): CodeIgniter\CodeIgniter->runController(Object(App\Controllers\Home))
 4 SYSTEMPATH\CodeIgniter.php(361): CodeIgniter\CodeIgniter->handleRequest(null, Object(Config\Cache), false)
 5 FCPATH\index.php(79): CodeIgniter\CodeIgniter->run()
INFO - 2023-12-06 06:50:12 --> Session: Class initialized using 'CodeIgniter\Session\Handlers\FileHandler' driver.
WARNING - 2023-12-06 06:50:12 --> Session: Sessions is enabled, and one exists. Please don't $session->start();
INFO - 2023-12-06 06:51:01 --> Session: Class initialized using 'CodeIgniter\Session\Handlers\FileHandler' driver.
WARNING - 2023-12-06 06:51:01 --> Session: Sessions is enabled, and one exists. Please don't $session->start();
WARNING - 2023-12-06 06:51:01 --> Session: Sessions is enabled, and one exists. Please don't $session->start();
INFO - 2023-12-06 06:52:16 --> Session: Class initialized using 'CodeIgniter\Session\Handlers\FileHandler' driver.
WARNING - 2023-12-06 06:52:16 --> Session: Sessions is enabled, and one exists. Please don't $session->start();
CRITICAL - 2023-12-06 06:52:16 --> Call to undefined method CodeIgniter\Database\MySQLi\Result::row()
in APPPATH\Models\UserModel.php on line 11.
 1 APPPATH\Controllers\Home.php(31): App\Models\UserModel->fetchData('employee_personal', [...])
 2 SYSTEMPATH\CodeIgniter.php(942): App\Controllers\Home->login()
 3 SYSTEMPATH\CodeIgniter.php(502): CodeIgniter\CodeIgniter->runController(Object(App\Controllers\Home))
 4 SYSTEMPATH\CodeIgniter.php(361): CodeIgniter\CodeIgniter->handleRequest(null, Object(Config\Cache), false)
 5 FCPATH\index.php(79): CodeIgniter\CodeIgniter->run()
INFO - 2023-12-06 06:52:47 --> Session: Class initialized using 'CodeIgniter\Session\Handlers\FileHandler' driver.
WARNING - 2023-12-06 06:52:47 --> Session: Sessions is enabled, and one exists. Please don't $session->start();
CRITICAL - 2023-12-06 06:52:47 --> Call to undefined method CodeIgniter\Database\MySQLi\Result::result()
in APPPATH\Models\UserModel.php on line 11.
 1 APPPATH\Controllers\Home.php(31): App\Models\UserModel->fetchData('employee_personal', [...])
 2 SYSTEMPATH\CodeIgniter.php(942): App\Controllers\Home->login()
 3 SYSTEMPATH\CodeIgniter.php(502): CodeIgniter\CodeIgniter->runController(Object(App\Controllers\Home))
 4 SYSTEMPATH\CodeIgniter.php(361): CodeIgniter\CodeIgniter->handleRequest(null, Object(Config\Cache), false)
 5 FCPATH\index.php(79): CodeIgniter\CodeIgniter->run()
INFO - 2023-12-06 06:53:00 --> Session: Class initialized using 'CodeIgniter\Session\Handlers\FileHandler' driver.
WARNING - 2023-12-06 06:53:00 --> Session: Sessions is enabled, and one exists. Please don't $session->start();
INFO - 2023-12-06 06:53:13 --> Session: Class initialized using 'CodeIgniter\Session\Handlers\FileHandler' driver.
WARNING - 2023-12-06 06:53:13 --> Session: Sessions is enabled, and one exists. Please don't $session->start();
INFO - 2023-12-06 06:53:55 --> Session: Class initialized using 'CodeIgniter\Session\Handlers\FileHandler' driver.
WARNING - 2023-12-06 06:53:55 --> Session: Sessions is enabled, and one exists. Please don't $session->start();
INFO - 2023-12-06 06:57:18 --> Session: Class initialized using 'CodeIgniter\Session\Handlers\FileHandler' driver.
WARNING - 2023-12-06 06:57:18 --> Session: Sessions is enabled, and one exists. Please don't $session->start();
CRITICAL - 2023-12-06 06:57:18 --> Cannot use object of type stdClass as array
in APPPATH\Controllers\Home.php on line 38.
 1 SYSTEMPATH\CodeIgniter.php(942): App\Controllers\Home->login()
 2 SYSTEMPATH\CodeIgniter.php(502): CodeIgniter\CodeIgniter->runController(Object(App\Controllers\Home))
 3 SYSTEMPATH\CodeIgniter.php(361): CodeIgniter\CodeIgniter->handleRequest(null, Object(Config\Cache), false)
 4 FCPATH\index.php(79): CodeIgniter\CodeIgniter->run()
INFO - 2023-12-06 06:58:00 --> Session: Class initialized using 'CodeIgniter\Session\Handlers\FileHandler' driver.
WARNING - 2023-12-06 06:58:00 --> Session: Sessions is enabled, and one exists. Please don't $session->start();
INFO - 2023-12-06 06:58:01 --> Session: Class initialized using 'CodeIgniter\Session\Handlers\FileHandler' driver.
WARNING - 2023-12-06 06:58:01 --> Session: Sessions is enabled, and one exists. Please don't $session->start();
WARNING - 2023-12-06 06:58:01 --> Session: Sessions is enabled, and one exists. Please don't $session->start();
INFO - 2023-12-06 06:58:05 --> Session: Class initialized using 'CodeIgniter\Session\Handlers\FileHandler' driver.
WARNING - 2023-12-06 06:58:05 --> Session: Sessions is enabled, and one exists. Please don't $session->start();
INFO - 2023-12-06 06:58:06 --> Session: Class initialized using 'CodeIgniter\Session\Handlers\FileHandler' driver.
WARNING - 2023-12-06 06:58:06 --> Session: Sessions is enabled, and one exists. Please don't $session->start();
INFO - 2023-12-06 06:58:55 --> Session: Class initialized using 'CodeIgniter\Session\Handlers\FileHandler' driver.
WARNING - 2023-12-06 06:58:55 --> Session: Sessions is enabled, and one exists. Please don't $session->start();
INFO - 2023-12-06 06:58:55 --> Session: Class initialized using 'CodeIgniter\Session\Handlers\FileHandler' driver.
WARNING - 2023-12-06 06:58:55 --> Session: Sessions is enabled, and one exists. Please don't $session->start();
INFO - 2023-12-06 06:59:55 --> Session: Class initialized using 'CodeIgniter\Session\Handlers\FileHandler' driver.
WARNING - 2023-12-06 06:59:55 --> Session: Sessions is enabled, and one exists. Please don't $session->start();
INFO - 2023-12-06 07:00:02 --> Session: Class initialized using 'CodeIgniter\Session\Handlers\FileHandler' driver.
WARNING - 2023-12-06 07:00:02 --> Session: Sessions is enabled, and one exists. Please don't $session->start();
INFO - 2023-12-06 07:00:02 --> Session: Class initialized using 'CodeIgniter\Session\Handlers\FileHandler' driver.
WARNING - 2023-12-06 07:00:02 --> Session: Sessions is enabled, and one exists. Please don't $session->start();
WARNING - 2023-12-06 07:00:02 --> Session: Sessions is enabled, and one exists. Please don't $session->start();
INFO - 2023-12-06 07:00:06 --> Session: Class initialized using 'CodeIgniter\Session\Handlers\FileHandler' driver.
WARNING - 2023-12-06 07:00:06 --> Session: Sessions is enabled, and one exists. Please don't $session->start();
INFO - 2023-12-06 07:00:06 --> Session: Class initialized using 'CodeIgniter\Session\Handlers\FileHandler' driver.
WARNING - 2023-12-06 07:00:06 --> Session: Sessions is enabled, and one exists. Please don't $session->start();
INFO - 2023-12-06 07:00:45 --> Session: Class initialized using 'CodeIgniter\Session\Handlers\FileHandler' driver.
WARNING - 2023-12-06 07:00:45 --> Session: Sessions is enabled, and one exists. Please don't $session->start();
INFO - 2023-12-06 07:00:54 --> Session: Class initialized using 'CodeIgniter\Session\Handlers\FileHandler' driver.
WARNING - 2023-12-06 07:00:54 --> Session: Sessions is enabled, and one exists. Please don't $session->start();
INFO - 2023-12-06 07:00:54 --> Session: Class initialized using 'CodeIgniter\Session\Handlers\FileHandler' driver.
WARNING - 2023-12-06 07:00:54 --> Session: Sessions is enabled, and one exists. Please don't $session->start();
INFO - 2023-12-06 07:01:01 --> Session: Class initialized using 'CodeIgniter\Session\Handlers\FileHandler' driver.
WARNING - 2023-12-06 07:01:01 --> Session: Sessions is enabled, and one exists. Please don't $session->start();
INFO - 2023-12-06 07:01:01 --> Session: Class initialized using 'CodeIgniter\Session\Handlers\FileHandler' driver.
WARNING - 2023-12-06 07:01:01 --> Session: Sessions is enabled, and one exists. Please don't $session->start();
INFO - 2023-12-06 07:01:09 --> Session: Class initialized using 'CodeIgniter\Session\Handlers\FileHandler' driver.
WARNING - 2023-12-06 07:01:09 --> Session: Sessions is enabled, and one exists. Please don't $session->start();
INFO - 2023-12-06 07:01:09 --> Session: Class initialized using 'CodeIgniter\Session\Handlers\FileHandler' driver.
WARNING - 2023-12-06 07:01:09 --> Session: Sessions is enabled, and one exists. Please don't $session->start();
WARNING - 2023-12-06 07:01:09 --> Session: Sessions is enabled, and one exists. Please don't $session->start();
INFO - 2023-12-06 07:01:12 --> Session: Class initialized using 'CodeIgniter\Session\Handlers\FileHandler' driver.
WARNING - 2023-12-06 07:01:12 --> Session: Sessions is enabled, and one exists. Please don't $session->start();
WARNING - 2023-12-06 07:01:12 --> Session: Sessions is enabled, and one exists. Please don't $session->start();
INFO - 2023-12-06 07:02:09 --> Session: Class initialized using 'CodeIgniter\Session\Handlers\FileHandler' driver.
WARNING - 2023-12-06 07:02:09 --> Session: Sessions is enabled, and one exists. Please don't $session->start();
WARNING - 2023-12-06 07:02:09 --> Session: Sessions is enabled, and one exists. Please don't $session->start();
INFO - 2023-12-06 07:06:14 --> Session: Class initialized using 'CodeIgniter\Session\Handlers\FileHandler' driver.
WARNING - 2023-12-06 07:06:14 --> Session: Sessions is enabled, and one exists. Please don't $session->start();
INFO - 2023-12-06 07:06:14 --> Session: Class initialized using 'CodeIgniter\Session\Handlers\FileHandler' driver.
WARNING - 2023-12-06 07:06:14 --> Session: Sessions is enabled, and one exists. Please don't $session->start();
INFO - 2023-12-06 07:06:16 --> Session: Class initialized using 'CodeIgniter\Session\Handlers\FileHandler' driver.
WARNING - 2023-12-06 07:06:16 --> Session: Sessions is enabled, and one exists. Please don't $session->start();
INFO - 2023-12-06 07:06:16 --> Session: Class initialized using 'CodeIgniter\Session\Handlers\FileHandler' driver.
WARNING - 2023-12-06 07:06:16 --> Session: Sessions is enabled, and one exists. Please don't $session->start();
INFO - 2023-12-06 07:06:19 --> Session: Class initialized using 'CodeIgniter\Session\Handlers\FileHandler' driver.
WARNING - 2023-12-06 07:06:19 --> Session: Sessions is enabled, and one exists. Please don't $session->start();
INFO - 2023-12-06 07:06:20 --> Session: Class initialized using 'CodeIgniter\Session\Handlers\FileHandler' driver.
WARNING - 2023-12-06 07:06:20 --> Session: Sessions is enabled, and one exists. Please don't $session->start();
INFO - 2023-12-06 07:07:33 --> Session: Class initialized using 'CodeIgniter\Session\Handlers\FileHandler' driver.
WARNING - 2023-12-06 07:07:33 --> Session: Sessions is enabled, and one exists. Please don't $session->start();
WARNING - 2023-12-06 07:07:33 --> Session: Sessions is enabled, and one exists. Please don't $session->start();
INFO - 2023-12-06 07:07:37 --> Session: Class initialized using 'CodeIgniter\Session\Handlers\FileHandler' driver.
WARNING - 2023-12-06 07:07:37 --> Session: Sessions is enabled, and one exists. Please don't $session->start();
INFO - 2023-12-06 07:07:40 --> Session: Class initialized using 'CodeIgniter\Session\Handlers\FileHandler' driver.
WARNING - 2023-12-06 07:07:40 --> Session: Sessions is enabled, and one exists. Please don't $session->start();
WARNING - 2023-12-06 07:07:40 --> Session: Sessions is enabled, and one exists. Please don't $session->start();
INFO - 2023-12-06 07:07:54 --> Session: Class initialized using 'CodeIgniter\Session\Handlers\FileHandler' driver.
WARNING - 2023-12-06 07:07:54 --> Session: Sessions is enabled, and one exists. Please don't $session->start();
INFO - 2023-12-06 07:07:59 --> Session: Class initialized using 'CodeIgniter\Session\Handlers\FileHandler' driver.
WARNING - 2023-12-06 07:07:59 --> Session: Sessions is enabled, and one exists. Please don't $session->start();
WARNING - 2023-12-06 07:07:59 --> Session: Sessions is enabled, and one exists. Please don't $session->start();
INFO - 2023-12-06 07:08:01 --> Session: Class initialized using 'CodeIgniter\Session\Handlers\FileHandler' driver.
WARNING - 2023-12-06 07:08:01 --> Session: Sessions is enabled, and one exists. Please don't $session->start();
INFO - 2023-12-06 07:08:31 --> Session: Class initialized using 'CodeIgniter\Session\Handlers\FileHandler' driver.
WARNING - 2023-12-06 07:08:31 --> Session: Sessions is enabled, and one exists. Please don't $session->start();
INFO - 2023-12-06 07:08:35 --> Session: Class initialized using 'CodeIgniter\Session\Handlers\FileHandler' driver.
WARNING - 2023-12-06 07:08:35 --> Session: Sessions is enabled, and one exists. Please don't $session->start();
WARNING - 2023-12-06 07:08:35 --> Session: Sessions is enabled, and one exists. Please don't $session->start();
INFO - 2023-12-06 07:08:37 --> Session: Class initialized using 'CodeIgniter\Session\Handlers\FileHandler' driver.
WARNING - 2023-12-06 07:08:37 --> Session: Sessions is enabled, and one exists. Please don't $session->start();
INFO - 2023-12-06 07:08:39 --> Session: Class initialized using 'CodeIgniter\Session\Handlers\FileHandler' driver.
WARNING - 2023-12-06 07:08:39 --> Session: Sessions is enabled, and one exists. Please don't $session->start();
INFO - 2023-12-06 07:08:44 --> Session: Class initialized using 'CodeIgniter\Session\Handlers\FileHandler' driver.
WARNING - 2023-12-06 07:08:44 --> Session: Sessions is enabled, and one exists. Please don't $session->start();
INFO - 2023-12-06 07:08:45 --> Session: Class initialized using 'CodeIgniter\Session\Handlers\FileHandler' driver.
WARNING - 2023-12-06 07:08:45 --> Session: Sessions is enabled, and one exists. Please don't $session->start();
INFO - 2023-12-06 07:08:47 --> Session: Class initialized using 'CodeIgniter\Session\Handlers\FileHandler' driver.
WARNING - 2023-12-06 07:08:47 --> Session: Sessions is enabled, and one exists. Please don't $session->start();
INFO - 2023-12-06 07:10:15 --> Session: Class initialized using 'CodeIgniter\Session\Handlers\FileHandler' driver.
WARNING - 2023-12-06 07:10:15 --> Session: Sessions is enabled, and one exists. Please don't $session->start();
INFO - 2023-12-06 07:10:15 --> Session: Class initialized using 'CodeIgniter\Session\Handlers\FileHandler' driver.
WARNING - 2023-12-06 07:10:15 --> Session: Sessions is enabled, and one exists. Please don't $session->start();
INFO - 2023-12-06 07:10:16 --> Session: Class initialized using 'CodeIgniter\Session\Handlers\FileHandler' driver.
WARNING - 2023-12-06 07:10:16 --> Session: Sessions is enabled, and one exists. Please don't $session->start();
INFO - 2023-12-06 07:10:17 --> Session: Class initialized using 'CodeIgniter\Session\Handlers\FileHandler' driver.
WARNING - 2023-12-06 07:10:17 --> Session: Sessions is enabled, and one exists. Please don't $session->start();
INFO - 2023-12-06 07:10:21 --> Session: Class initialized using 'CodeIgniter\Session\Handlers\FileHandler' driver.
WARNING - 2023-12-06 07:10:21 --> Session: Sessions is enabled, and one exists. Please don't $session->start();
WARNING - 2023-12-06 07:10:21 --> Session: Sessions is enabled, and one exists. Please don't $session->start();
INFO - 2023-12-06 07:11:18 --> Session: Class initialized using 'CodeIgniter\Session\Handlers\FileHandler' driver.
WARNING - 2023-12-06 07:11:18 --> Session: Sessions is enabled, and one exists. Please don't $session->start();
WARNING - 2023-12-06 07:11:18 --> Session: Sessions is enabled, and one exists. Please don't $session->start();
CRITICAL - 2023-12-06 07:11:18 --> Undefined variable: emp_id
in APPPATH\Views\dashboard.php on line 17.
 1 APPPATH\Views\dashboard.php(17): CodeIgniter\Debug\Exceptions->errorHandler(8, 'Undefined variable: emp_id', 'D:\\xampp\\htdocs\\idea\\app\\Views\\dashboard.php', 17, [])
 2 SYSTEMPATH\View\View.php(228): include('D:\\xampp\\htdocs\\idea\\app\\Views\\dashboard.php')
 3 SYSTEMPATH\View\View.php(231): CodeIgniter\View\View->CodeIgniter\View\{closure}()
 4 SYSTEMPATH\Common.php(1190): CodeIgniter\View\View->render('dashboard', [], true)
 5 APPPATH\Controllers\Home.php(59): view('dashboard')
 6 SYSTEMPATH\CodeIgniter.php(942): App\Controllers\Home->dashboard()
 7 SYSTEMPATH\CodeIgniter.php(502): CodeIgniter\CodeIgniter->runController(Object(App\Controllers\Home))
 8 SYSTEMPATH\CodeIgniter.php(361): CodeIgniter\CodeIgniter->handleRequest(null, Object(Config\Cache), false)
 9 FCPATH\index.php(79): CodeIgniter\CodeIgniter->run()
INFO - 2023-12-06 07:11:47 --> Session: Class initialized using 'CodeIgniter\Session\Handlers\FileHandler' driver.
WARNING - 2023-12-06 07:11:47 --> Session: Sessions is enabled, and one exists. Please don't $session->start();
WARNING - 2023-12-06 07:11:47 --> Session: Sessions is enabled, and one exists. Please don't $session->start();
CRITICAL - 2023-12-06 07:11:47 --> Undefined variable: emp_id
in APPPATH\Views\dashboard.php on line 17.
 1 APPPATH\Views\dashboard.php(17): CodeIgniter\Debug\Exceptions->errorHandler(8, 'Undefined variable: emp_id', 'D:\\xampp\\htdocs\\idea\\app\\Views\\dashboard.php', 17, [])
 2 SYSTEMPATH\View\View.php(228): include('D:\\xampp\\htdocs\\idea\\app\\Views\\dashboard.php')
 3 SYSTEMPATH\View\View.php(231): CodeIgniter\View\View->CodeIgniter\View\{closure}()
 4 SYSTEMPATH\Common.php(1190): CodeIgniter\View\View->render('dashboard', [], true)
 5 APPPATH\Controllers\Home.php(59): view('dashboard')
 6 SYSTEMPATH\CodeIgniter.php(942): App\Controllers\Home->dashboard()
 7 SYSTEMPATH\CodeIgniter.php(502): CodeIgniter\CodeIgniter->runController(Object(App\Controllers\Home))
 8 SYSTEMPATH\CodeIgniter.php(361): CodeIgniter\CodeIgniter->handleRequest(null, Object(Config\Cache), false)
 9 FCPATH\index.php(79): CodeIgniter\CodeIgniter->run()
INFO - 2023-12-06 07:12:00 --> Session: Class initialized using 'CodeIgniter\Session\Handlers\FileHandler' driver.
WARNING - 2023-12-06 07:12:00 --> Session: Sessions is enabled, and one exists. Please don't $session->start();
WARNING - 2023-12-06 07:12:00 --> Session: Sessions is enabled, and one exists. Please don't $session->start();
INFO - 2023-12-06 07:13:02 --> Session: Class initialized using 'CodeIgniter\Session\Handlers\FileHandler' driver.
WARNING - 2023-12-06 07:13:02 --> Session: Sessions is enabled, and one exists. Please don't $session->start();
WARNING - 2023-12-06 07:13:02 --> Session: Sessions is enabled, and one exists. Please don't $session->start();
INFO - 2023-12-06 07:13:04 --> Session: Class initialized using 'CodeIgniter\Session\Handlers\FileHandler' driver.
WARNING - 2023-12-06 07:13:04 --> Session: Sessions is enabled, and one exists. Please don't $session->start();
INFO - 2023-12-06 07:13:06 --> Session: Class initialized using 'CodeIgniter\Session\Handlers\FileHandler' driver.
WARNING - 2023-12-06 07:13:06 --> Session: Sessions is enabled, and one exists. Please don't $session->start();
INFO - 2023-12-06 07:13:15 --> Session: Class initialized using 'CodeIgniter\Session\Handlers\FileHandler' driver.
WARNING - 2023-12-06 07:13:15 --> Session: Sessions is enabled, and one exists. Please don't $session->start();
INFO - 2023-12-06 07:13:19 --> Session: Class initialized using 'CodeIgniter\Session\Handlers\FileHandler' driver.
WARNING - 2023-12-06 07:13:19 --> Session: Sessions is enabled, and one exists. Please don't $session->start();
WARNING - 2023-12-06 07:13:19 --> Session: Sessions is enabled, and one exists. Please don't $session->start();
INFO - 2023-12-06 07:13:34 --> Session: Class initialized using 'CodeIgniter\Session\Handlers\FileHandler' driver.
WARNING - 2023-12-06 07:13:34 --> Session: Sessions is enabled, and one exists. Please don't $session->start();
WARNING - 2023-12-06 07:13:34 --> Session: Sessions is enabled, and one exists. Please don't $session->start();
INFO - 2023-12-06 07:15:23 --> Session: Class initialized using 'CodeIgniter\Session\Handlers\FileHandler' driver.
WARNING - 2023-12-06 07:15:23 --> Session: Sessions is enabled, and one exists. Please don't $session->start();
INFO - 2023-12-06 07:15:26 --> Session: Class initialized using 'CodeIgniter\Session\Handlers\FileHandler' driver.
WARNING - 2023-12-06 07:15:26 --> Session: Sessions is enabled, and one exists. Please don't $session->start();
WARNING - 2023-12-06 07:15:26 --> Session: Sessions is enabled, and one exists. Please don't $session->start();
INFO - 2023-12-06 07:16:08 --> Session: Class initialized using 'CodeIgniter\Session\Handlers\FileHandler' driver.
WARNING - 2023-12-06 07:16:08 --> Session: Sessions is enabled, and one exists. Please don't $session->start();
WARNING - 2023-12-06 07:16:08 --> Session: Sessions is enabled, and one exists. Please don't $session->start();
INFO - 2023-12-06 07:18:11 --> Session: Class initialized using 'CodeIgniter\Session\Handlers\FileHandler' driver.
WARNING - 2023-12-06 07:18:11 --> Session: Sessions is enabled, and one exists. Please don't $session->start();
WARNING - 2023-12-06 07:18:11 --> Session: Sessions is enabled, and one exists. Please don't $session->start();
INFO - 2023-12-06 07:18:27 --> Session: Class initialized using 'CodeIgniter\Session\Handlers\FileHandler' driver.
WARNING - 2023-12-06 07:18:27 --> Session: Sessions is enabled, and one exists. Please don't $session->start();
WARNING - 2023-12-06 07:18:27 --> Session: Sessions is enabled, and one exists. Please don't $session->start();
INFO - 2023-12-06 07:20:15 --> Session: Class initialized using 'CodeIgniter\Session\Handlers\FileHandler' driver.
WARNING - 2023-12-06 07:20:15 --> Session: Sessions is enabled, and one exists. Please don't $session->start();
INFO - 2023-12-06 07:20:15 --> Session: Class initialized using 'CodeIgniter\Session\Handlers\FileHandler' driver.
WARNING - 2023-12-06 07:20:15 --> Session: Sessions is enabled, and one exists. Please don't $session->start();
INFO - 2023-12-06 07:20:22 --> Session: Class initialized using 'CodeIgniter\Session\Handlers\FileHandler' driver.
WARNING - 2023-12-06 07:20:22 --> Session: Sessions is enabled, and one exists. Please don't $session->start();
INFO - 2023-12-06 07:20:22 --> Session: Class initialized using 'CodeIgniter\Session\Handlers\FileHandler' driver.
WARNING - 2023-12-06 07:20:22 --> Session: Sessions is enabled, and one exists. Please don't $session->start();
WARNING - 2023-12-06 07:20:22 --> Session: Sessions is enabled, and one exists. Please don't $session->start();
INFO - 2023-12-06 07:20:26 --> Session: Class initialized using 'CodeIgniter\Session\Handlers\FileHandler' driver.
WARNING - 2023-12-06 07:20:26 --> Session: Sessions is enabled, and one exists. Please don't $session->start();
WARNING - 2023-12-06 07:20:26 --> Session: Sessions is enabled, and one exists. Please don't $session->start();
INFO - 2023-12-06 07:20:28 --> Session: Class initialized using 'CodeIgniter\Session\Handlers\FileHandler' driver.
WARNING - 2023-12-06 07:20:28 --> Session: Sessions is enabled, and one exists. Please don't $session->start();
WARNING - 2023-12-06 07:20:28 --> Session: Sessions is enabled, and one exists. Please don't $session->start();
INFO - 2023-12-06 07:20:32 --> Session: Class initialized using 'CodeIgniter\Session\Handlers\FileHandler' driver.
WARNING - 2023-12-06 07:20:32 --> Session: Sessions is enabled, and one exists. Please don't $session->start();
WARNING - 2023-12-06 07:20:32 --> Session: Sessions is enabled, and one exists. Please don't $session->start();
INFO - 2023-12-06 07:20:34 --> Session: Class initialized using 'CodeIgniter\Session\Handlers\FileHandler' driver.
WARNING - 2023-12-06 07:20:34 --> Session: Sessions is enabled, and one exists. Please don't $session->start();
WARNING - 2023-12-06 07:20:34 --> Session: Sessions is enabled, and one exists. Please don't $session->start();
INFO - 2023-12-06 07:20:44 --> Session: Class initialized using 'CodeIgniter\Session\Handlers\FileHandler' driver.
WARNING - 2023-12-06 07:20:44 --> Session: Sessions is enabled, and one exists. Please don't $session->start();
WARNING - 2023-12-06 07:20:44 --> Session: Sessions is enabled, and one exists. Please don't $session->start();
INFO - 2023-12-06 07:20:46 --> Session: Class initialized using 'CodeIgniter\Session\Handlers\FileHandler' driver.
WARNING - 2023-12-06 07:20:46 --> Session: Sessions is enabled, and one exists. Please don't $session->start();
WARNING - 2023-12-06 07:20:46 --> Session: Sessions is enabled, and one exists. Please don't $session->start();
INFO - 2023-12-06 07:21:27 --> Session: Class initialized using 'CodeIgniter\Session\Handlers\FileHandler' driver.
WARNING - 2023-12-06 07:21:27 --> Session: Sessions is enabled, and one exists. Please don't $session->start();
WARNING - 2023-12-06 07:21:27 --> Session: Sessions is enabled, and one exists. Please don't $session->start();
INFO - 2023-12-06 07:21:29 --> Session: Class initialized using 'CodeIgniter\Session\Handlers\FileHandler' driver.
WARNING - 2023-12-06 07:21:29 --> Session: Sessions is enabled, and one exists. Please don't $session->start();
WARNING - 2023-12-06 07:21:29 --> Session: Sessions is enabled, and one exists. Please don't $session->start();
INFO - 2023-12-06 07:21:31 --> Session: Class initialized using 'CodeIgniter\Session\Handlers\FileHandler' driver.
WARNING - 2023-12-06 07:21:31 --> Session: Sessions is enabled, and one exists. Please don't $session->start();
WARNING - 2023-12-06 07:21:31 --> Session: Sessions is enabled, and one exists. Please don't $session->start();
INFO - 2023-12-06 07:38:44 --> Session: Class initialized using 'CodeIgniter\Session\Handlers\FileHandler' driver.
WARNING - 2023-12-06 07:38:44 --> Session: Sessions is enabled, and one exists. Please don't $session->start();
INFO - 2023-12-06 07:38:45 --> Session: Class initialized using 'CodeIgniter\Session\Handlers\FileHandler' driver.
WARNING - 2023-12-06 07:38:45 --> Session: Sessions is enabled, and one exists. Please don't $session->start();
INFO - 2023-12-06 07:38:51 --> Session: Class initialized using 'CodeIgniter\Session\Handlers\FileHandler' driver.
WARNING - 2023-12-06 07:38:51 --> Session: Sessions is enabled, and one exists. Please don't $session->start();
INFO - 2023-12-06 07:38:51 --> Session: Class initialized using 'CodeIgniter\Session\Handlers\FileHandler' driver.
WARNING - 2023-12-06 07:38:51 --> Session: Sessions is enabled, and one exists. Please don't $session->start();
WARNING - 2023-12-06 07:38:51 --> Session: Sessions is enabled, and one exists. Please don't $session->start();
INFO - 2023-12-06 07:38:54 --> Session: Class initialized using 'CodeIgniter\Session\Handlers\FileHandler' driver.
WARNING - 2023-12-06 07:38:54 --> Session: Sessions is enabled, and one exists. Please don't $session->start();
WARNING - 2023-12-06 07:38:54 --> Session: Sessions is enabled, and one exists. Please don't $session->start();
INFO - 2023-12-06 07:38:56 --> Session: Class initialized using 'CodeIgniter\Session\Handlers\FileHandler' driver.
WARNING - 2023-12-06 07:38:56 --> Session: Sessions is enabled, and one exists. Please don't $session->start();
CRITICAL - 2023-12-06 07:38:56 --> Undefined variable: username
in APPPATH\Controllers\Home.php on line 80.
 1 APPPATH\Controllers\Home.php(80): CodeIgniter\Debug\Exceptions->errorHandler(8, 'Undefined variable: username', 'D:\\xampp\\htdocs\\idea\\app\\Controllers\\Home.php', 80, [...])
 2 SYSTEMPATH\CodeIgniter.php(942): App\Controllers\Home->addcategorylist()
 3 SYSTEMPATH\CodeIgniter.php(502): CodeIgniter\CodeIgniter->runController(Object(App\Controllers\Home))
 4 SYSTEMPATH\CodeIgniter.php(361): CodeIgniter\CodeIgniter->handleRequest(null, Object(Config\Cache), false)
 5 FCPATH\index.php(79): CodeIgniter\CodeIgniter->run()
INFO - 2023-12-06 07:39:00 --> Session: Class initialized using 'CodeIgniter\Session\Handlers\FileHandler' driver.
WARNING - 2023-12-06 07:39:00 --> Session: Sessions is enabled, and one exists. Please don't $session->start();
WARNING - 2023-12-06 07:39:00 --> Session: Sessions is enabled, and one exists. Please don't $session->start();
INFO - 2023-12-06 07:39:14 --> Session: Class initialized using 'CodeIgniter\Session\Handlers\FileHandler' driver.
WARNING - 2023-12-06 07:39:14 --> Session: Sessions is enabled, and one exists. Please don't $session->start();
WARNING - 2023-12-06 07:39:14 --> Session: Sessions is enabled, and one exists. Please don't $session->start();
INFO - 2023-12-06 07:39:15 --> Session: Class initialized using 'CodeIgniter\Session\Handlers\FileHandler' driver.
WARNING - 2023-12-06 07:39:15 --> Session: Sessions is enabled, and one exists. Please don't $session->start();
CRITICAL - 2023-12-06 07:39:15 --> Undefined variable: model
in APPPATH\Controllers\Home.php on line 83.
 1 APPPATH\Controllers\Home.php(83): CodeIgniter\Debug\Exceptions->errorHandler(8, 'Undefined variable: model', 'D:\\xampp\\htdocs\\idea\\app\\Controllers\\Home.php', 83, [...])
 2 SYSTEMPATH\CodeIgniter.php(942): App\Controllers\Home->addcategorylist()
 3 SYSTEMPATH\CodeIgniter.php(502): CodeIgniter\CodeIgniter->runController(Object(App\Controllers\Home))
 4 SYSTEMPATH\CodeIgniter.php(361): CodeIgniter\CodeIgniter->handleRequest(null, Object(Config\Cache), false)
 5 FCPATH\index.php(79): CodeIgniter\CodeIgniter->run()
INFO - 2023-12-06 07:39:17 --> Session: Class initialized using 'CodeIgniter\Session\Handlers\FileHandler' driver.
WARNING - 2023-12-06 07:39:17 --> Session: Sessions is enabled, and one exists. Please don't $session->start();
WARNING - 2023-12-06 07:39:17 --> Session: Sessions is enabled, and one exists. Please don't $session->start();
INFO - 2023-12-06 07:54:30 --> Session: Class initialized using 'CodeIgniter\Session\Handlers\FileHandler' driver.
WARNING - 2023-12-06 07:54:30 --> Session: Sessions is enabled, and one exists. Please don't $session->start();
INFO - 2023-12-06 07:54:36 --> Session: Class initialized using 'CodeIgniter\Session\Handlers\FileHandler' driver.
WARNING - 2023-12-06 07:54:36 --> Session: Sessions is enabled, and one exists. Please don't $session->start();
ERROR - 2023-12-06 07:54:37 --> Error connecting to the database: mysqli_sql_exception: Unknown database 'idea' in D:\xampp\htdocs\idea\system\Database\MySQLi\Connection.php:185
Stack trace:
#0 D:\xampp\htdocs\idea\system\Database\MySQLi\Connection.php(185): mysqli->real_connect('localhost', 'root', '', 'idea', 3306, '', 0)
#1 D:\xampp\htdocs\idea\system\Database\BaseConnection.php(392): CodeIgniter\Database\MySQLi\Connection->connect(false)
#2 D:\xampp\htdocs\idea\system\Database\BaseConnection.php(575): CodeIgniter\Database\BaseConnection->initialize()
#3 D:\xampp\htdocs\idea\system\Database\BaseBuilder.php(1615): CodeIgniter\Database\BaseConnection->query('SELECT *\nFROM `...', Array, false)
#4 D:\xampp\htdocs\idea\app\Models\UserModel.php(11): CodeIgniter\Database\BaseBuilder->get()
#5 D:\xampp\htdocs\idea\app\Controllers\Home.php(30): App\Models\UserModel->fetchData('employee_person...', Array)
#6 D:\xampp\htdocs\idea\system\CodeIgniter.php(942): App\Controllers\Home->login()
#7 D:\xampp\htdocs\idea\system\CodeIgniter.php(502): CodeIgniter\CodeIgniter->runController(Object(App\Controllers\Home))
#8 D:\xampp\htdocs\idea\system\CodeIgniter.php(361): CodeIgniter\CodeIgniter->handleRequest(NULL, Object(Config\Cache), false)
#9 D:\xampp\htdocs\idea\index.php(79): CodeIgniter\CodeIgniter->run()
#10 {main}

Next CodeIgniter\Database\Exceptions\DatabaseException: Unknown database 'idea' in D:\xampp\htdocs\idea\system\Database\MySQLi\Connection.php:229
Stack trace:
#0 D:\xampp\htdocs\idea\system\Database\BaseConnection.php(392): CodeIgniter\Database\MySQLi\Connection->connect(false)
#1 D:\xampp\htdocs\idea\system\Database\BaseConnection.php(575): CodeIgniter\Database\BaseConnection->initialize()
#2 D:\xampp\htdocs\idea\system\Database\BaseBuilder.php(1615): CodeIgniter\Database\BaseConnection->query('SELECT *\nFROM `...', Array, false)
#3 D:\xampp\htdocs\idea\app\Models\UserModel.php(11): CodeIgniter\Database\BaseBuilder->get()
#4 D:\xampp\htdocs\idea\app\Controllers\Home.php(30): App\Models\UserModel->fetchData('employee_person...', Array)
#5 D:\xampp\htdocs\idea\system\CodeIgniter.php(942): App\Controllers\Home->login()
#6 D:\xampp\htdocs\idea\system\CodeIgniter.php(502): CodeIgniter\CodeIgniter->runController(Object(App\Controllers\Home))
#7 D:\xampp\htdocs\idea\system\CodeIgniter.php(361): CodeIgniter\CodeIgniter->handleRequest(NULL, Object(Config\Cache), false)
#8 D:\xampp\htdocs\idea\index.php(79): CodeIgniter\CodeIgniter->run()
#9 {main}
CRITICAL - 2023-12-06 07:54:37 --> Unable to connect to the database.
Main connection [MySQLi]: Unknown database 'idea'
in SYSTEMPATH\Database\BaseConnection.php on line 428.
 1 SYSTEMPATH\Database\BaseConnection.php(575): CodeIgniter\Database\BaseConnection->initialize()
 2 SYSTEMPATH\Database\BaseBuilder.php(1615): CodeIgniter\Database\BaseConnection->query('SELECT *
FROM `employee_personal`
WHERE `employee_id` = :employee_id:', [...], false)
 3 APPPATH\Models\UserModel.php(11): CodeIgniter\Database\BaseBuilder->get()
 4 APPPATH\Controllers\Home.php(30): App\Models\UserModel->fetchData('employee_personal', [...])
 5 SYSTEMPATH\CodeIgniter.php(942): App\Controllers\Home->login()
 6 SYSTEMPATH\CodeIgniter.php(502): CodeIgniter\CodeIgniter->runController(Object(App\Controllers\Home))
 7 SYSTEMPATH\CodeIgniter.php(361): CodeIgniter\CodeIgniter->handleRequest(null, Object(Config\Cache), false)
 8 FCPATH\index.php(79): CodeIgniter\CodeIgniter->run()
INFO - 2023-12-06 07:54:40 --> Session: Class initialized using 'CodeIgniter\Session\Handlers\FileHandler' driver.
WARNING - 2023-12-06 07:54:40 --> Session: Sessions is enabled, and one exists. Please don't $session->start();
INFO - 2023-12-06 07:57:01 --> Session: Class initialized using 'CodeIgniter\Session\Handlers\FileHandler' driver.
WARNING - 2023-12-06 07:57:01 --> Session: Sessions is enabled, and one exists. Please don't $session->start();
INFO - 2023-12-06 07:57:05 --> Session: Class initialized using 'CodeIgniter\Session\Handlers\FileHandler' driver.
WARNING - 2023-12-06 07:57:05 --> Session: Sessions is enabled, and one exists. Please don't $session->start();
ERROR - 2023-12-06 07:57:05 --> Error connecting to the database: mysqli_sql_exception: Unknown database 'idea' in D:\xampp\htdocs\idea\system\Database\MySQLi\Connection.php:185
Stack trace:
#0 D:\xampp\htdocs\idea\system\Database\MySQLi\Connection.php(185): mysqli->real_connect('localhost', 'root', '', 'idea', 3306, '', 0)
#1 D:\xampp\htdocs\idea\system\Database\BaseConnection.php(392): CodeIgniter\Database\MySQLi\Connection->connect(false)
#2 D:\xampp\htdocs\idea\system\Database\BaseConnection.php(575): CodeIgniter\Database\BaseConnection->initialize()
#3 D:\xampp\htdocs\idea\system\Database\BaseBuilder.php(1615): CodeIgniter\Database\BaseConnection->query('SELECT *\nFROM `...', Array, false)
#4 D:\xampp\htdocs\idea\app\Models\UserModel.php(11): CodeIgniter\Database\BaseBuilder->get()
#5 D:\xampp\htdocs\idea\app\Controllers\Home.php(30): App\Models\UserModel->fetchData('employee_person...', Array)
#6 D:\xampp\htdocs\idea\system\CodeIgniter.php(942): App\Controllers\Home->login()
#7 D:\xampp\htdocs\idea\system\CodeIgniter.php(502): CodeIgniter\CodeIgniter->runController(Object(App\Controllers\Home))
#8 D:\xampp\htdocs\idea\system\CodeIgniter.php(361): CodeIgniter\CodeIgniter->handleRequest(NULL, Object(Config\Cache), false)
#9 D:\xampp\htdocs\idea\index.php(79): CodeIgniter\CodeIgniter->run()
#10 {main}

Next CodeIgniter\Database\Exceptions\DatabaseException: Unknown database 'idea' in D:\xampp\htdocs\idea\system\Database\MySQLi\Connection.php:229
Stack trace:
#0 D:\xampp\htdocs\idea\system\Database\BaseConnection.php(392): CodeIgniter\Database\MySQLi\Connection->connect(false)
#1 D:\xampp\htdocs\idea\system\Database\BaseConnection.php(575): CodeIgniter\Database\BaseConnection->initialize()
#2 D:\xampp\htdocs\idea\system\Database\BaseBuilder.php(1615): CodeIgniter\Database\BaseConnection->query('SELECT *\nFROM `...', Array, false)
#3 D:\xampp\htdocs\idea\app\Models\UserModel.php(11): CodeIgniter\Database\BaseBuilder->get()
#4 D:\xampp\htdocs\idea\app\Controllers\Home.php(30): App\Models\UserModel->fetchData('employee_person...', Array)
#5 D:\xampp\htdocs\idea\system\CodeIgniter.php(942): App\Controllers\Home->login()
#6 D:\xampp\htdocs\idea\system\CodeIgniter.php(502): CodeIgniter\CodeIgniter->runController(Object(App\Controllers\Home))
#7 D:\xampp\htdocs\idea\system\CodeIgniter.php(361): CodeIgniter\CodeIgniter->handleRequest(NULL, Object(Config\Cache), false)
#8 D:\xampp\htdocs\idea\index.php(79): CodeIgniter\CodeIgniter->run()
#9 {main}
CRITICAL - 2023-12-06 07:57:05 --> Unable to connect to the database.
Main connection [MySQLi]: Unknown database 'idea'
in SYSTEMPATH\Database\BaseConnection.php on line 428.
 1 SYSTEMPATH\Database\BaseConnection.php(575): CodeIgniter\Database\BaseConnection->initialize()
 2 SYSTEMPATH\Database\BaseBuilder.php(1615): CodeIgniter\Database\BaseConnection->query('SELECT *
FROM `employee_personal`
WHERE `employee_id` = :employee_id:', [...], false)
 3 APPPATH\Models\UserModel.php(11): CodeIgniter\Database\BaseBuilder->get()
 4 APPPATH\Controllers\Home.php(30): App\Models\UserModel->fetchData('employee_personal', [...])
 5 SYSTEMPATH\CodeIgniter.php(942): App\Controllers\Home->login()
 6 SYSTEMPATH\CodeIgniter.php(502): CodeIgniter\CodeIgniter->runController(Object(App\Controllers\Home))
 7 SYSTEMPATH\CodeIgniter.php(361): CodeIgniter\CodeIgniter->handleRequest(null, Object(Config\Cache), false)
 8 FCPATH\index.php(79): CodeIgniter\CodeIgniter->run()
CRITICAL - 2023-12-06 08:03:03 --> Config\App::$baseURL is invalid.
in SYSTEMPATH\HTTP\SiteURI.php on line 199.
 1 SYSTEMPATH\HTTP\SiteURI.php(145): CodeIgniter\HTTP\SiteURI->normalizeBaseURL(Object(Config\App))
 2 SYSTEMPATH\HTTP\SiteURI.php(100): CodeIgniter\HTTP\SiteURI->determineBaseURL(Object(Config\App), null, null)
 3 SYSTEMPATH\HTTP\SiteURIFactory.php(224): CodeIgniter\HTTP\SiteURI->__construct(Object(Config\App), '/', null)
 4 SYSTEMPATH\HTTP\SiteURIFactory.php(45): CodeIgniter\HTTP\SiteURIFactory->createURIFromRoutePath('/')
 5 SYSTEMPATH\Config\Services.php(799): CodeIgniter\HTTP\SiteURIFactory->createFromGlobals()
 6 SYSTEMPATH\Config\BaseService.php(258): CodeIgniter\Config\Services::uri(null, false)
 7 SYSTEMPATH\Config\BaseService.php(199): CodeIgniter\Config\BaseService::__callStatic('uri', [...])
 8 SYSTEMPATH\Config\Services.php(792): CodeIgniter\Config\BaseService::getSharedInstance('uri', null)
 9 SYSTEMPATH\Config\BaseService.php(258): CodeIgniter\Config\Services::uri()
10 SYSTEMPATH\Config\Services.php(566): CodeIgniter\Config\BaseService::__callStatic('uri', [])
11 SYSTEMPATH\Config\BaseService.php(258): CodeIgniter\Config\Services::incomingrequest(Object(Config\App), false)
12 SYSTEMPATH\Config\Services.php(524): CodeIgniter\Config\BaseService::__callStatic('incomingrequest', [...])
13 SYSTEMPATH\Config\BaseService.php(258): CodeIgniter\Config\Services::request(Object(Config\App), false)
14 SYSTEMPATH\Config\BaseService.php(199): CodeIgniter\Config\BaseService::__callStatic('request', [...])
15 SYSTEMPATH\Config\Services.php(559): CodeIgniter\Config\BaseService::getSharedInstance('request', Object(Config\App))
16 SYSTEMPATH\Config\BaseService.php(258): CodeIgniter\Config\Services::incomingrequest(Object(Config\App))
17 SYSTEMPATH\Config\Services.php(539): CodeIgniter\Config\BaseService::__callStatic('incomingrequest', [...])
18 SYSTEMPATH\Config\BaseService.php(258): CodeIgniter\Config\Services::createRequest(Object(Config\App))
19 SYSTEMPATH\CodeIgniter.php(655): CodeIgniter\Config\BaseService::__callStatic('createRequest', [...])
20 SYSTEMPATH\CodeIgniter.php(355): CodeIgniter\CodeIgniter->getRequestObject()
21 FCPATH\index.php(79): CodeIgniter\CodeIgniter->run()
CRITICAL - 2023-12-06 08:03:03 --> Uncaught CodeIgniter\Exceptions\ConfigException: Config\App::$baseURL is invalid. in D:\xampp\htdocs\idea\system\HTTP\SiteURI.php:199
Stack trace:
#0 D:\xampp\htdocs\idea\system\HTTP\SiteURI.php(145): CodeIgniter\HTTP\SiteURI->normalizeBaseURL(Object(Config\App))
#1 D:\xampp\htdocs\idea\system\HTTP\SiteURI.php(100): CodeIgniter\HTTP\SiteURI->determineBaseURL(Object(Config\App), NULL, NULL)
#2 D:\xampp\htdocs\idea\system\HTTP\SiteURIFactory.php(224): CodeIgniter\HTTP\SiteURI->__construct(Object(Config\App), '/', NULL)
#3 D:\xampp\htdocs\idea\system\HTTP\SiteURIFactory.php(45): CodeIgniter\HTTP\SiteURIFactory->createURIFromRoutePath('/')
#4 D:\xampp\htdocs\idea\system\Config\Services.php(799): CodeIgniter\HTTP\SiteURIFactory->createFromGlobals()
#5 D:\xampp\htdocs\idea\system\Config\BaseService.php(258): CodeIgniter\Config\Services::uri(NULL, false)
#6 D:\xampp\htdocs\idea\system\Config\BaseService.php(199): CodeIgniter\Config\BaseService::__callStatic('uri', Array)
#7 D:\xampp\htdocs\idea\system\Config\Service
Previous Exception
CodeIgniter\Exceptions\ConfigException
Config\App::$baseURL is invalid.
#0 D:\xampp\htdocs\idea\system\HTTP\SiteURI.php(145): CodeIgniter\HTTP\SiteURI->normalizeBaseURL(Object(Config\App))
#1 D:\xampp\htdocs\idea\system\HTTP\SiteURI.php(100): CodeIgniter\HTTP\SiteURI->determineBaseURL(Object(Config\App), NULL, NULL)
#2 D:\xampp\htdocs\idea\system\HTTP\SiteURIFactory.php(224): CodeIgniter\HTTP\SiteURI->__construct(Object(Config\App), '/', NULL)
#3 D:\xampp\htdocs\idea\system\HTTP\SiteURIFactory.php(45): CodeIgniter\HTTP\SiteURIFactory->createURIFromRoutePath('/')
#4 D:\xampp\htdocs\idea\system\Config\Services.php(799): CodeIgniter\HTTP\SiteURIFactory->createFromGlobals()
#5 D:\xampp\htdocs\idea\system\Config\BaseService.php(258): CodeIgniter\Config\Services::uri(NULL, false)
#6 D:\xampp\htdocs\idea\system\Config\BaseService.php(199): CodeIgniter\Config\BaseService::__callStatic('uri', Array)
#7 D:\xampp\htdocs\idea\system\Config\Services.php(792): CodeIgniter\Config\BaseService::getSharedInstance('uri', NULL)
#8 D:\xampp\htdocs\idea\system\Config\BaseService.php(258): CodeIgniter\Config\Services::uri()
#9 D:\xampp\htdocs\idea\system\Config\Services.php(566): CodeIgniter\Config\BaseService::__callStatic('uri', Array)
#10 D:\xampp\htdocs\idea\system\Config\BaseService.php(258): CodeIgniter\Config\Services::incomingrequest(Object(Config\App), false)
#11 D:\xampp\htdocs\idea\system\Config\Services.php(524): CodeIgniter\Config\BaseService::__callStatic('incomingrequest', Array)
#12 D:\xampp\htdocs\idea\system\Config\BaseService.php(258): CodeIgniter\Config\Services::request(Object(Config\App), false)
#13 D:\xampp\htdocs\idea\system\Config\BaseService.php(199): CodeIgniter\Config\BaseService::__callStatic('request', Array)
#14 D:\xampp\htdocs\idea\system\Config\Services.php(559): CodeIgniter\Config\BaseService::getSharedInstance('request', Object(Config\App))
#15 D:\xampp\htdocs\idea\system\Config\BaseService.php(258): CodeIgniter\Config\Services::incomingrequest(Object(Config\App))
#16 D:\xampp\htdocs\idea\system\Config\Services.php(539): CodeIgniter\Config\BaseService::__callStatic('incomingrequest', Array)
#17 D:\xampp\htdocs\idea\system\Config\BaseService.php(258): CodeIgniter\Config\Services::createRequest(Object(Config\App))
#18 D:\xampp\htdocs\idea\system\CodeIgniter.php(655): CodeIgniter\Config\BaseService::__callStatic('createRequest', Array)
#19 D:\xampp\htdocs\idea\system\CodeIgniter.php(355): CodeIgniter\CodeIgniter->getRequestObject()
#20 D:\xampp\htdocs\idea\index.php(79): CodeIgniter\CodeIgniter->run()
#21 {main}
in SYSTEMPATH\HTTP\SiteURI.php on line 199.
 1 [internal function]: CodeIgniter\Debug\Exceptions->shutdownHandler()
CRITICAL - 2023-12-06 08:03:03 --> Config\App::$baseURL is invalid.
in SYSTEMPATH\HTTP\SiteURI.php on line 199.
 1 SYSTEMPATH\HTTP\SiteURI.php(145): CodeIgniter\HTTP\SiteURI->normalizeBaseURL(Object(Config\App))
 2 SYSTEMPATH\HTTP\SiteURI.php(100): CodeIgniter\HTTP\SiteURI->determineBaseURL(Object(Config\App), null, null)
 3 SYSTEMPATH\HTTP\SiteURIFactory.php(224): CodeIgniter\HTTP\SiteURI->__construct(Object(Config\App), '/', null)
 4 SYSTEMPATH\HTTP\SiteURIFactory.php(45): CodeIgniter\HTTP\SiteURIFactory->createURIFromRoutePath('/')
 5 SYSTEMPATH\Config\Services.php(799): CodeIgniter\HTTP\SiteURIFactory->createFromGlobals()
 6 SYSTEMPATH\Config\BaseService.php(258): CodeIgniter\Config\Services::uri(null, false)
 7 SYSTEMPATH\Config\BaseService.php(199): CodeIgniter\Config\BaseService::__callStatic('uri', [...])
 8 SYSTEMPATH\Config\Services.php(792): CodeIgniter\Config\BaseService::getSharedInstance('uri', null)
 9 SYSTEMPATH\Config\BaseService.php(258): CodeIgniter\Config\Services::uri()
10 SYSTEMPATH\Config\Services.php(566): CodeIgniter\Config\BaseService::__callStatic('uri', [])
11 SYSTEMPATH\Config\BaseService.php(258): CodeIgniter\Config\Services::incomingrequest(Object(Config\App), false)
12 SYSTEMPATH\Config\Services.php(524): CodeIgniter\Config\BaseService::__callStatic('incomingrequest', [...])
13 SYSTEMPATH\Config\BaseService.php(258): CodeIgniter\Config\Services::request(Object(Config\App), false)
14 SYSTEMPATH\Config\BaseService.php(199): CodeIgniter\Config\BaseService::__callStatic('request', [...])
15 SYSTEMPATH\Config\Services.php(559): CodeIgniter\Config\BaseService::getSharedInstance('request', Object(Config\App))
16 SYSTEMPATH\Config\BaseService.php(258): CodeIgniter\Config\Services::incomingrequest(Object(Config\App))
17 SYSTEMPATH\Config\Services.php(539): CodeIgniter\Config\BaseService::__callStatic('incomingrequest', [...])
18 SYSTEMPATH\Config\BaseService.php(258): CodeIgniter\Config\Services::createRequest(Object(Config\App))
19 SYSTEMPATH\CodeIgniter.php(655): CodeIgniter\Config\BaseService::__callStatic('createRequest', [...])
20 SYSTEMPATH\CodeIgniter.php(355): CodeIgniter\CodeIgniter->getRequestObject()
21 FCPATH\index.php(79): CodeIgniter\CodeIgniter->run()
CRITICAL - 2023-12-06 08:03:03 --> Uncaught CodeIgniter\Exceptions\ConfigException: Config\App::$baseURL is invalid. in D:\xampp\htdocs\idea\system\HTTP\SiteURI.php:199
Stack trace:
#0 D:\xampp\htdocs\idea\system\HTTP\SiteURI.php(145): CodeIgniter\HTTP\SiteURI->normalizeBaseURL(Object(Config\App))
#1 D:\xampp\htdocs\idea\system\HTTP\SiteURI.php(100): CodeIgniter\HTTP\SiteURI->determineBaseURL(Object(Config\App), NULL, NULL)
#2 D:\xampp\htdocs\idea\system\HTTP\SiteURIFactory.php(224): CodeIgniter\HTTP\SiteURI->__construct(Object(Config\App), '/', NULL)
#3 D:\xampp\htdocs\idea\system\HTTP\SiteURIFactory.php(45): CodeIgniter\HTTP\SiteURIFactory->createURIFromRoutePath('/')
#4 D:\xampp\htdocs\idea\system\Config\Services.php(799): CodeIgniter\HTTP\SiteURIFactory->createFromGlobals()
#5 D:\xampp\htdocs\idea\system\Config\BaseService.php(258): CodeIgniter\Config\Services::uri(NULL, false)
#6 D:\xampp\htdocs\idea\system\Config\BaseService.php(199): CodeIgniter\Config\BaseService::__callStatic('uri', Array)
#7 D:\xampp\htdocs\idea\system\Config\Service
Previous Exception
CodeIgniter\Exceptions\ConfigException
Config\App::$baseURL is invalid.
#0 D:\xampp\htdocs\idea\system\HTTP\SiteURI.php(145): CodeIgniter\HTTP\SiteURI->normalizeBaseURL(Object(Config\App))
#1 D:\xampp\htdocs\idea\system\HTTP\SiteURI.php(100): CodeIgniter\HTTP\SiteURI->determineBaseURL(Object(Config\App), NULL, NULL)
#2 D:\xampp\htdocs\idea\system\HTTP\SiteURIFactory.php(224): CodeIgniter\HTTP\SiteURI->__construct(Object(Config\App), '/', NULL)
#3 D:\xampp\htdocs\idea\system\HTTP\SiteURIFactory.php(45): CodeIgniter\HTTP\SiteURIFactory->createURIFromRoutePath('/')
#4 D:\xampp\htdocs\idea\system\Config\Services.php(799): CodeIgniter\HTTP\SiteURIFactory->createFromGlobals()
#5 D:\xampp\htdocs\idea\system\Config\BaseService.php(258): CodeIgniter\Config\Services::uri(NULL, false)
#6 D:\xampp\htdocs\idea\system\Config\BaseService.php(199): CodeIgniter\Config\BaseService::__callStatic('uri', Array)
#7 D:\xampp\htdocs\idea\system\Config\Services.php(792): CodeIgniter\Config\BaseService::getSharedInstance('uri', NULL)
#8 D:\xampp\htdocs\idea\system\Config\BaseService.php(258): CodeIgniter\Config\Services::uri()
#9 D:\xampp\htdocs\idea\system\Config\Services.php(566): CodeIgniter\Config\BaseService::__callStatic('uri', Array)
#10 D:\xampp\htdocs\idea\system\Config\BaseService.php(258): CodeIgniter\Config\Services::incomingrequest(Object(Config\App), false)
#11 D:\xampp\htdocs\idea\system\Config\Services.php(524): CodeIgniter\Config\BaseService::__callStatic('incomingrequest', Array)
#12 D:\xampp\htdocs\idea\system\Config\BaseService.php(258): CodeIgniter\Config\Services::request(Object(Config\App), false)
#13 D:\xampp\htdocs\idea\system\Config\BaseService.php(199): CodeIgniter\Config\BaseService::__callStatic('request', Array)
#14 D:\xampp\htdocs\idea\system\Config\Services.php(559): CodeIgniter\Config\BaseService::getSharedInstance('request', Object(Config\App))
#15 D:\xampp\htdocs\idea\system\Config\BaseService.php(258): CodeIgniter\Config\Services::incomingrequest(Object(Config\App))
#16 D:\xampp\htdocs\idea\system\Config\Services.php(539): CodeIgniter\Config\BaseService::__callStatic('incomingrequest', Array)
#17 D:\xampp\htdocs\idea\system\Config\BaseService.php(258): CodeIgniter\Config\Services::createRequest(Object(Config\App))
#18 D:\xampp\htdocs\idea\system\CodeIgniter.php(655): CodeIgniter\Config\BaseService::__callStatic('createRequest', Array)
#19 D:\xampp\htdocs\idea\system\CodeIgniter.php(355): CodeIgniter\CodeIgniter->getRequestObject()
#20 D:\xampp\htdocs\idea\index.php(79): CodeIgniter\CodeIgniter->run()
#21 {main}
in SYSTEMPATH\HTTP\SiteURI.php on line 199.
 1 [internal function]: CodeIgniter\Debug\Exceptions->shutdownHandler()
INFO - 2023-12-06 08:03:59 --> Session: Class initialized using 'CodeIgniter\Session\Handlers\FileHandler' driver.
WARNING - 2023-12-06 08:03:59 --> Session: Sessions is enabled, and one exists. Please don't $session->start();
INFO - 2023-12-06 08:04:10 --> Session: Class initialized using 'CodeIgniter\Session\Handlers\FileHandler' driver.
WARNING - 2023-12-06 08:04:10 --> Session: Sessions is enabled, and one exists. Please don't $session->start();
INFO - 2023-12-06 08:05:38 --> Session: Class initialized using 'CodeIgniter\Session\Handlers\FileHandler' driver.
WARNING - 2023-12-06 08:05:38 --> Session: Sessions is enabled, and one exists. Please don't $session->start();
INFO - 2023-12-06 08:05:58 --> Session: Class initialized using 'CodeIgniter\Session\Handlers\FileHandler' driver.
WARNING - 2023-12-06 08:05:58 --> Session: Sessions is enabled, and one exists. Please don't $session->start();
INFO - 2023-12-06 08:07:01 --> Session: Class initialized using 'CodeIgniter\Session\Handlers\FileHandler' driver.
WARNING - 2023-12-06 08:07:01 --> Session: Sessions is enabled, and one exists. Please don't $session->start();
CRITICAL - 2023-12-06 08:07:15 --> Config\App::$baseURL is invalid.
in SYSTEMPATH\HTTP\SiteURI.php on line 199.
 1 SYSTEMPATH\HTTP\SiteURI.php(145): CodeIgniter\HTTP\SiteURI->normalizeBaseURL(Object(Config\App))
 2 SYSTEMPATH\HTTP\SiteURI.php(100): CodeIgniter\HTTP\SiteURI->determineBaseURL(Object(Config\App), null, null)
 3 SYSTEMPATH\HTTP\SiteURIFactory.php(224): CodeIgniter\HTTP\SiteURI->__construct(Object(Config\App), '/', null)
 4 SYSTEMPATH\HTTP\SiteURIFactory.php(45): CodeIgniter\HTTP\SiteURIFactory->createURIFromRoutePath('/')
 5 SYSTEMPATH\Config\Services.php(799): CodeIgniter\HTTP\SiteURIFactory->createFromGlobals()
 6 SYSTEMPATH\Config\BaseService.php(258): CodeIgniter\Config\Services::uri(null, false)
 7 SYSTEMPATH\Config\BaseService.php(199): CodeIgniter\Config\BaseService::__callStatic('uri', [...])
 8 SYSTEMPATH\Config\Services.php(792): CodeIgniter\Config\BaseService::getSharedInstance('uri', null)
 9 SYSTEMPATH\Config\BaseService.php(258): CodeIgniter\Config\Services::uri()
10 SYSTEMPATH\Config\Services.php(566): CodeIgniter\Config\BaseService::__callStatic('uri', [])
11 SYSTEMPATH\Config\BaseService.php(258): CodeIgniter\Config\Services::incomingrequest(Object(Config\App), false)
12 SYSTEMPATH\Config\Services.php(524): CodeIgniter\Config\BaseService::__callStatic('incomingrequest', [...])
13 SYSTEMPATH\Config\BaseService.php(258): CodeIgniter\Config\Services::request(Object(Config\App), false)
14 SYSTEMPATH\Config\BaseService.php(199): CodeIgniter\Config\BaseService::__callStatic('request', [...])
15 SYSTEMPATH\Config\Services.php(559): CodeIgniter\Config\BaseService::getSharedInstance('request', Object(Config\App))
16 SYSTEMPATH\Config\BaseService.php(258): CodeIgniter\Config\Services::incomingrequest(Object(Config\App))
17 SYSTEMPATH\Config\Services.php(539): CodeIgniter\Config\BaseService::__callStatic('incomingrequest', [...])
18 SYSTEMPATH\Config\BaseService.php(258): CodeIgniter\Config\Services::createRequest(Object(Config\App))
19 SYSTEMPATH\CodeIgniter.php(655): CodeIgniter\Config\BaseService::__callStatic('createRequest', [...])
20 SYSTEMPATH\CodeIgniter.php(355): CodeIgniter\CodeIgniter->getRequestObject()
21 FCPATH\index.php(79): CodeIgniter\CodeIgniter->run()
CRITICAL - 2023-12-06 08:07:15 --> Uncaught CodeIgniter\Exceptions\ConfigException: Config\App::$baseURL is invalid. in D:\xampp\htdocs\idea\system\HTTP\SiteURI.php:199
Stack trace:
#0 D:\xampp\htdocs\idea\system\HTTP\SiteURI.php(145): CodeIgniter\HTTP\SiteURI->normalizeBaseURL(Object(Config\App))
#1 D:\xampp\htdocs\idea\system\HTTP\SiteURI.php(100): CodeIgniter\HTTP\SiteURI->determineBaseURL(Object(Config\App), NULL, NULL)
#2 D:\xampp\htdocs\idea\system\HTTP\SiteURIFactory.php(224): CodeIgniter\HTTP\SiteURI->__construct(Object(Config\App), '/', NULL)
#3 D:\xampp\htdocs\idea\system\HTTP\SiteURIFactory.php(45): CodeIgniter\HTTP\SiteURIFactory->createURIFromRoutePath('/')
#4 D:\xampp\htdocs\idea\system\Config\Services.php(799): CodeIgniter\HTTP\SiteURIFactory->createFromGlobals()
#5 D:\xampp\htdocs\idea\system\Config\BaseService.php(258): CodeIgniter\Config\Services::uri(NULL, false)
#6 D:\xampp\htdocs\idea\system\Config\BaseService.php(199): CodeIgniter\Config\BaseService::__callStatic('uri', Array)
#7 D:\xampp\htdocs\idea\system\Config\Service
Previous Exception
CodeIgniter\Exceptions\ConfigException
Config\App::$baseURL is invalid.
#0 D:\xampp\htdocs\idea\system\HTTP\SiteURI.php(145): CodeIgniter\HTTP\SiteURI->normalizeBaseURL(Object(Config\App))
#1 D:\xampp\htdocs\idea\system\HTTP\SiteURI.php(100): CodeIgniter\HTTP\SiteURI->determineBaseURL(Object(Config\App), NULL, NULL)
#2 D:\xampp\htdocs\idea\system\HTTP\SiteURIFactory.php(224): CodeIgniter\HTTP\SiteURI->__construct(Object(Config\App), '/', NULL)
#3 D:\xampp\htdocs\idea\system\HTTP\SiteURIFactory.php(45): CodeIgniter\HTTP\SiteURIFactory->createURIFromRoutePath('/')
#4 D:\xampp\htdocs\idea\system\Config\Services.php(799): CodeIgniter\HTTP\SiteURIFactory->createFromGlobals()
#5 D:\xampp\htdocs\idea\system\Config\BaseService.php(258): CodeIgniter\Config\Services::uri(NULL, false)
#6 D:\xampp\htdocs\idea\system\Config\BaseService.php(199): CodeIgniter\Config\BaseService::__callStatic('uri', Array)
#7 D:\xampp\htdocs\idea\system\Config\Services.php(792): CodeIgniter\Config\BaseService::getSharedInstance('uri', NULL)
#8 D:\xampp\htdocs\idea\system\Config\BaseService.php(258): CodeIgniter\Config\Services::uri()
#9 D:\xampp\htdocs\idea\system\Config\Services.php(566): CodeIgniter\Config\BaseService::__callStatic('uri', Array)
#10 D:\xampp\htdocs\idea\system\Config\BaseService.php(258): CodeIgniter\Config\Services::incomingrequest(Object(Config\App), false)
#11 D:\xampp\htdocs\idea\system\Config\Services.php(524): CodeIgniter\Config\BaseService::__callStatic('incomingrequest', Array)
#12 D:\xampp\htdocs\idea\system\Config\BaseService.php(258): CodeIgniter\Config\Services::request(Object(Config\App), false)
#13 D:\xampp\htdocs\idea\system\Config\BaseService.php(199): CodeIgniter\Config\BaseService::__callStatic('request', Array)
#14 D:\xampp\htdocs\idea\system\Config\Services.php(559): CodeIgniter\Config\BaseService::getSharedInstance('request', Object(Config\App))
#15 D:\xampp\htdocs\idea\system\Config\BaseService.php(258): CodeIgniter\Config\Services::incomingrequest(Object(Config\App))
#16 D:\xampp\htdocs\idea\system\Config\Services.php(539): CodeIgniter\Config\BaseService::__callStatic('incomingrequest', Array)
#17 D:\xampp\htdocs\idea\system\Config\BaseService.php(258): CodeIgniter\Config\Services::createRequest(Object(Config\App))
#18 D:\xampp\htdocs\idea\system\CodeIgniter.php(655): CodeIgniter\Config\BaseService::__callStatic('createRequest', Array)
#19 D:\xampp\htdocs\idea\system\CodeIgniter.php(355): CodeIgniter\CodeIgniter->getRequestObject()
#20 D:\xampp\htdocs\idea\index.php(79): CodeIgniter\CodeIgniter->run()
#21 {main}
in SYSTEMPATH\HTTP\SiteURI.php on line 199.
 1 [internal function]: CodeIgniter\Debug\Exceptions->shutdownHandler()
INFO - 2023-12-06 08:07:30 --> Session: Class initialized using 'CodeIgniter\Session\Handlers\FileHandler' driver.
WARNING - 2023-12-06 08:07:30 --> Session: Sessions is enabled, and one exists. Please don't $session->start();
INFO - 2023-12-06 08:08:42 --> Session: Class initialized using 'CodeIgniter\Session\Handlers\FileHandler' driver.
WARNING - 2023-12-06 08:08:42 --> Session: Sessions is enabled, and one exists. Please don't $session->start();
INFO - 2023-12-06 08:09:24 --> Session: Class initialized using 'CodeIgniter\Session\Handlers\FileHandler' driver.
WARNING - 2023-12-06 08:09:24 --> Session: Sessions is enabled, and one exists. Please don't $session->start();
INFO - 2023-12-06 08:09:26 --> Session: Class initialized using 'CodeIgniter\Session\Handlers\FileHandler' driver.
WARNING - 2023-12-06 08:09:26 --> Session: Sessions is enabled, and one exists. Please don't $session->start();
INFO - 2023-12-06 08:09:26 --> Session: Class initialized using 'CodeIgniter\Session\Handlers\FileHandler' driver.
WARNING - 2023-12-06 08:09:26 --> Session: Sessions is enabled, and one exists. Please don't $session->start();
WARNING - 2023-12-06 08:09:26 --> Session: Sessions is enabled, and one exists. Please don't $session->start();
INFO - 2023-12-06 08:09:34 --> Session: Class initialized using 'CodeIgniter\Session\Handlers\FileHandler' driver.
WARNING - 2023-12-06 08:09:34 --> Session: Sessions is enabled, and one exists. Please don't $session->start();
INFO - 2023-12-06 08:09:34 --> Session: Class initialized using 'CodeIgniter\Session\Handlers\FileHandler' driver.
WARNING - 2023-12-06 08:09:34 --> Session: Sessions is enabled, and one exists. Please don't $session->start();
INFO - 2023-12-06 08:09:36 --> Session: Class initialized using 'CodeIgniter\Session\Handlers\FileHandler' driver.
WARNING - 2023-12-06 08:09:36 --> Session: Sessions is enabled, and one exists. Please don't $session->start();
INFO - 2023-12-06 08:09:36 --> Session: Class initialized using 'CodeIgniter\Session\Handlers\FileHandler' driver.
WARNING - 2023-12-06 08:09:36 --> Session: Sessions is enabled, and one exists. Please don't $session->start();
INFO - 2023-12-06 08:09:38 --> Session: Class initialized using 'CodeIgniter\Session\Handlers\FileHandler' driver.
WARNING - 2023-12-06 08:09:38 --> Session: Sessions is enabled, and one exists. Please don't $session->start();
INFO - 2023-12-06 08:09:41 --> Session: Class initialized using 'CodeIgniter\Session\Handlers\FileHandler' driver.
WARNING - 2023-12-06 08:09:41 --> Session: Sessions is enabled, and one exists. Please don't $session->start();
INFO - 2023-12-06 08:09:41 --> Session: Class initialized using 'CodeIgniter\Session\Handlers\FileHandler' driver.
WARNING - 2023-12-06 08:09:41 --> Session: Sessions is enabled, and one exists. Please don't $session->start();
WARNING - 2023-12-06 08:09:41 --> Session: Sessions is enabled, and one exists. Please don't $session->start();
INFO - 2023-12-06 08:15:11 --> Session: Class initialized using 'CodeIgniter\Session\Handlers\FileHandler' driver.
WARNING - 2023-12-06 08:15:11 --> Session: Sessions is enabled, and one exists. Please don't $session->start();
WARNING - 2023-12-06 08:15:11 --> Session: Sessions is enabled, and one exists. Please don't $session->start();
INFO - 2023-12-06 08:15:14 --> Session: Class initialized using 'CodeIgniter\Session\Handlers\FileHandler' driver.
WARNING - 2023-12-06 08:15:14 --> Session: Sessions is enabled, and one exists. Please don't $session->start();
WARNING - 2023-12-06 08:15:14 --> Session: Sessions is enabled, and one exists. Please don't $session->start();
INFO - 2023-12-06 08:15:18 --> Session: Class initialized using 'CodeIgniter\Session\Handlers\FileHandler' driver.
WARNING - 2023-12-06 08:15:18 --> Session: Sessions is enabled, and one exists. Please don't $session->start();
INFO - 2023-12-06 08:15:33 --> Session: Class initialized using 'CodeIgniter\Session\Handlers\FileHandler' driver.
WARNING - 2023-12-06 08:15:33 --> Session: Sessions is enabled, and one exists. Please don't $session->start();
INFO - 2023-12-06 08:15:36 --> Session: Class initialized using 'CodeIgniter\Session\Handlers\FileHandler' driver.
WARNING - 2023-12-06 08:15:36 --> Session: Sessions is enabled, and one exists. Please don't $session->start();
INFO - 2023-12-06 08:15:36 --> Session: Class initialized using 'CodeIgniter\Session\Handlers\FileHandler' driver.
WARNING - 2023-12-06 08:15:36 --> Session: Sessions is enabled, and one exists. Please don't $session->start();
WARNING - 2023-12-06 08:15:36 --> Session: Sessions is enabled, and one exists. Please don't $session->start();
CRITICAL - 2023-12-06 08:19:12 --> Config\App::$baseURL is invalid.
in SYSTEMPATH\HTTP\SiteURI.php on line 199.
 1 SYSTEMPATH\HTTP\SiteURI.php(145): CodeIgniter\HTTP\SiteURI->normalizeBaseURL(Object(Config\App))
 2 SYSTEMPATH\HTTP\SiteURI.php(100): CodeIgniter\HTTP\SiteURI->determineBaseURL(Object(Config\App), null, null)
 3 SYSTEMPATH\HTTP\SiteURIFactory.php(224): CodeIgniter\HTTP\SiteURI->__construct(Object(Config\App), '/', null)
 4 SYSTEMPATH\HTTP\SiteURIFactory.php(45): CodeIgniter\HTTP\SiteURIFactory->createURIFromRoutePath('/')
 5 SYSTEMPATH\Config\Services.php(799): CodeIgniter\HTTP\SiteURIFactory->createFromGlobals()
 6 SYSTEMPATH\Config\BaseService.php(258): CodeIgniter\Config\Services::uri(null, false)
 7 SYSTEMPATH\Config\BaseService.php(199): CodeIgniter\Config\BaseService::__callStatic('uri', [...])
 8 SYSTEMPATH\Config\Services.php(792): CodeIgniter\Config\BaseService::getSharedInstance('uri', null)
 9 SYSTEMPATH\Config\BaseService.php(258): CodeIgniter\Config\Services::uri()
10 SYSTEMPATH\Config\Services.php(566): CodeIgniter\Config\BaseService::__callStatic('uri', [])
11 SYSTEMPATH\Config\BaseService.php(258): CodeIgniter\Config\Services::incomingrequest(Object(Config\App), false)
12 SYSTEMPATH\Config\Services.php(524): CodeIgniter\Config\BaseService::__callStatic('incomingrequest', [...])
13 SYSTEMPATH\Config\BaseService.php(258): CodeIgniter\Config\Services::request(Object(Config\App), false)
14 SYSTEMPATH\Config\BaseService.php(199): CodeIgniter\Config\BaseService::__callStatic('request', [...])
15 SYSTEMPATH\Config\Services.php(559): CodeIgniter\Config\BaseService::getSharedInstance('request', Object(Config\App))
16 SYSTEMPATH\Config\BaseService.php(258): CodeIgniter\Config\Services::incomingrequest(Object(Config\App))
17 SYSTEMPATH\Config\Services.php(539): CodeIgniter\Config\BaseService::__callStatic('incomingrequest', [...])
18 SYSTEMPATH\Config\BaseService.php(258): CodeIgniter\Config\Services::createRequest(Object(Config\App))
19 SYSTEMPATH\CodeIgniter.php(655): CodeIgniter\Config\BaseService::__callStatic('createRequest', [...])
20 SYSTEMPATH\CodeIgniter.php(355): CodeIgniter\CodeIgniter->getRequestObject()
21 FCPATH\index.php(79): CodeIgniter\CodeIgniter->run()
CRITICAL - 2023-12-06 08:19:12 --> Uncaught CodeIgniter\Exceptions\ConfigException: Config\App::$baseURL is invalid. in D:\xampp\htdocs\idea\system\HTTP\SiteURI.php:199
Stack trace:
#0 D:\xampp\htdocs\idea\system\HTTP\SiteURI.php(145): CodeIgniter\HTTP\SiteURI->normalizeBaseURL(Object(Config\App))
#1 D:\xampp\htdocs\idea\system\HTTP\SiteURI.php(100): CodeIgniter\HTTP\SiteURI->determineBaseURL(Object(Config\App), NULL, NULL)
#2 D:\xampp\htdocs\idea\system\HTTP\SiteURIFactory.php(224): CodeIgniter\HTTP\SiteURI->__construct(Object(Config\App), '/', NULL)
#3 D:\xampp\htdocs\idea\system\HTTP\SiteURIFactory.php(45): CodeIgniter\HTTP\SiteURIFactory->createURIFromRoutePath('/')
#4 D:\xampp\htdocs\idea\system\Config\Services.php(799): CodeIgniter\HTTP\SiteURIFactory->createFromGlobals()
#5 D:\xampp\htdocs\idea\system\Config\BaseService.php(258): CodeIgniter\Config\Services::uri(NULL, false)
#6 D:\xampp\htdocs\idea\system\Config\BaseService.php(199): CodeIgniter\Config\BaseService::__callStatic('uri', Array)
#7 D:\xampp\htdocs\idea\system\Config\Service
Previous Exception
CodeIgniter\Exceptions\ConfigException
Config\App::$baseURL is invalid.
#0 D:\xampp\htdocs\idea\system\HTTP\SiteURI.php(145): CodeIgniter\HTTP\SiteURI->normalizeBaseURL(Object(Config\App))
#1 D:\xampp\htdocs\idea\system\HTTP\SiteURI.php(100): CodeIgniter\HTTP\SiteURI->determineBaseURL(Object(Config\App), NULL, NULL)
#2 D:\xampp\htdocs\idea\system\HTTP\SiteURIFactory.php(224): CodeIgniter\HTTP\SiteURI->__construct(Object(Config\App), '/', NULL)
#3 D:\xampp\htdocs\idea\system\HTTP\SiteURIFactory.php(45): CodeIgniter\HTTP\SiteURIFactory->createURIFromRoutePath('/')
#4 D:\xampp\htdocs\idea\system\Config\Services.php(799): CodeIgniter\HTTP\SiteURIFactory->createFromGlobals()
#5 D:\xampp\htdocs\idea\system\Config\BaseService.php(258): CodeIgniter\Config\Services::uri(NULL, false)
#6 D:\xampp\htdocs\idea\system\Config\BaseService.php(199): CodeIgniter\Config\BaseService::__callStatic('uri', Array)
#7 D:\xampp\htdocs\idea\system\Config\Services.php(792): CodeIgniter\Config\BaseService::getSharedInstance('uri', NULL)
#8 D:\xampp\htdocs\idea\system\Config\BaseService.php(258): CodeIgniter\Config\Services::uri()
#9 D:\xampp\htdocs\idea\system\Config\Services.php(566): CodeIgniter\Config\BaseService::__callStatic('uri', Array)
#10 D:\xampp\htdocs\idea\system\Config\BaseService.php(258): CodeIgniter\Config\Services::incomingrequest(Object(Config\App), false)
#11 D:\xampp\htdocs\idea\system\Config\Services.php(524): CodeIgniter\Config\BaseService::__callStatic('incomingrequest', Array)
#12 D:\xampp\htdocs\idea\system\Config\BaseService.php(258): CodeIgniter\Config\Services::request(Object(Config\App), false)
#13 D:\xampp\htdocs\idea\system\Config\BaseService.php(199): CodeIgniter\Config\BaseService::__callStatic('request', Array)
#14 D:\xampp\htdocs\idea\system\Config\Services.php(559): CodeIgniter\Config\BaseService::getSharedInstance('request', Object(Config\App))
#15 D:\xampp\htdocs\idea\system\Config\BaseService.php(258): CodeIgniter\Config\Services::incomingrequest(Object(Config\App))
#16 D:\xampp\htdocs\idea\system\Config\Services.php(539): CodeIgniter\Config\BaseService::__callStatic('incomingrequest', Array)
#17 D:\xampp\htdocs\idea\system\Config\BaseService.php(258): CodeIgniter\Config\Services::createRequest(Object(Config\App))
#18 D:\xampp\htdocs\idea\system\CodeIgniter.php(655): CodeIgniter\Config\BaseService::__callStatic('createRequest', Array)
#19 D:\xampp\htdocs\idea\system\CodeIgniter.php(355): CodeIgniter\CodeIgniter->getRequestObject()
#20 D:\xampp\htdocs\idea\index.php(79): CodeIgniter\CodeIgniter->run()
#21 {main}
in SYSTEMPATH\HTTP\SiteURI.php on line 199.
 1 [internal function]: CodeIgniter\Debug\Exceptions->shutdownHandler()
CRITICAL - 2023-12-06 08:21:29 --> Config\App::$baseURL is invalid.
in SYSTEMPATH\HTTP\SiteURI.php on line 199.
 1 SYSTEMPATH\HTTP\SiteURI.php(145): CodeIgniter\HTTP\SiteURI->normalizeBaseURL(Object(Config\App))
 2 SYSTEMPATH\HTTP\SiteURI.php(100): CodeIgniter\HTTP\SiteURI->determineBaseURL(Object(Config\App), null, null)
 3 SYSTEMPATH\HTTP\SiteURIFactory.php(224): CodeIgniter\HTTP\SiteURI->__construct(Object(Config\App), '/', null)
 4 SYSTEMPATH\HTTP\SiteURIFactory.php(45): CodeIgniter\HTTP\SiteURIFactory->createURIFromRoutePath('/')
 5 SYSTEMPATH\Config\Services.php(799): CodeIgniter\HTTP\SiteURIFactory->createFromGlobals()
 6 SYSTEMPATH\Config\BaseService.php(258): CodeIgniter\Config\Services::uri(null, false)
 7 SYSTEMPATH\Config\BaseService.php(199): CodeIgniter\Config\BaseService::__callStatic('uri', [...])
 8 SYSTEMPATH\Config\Services.php(792): CodeIgniter\Config\BaseService::getSharedInstance('uri', null)
 9 SYSTEMPATH\Config\BaseService.php(258): CodeIgniter\Config\Services::uri()
10 SYSTEMPATH\Config\Services.php(566): CodeIgniter\Config\BaseService::__callStatic('uri', [])
11 SYSTEMPATH\Config\BaseService.php(258): CodeIgniter\Config\Services::incomingrequest(Object(Config\App), false)
12 SYSTEMPATH\Config\Services.php(524): CodeIgniter\Config\BaseService::__callStatic('incomingrequest', [...])
13 SYSTEMPATH\Config\BaseService.php(258): CodeIgniter\Config\Services::request(Object(Config\App), false)
14 SYSTEMPATH\Config\BaseService.php(199): CodeIgniter\Config\BaseService::__callStatic('request', [...])
15 SYSTEMPATH\Config\Services.php(559): CodeIgniter\Config\BaseService::getSharedInstance('request', Object(Config\App))
16 SYSTEMPATH\Config\BaseService.php(258): CodeIgniter\Config\Services::incomingrequest(Object(Config\App))
17 SYSTEMPATH\Config\Services.php(539): CodeIgniter\Config\BaseService::__callStatic('incomingrequest', [...])
18 SYSTEMPATH\Config\BaseService.php(258): CodeIgniter\Config\Services::createRequest(Object(Config\App))
19 SYSTEMPATH\CodeIgniter.php(655): CodeIgniter\Config\BaseService::__callStatic('createRequest', [...])
20 SYSTEMPATH\CodeIgniter.php(355): CodeIgniter\CodeIgniter->getRequestObject()
21 FCPATH\index.php(79): CodeIgniter\CodeIgniter->run()
CRITICAL - 2023-12-06 08:21:29 --> Uncaught CodeIgniter\Exceptions\ConfigException: Config\App::$baseURL is invalid. in D:\xampp\htdocs\idea\system\HTTP\SiteURI.php:199
Stack trace:
#0 D:\xampp\htdocs\idea\system\HTTP\SiteURI.php(145): CodeIgniter\HTTP\SiteURI->normalizeBaseURL(Object(Config\App))
#1 D:\xampp\htdocs\idea\system\HTTP\SiteURI.php(100): CodeIgniter\HTTP\SiteURI->determineBaseURL(Object(Config\App), NULL, NULL)
#2 D:\xampp\htdocs\idea\system\HTTP\SiteURIFactory.php(224): CodeIgniter\HTTP\SiteURI->__construct(Object(Config\App), '/', NULL)
#3 D:\xampp\htdocs\idea\system\HTTP\SiteURIFactory.php(45): CodeIgniter\HTTP\SiteURIFactory->createURIFromRoutePath('/')
#4 D:\xampp\htdocs\idea\system\Config\Services.php(799): CodeIgniter\HTTP\SiteURIFactory->createFromGlobals()
#5 D:\xampp\htdocs\idea\system\Config\BaseService.php(258): CodeIgniter\Config\Services::uri(NULL, false)
#6 D:\xampp\htdocs\idea\system\Config\BaseService.php(199): CodeIgniter\Config\BaseService::__callStatic('uri', Array)
#7 D:\xampp\htdocs\idea\system\Config\Service
Previous Exception
CodeIgniter\Exceptions\ConfigException
Config\App::$baseURL is invalid.
#0 D:\xampp\htdocs\idea\system\HTTP\SiteURI.php(145): CodeIgniter\HTTP\SiteURI->normalizeBaseURL(Object(Config\App))
#1 D:\xampp\htdocs\idea\system\HTTP\SiteURI.php(100): CodeIgniter\HTTP\SiteURI->determineBaseURL(Object(Config\App), NULL, NULL)
#2 D:\xampp\htdocs\idea\system\HTTP\SiteURIFactory.php(224): CodeIgniter\HTTP\SiteURI->__construct(Object(Config\App), '/', NULL)
#3 D:\xampp\htdocs\idea\system\HTTP\SiteURIFactory.php(45): CodeIgniter\HTTP\SiteURIFactory->createURIFromRoutePath('/')
#4 D:\xampp\htdocs\idea\system\Config\Services.php(799): CodeIgniter\HTTP\SiteURIFactory->createFromGlobals()
#5 D:\xampp\htdocs\idea\system\Config\BaseService.php(258): CodeIgniter\Config\Services::uri(NULL, false)
#6 D:\xampp\htdocs\idea\system\Config\BaseService.php(199): CodeIgniter\Config\BaseService::__callStatic('uri', Array)
#7 D:\xampp\htdocs\idea\system\Config\Services.php(792): CodeIgniter\Config\BaseService::getSharedInstance('uri', NULL)
#8 D:\xampp\htdocs\idea\system\Config\BaseService.php(258): CodeIgniter\Config\Services::uri()
#9 D:\xampp\htdocs\idea\system\Config\Services.php(566): CodeIgniter\Config\BaseService::__callStatic('uri', Array)
#10 D:\xampp\htdocs\idea\system\Config\BaseService.php(258): CodeIgniter\Config\Services::incomingrequest(Object(Config\App), false)
#11 D:\xampp\htdocs\idea\system\Config\Services.php(524): CodeIgniter\Config\BaseService::__callStatic('incomingrequest', Array)
#12 D:\xampp\htdocs\idea\system\Config\BaseService.php(258): CodeIgniter\Config\Services::request(Object(Config\App), false)
#13 D:\xampp\htdocs\idea\system\Config\BaseService.php(199): CodeIgniter\Config\BaseService::__callStatic('request', Array)
#14 D:\xampp\htdocs\idea\system\Config\Services.php(559): CodeIgniter\Config\BaseService::getSharedInstance('request', Object(Config\App))
#15 D:\xampp\htdocs\idea\system\Config\BaseService.php(258): CodeIgniter\Config\Services::incomingrequest(Object(Config\App))
#16 D:\xampp\htdocs\idea\system\Config\Services.php(539): CodeIgniter\Config\BaseService::__callStatic('incomingrequest', Array)
#17 D:\xampp\htdocs\idea\system\Config\BaseService.php(258): CodeIgniter\Config\Services::createRequest(Object(Config\App))
#18 D:\xampp\htdocs\idea\system\CodeIgniter.php(655): CodeIgniter\Config\BaseService::__callStatic('createRequest', Array)
#19 D:\xampp\htdocs\idea\system\CodeIgniter.php(355): CodeIgniter\CodeIgniter->getRequestObject()
#20 D:\xampp\htdocs\idea\index.php(79): CodeIgniter\CodeIgniter->run()
#21 {main}
in SYSTEMPATH\HTTP\SiteURI.php on line 199.
 1 [internal function]: CodeIgniter\Debug\Exceptions->shutdownHandler()
CRITICAL - 2023-12-06 08:22:16 --> Config\App::$baseURL is invalid.
in SYSTEMPATH\HTTP\SiteURI.php on line 199.
 1 SYSTEMPATH\HTTP\SiteURI.php(145): CodeIgniter\HTTP\SiteURI->normalizeBaseURL(Object(Config\App))
 2 SYSTEMPATH\HTTP\SiteURI.php(100): CodeIgniter\HTTP\SiteURI->determineBaseURL(Object(Config\App), null, null)
 3 SYSTEMPATH\HTTP\SiteURIFactory.php(224): CodeIgniter\HTTP\SiteURI->__construct(Object(Config\App), '/', null)
 4 SYSTEMPATH\HTTP\SiteURIFactory.php(45): CodeIgniter\HTTP\SiteURIFactory->createURIFromRoutePath('/')
 5 SYSTEMPATH\Config\Services.php(799): CodeIgniter\HTTP\SiteURIFactory->createFromGlobals()
 6 SYSTEMPATH\Config\BaseService.php(258): CodeIgniter\Config\Services::uri(null, false)
 7 SYSTEMPATH\Config\BaseService.php(199): CodeIgniter\Config\BaseService::__callStatic('uri', [...])
 8 SYSTEMPATH\Config\Services.php(792): CodeIgniter\Config\BaseService::getSharedInstance('uri', null)
 9 SYSTEMPATH\Config\BaseService.php(258): CodeIgniter\Config\Services::uri()
10 SYSTEMPATH\Config\Services.php(566): CodeIgniter\Config\BaseService::__callStatic('uri', [])
11 SYSTEMPATH\Config\BaseService.php(258): CodeIgniter\Config\Services::incomingrequest(Object(Config\App), false)
12 SYSTEMPATH\Config\Services.php(524): CodeIgniter\Config\BaseService::__callStatic('incomingrequest', [...])
13 SYSTEMPATH\Config\BaseService.php(258): CodeIgniter\Config\Services::request(Object(Config\App), false)
14 SYSTEMPATH\Config\BaseService.php(199): CodeIgniter\Config\BaseService::__callStatic('request', [...])
15 SYSTEMPATH\Config\Services.php(559): CodeIgniter\Config\BaseService::getSharedInstance('request', Object(Config\App))
16 SYSTEMPATH\Config\BaseService.php(258): CodeIgniter\Config\Services::incomingrequest(Object(Config\App))
17 SYSTEMPATH\Config\Services.php(539): CodeIgniter\Config\BaseService::__callStatic('incomingrequest', [...])
18 SYSTEMPATH\Config\BaseService.php(258): CodeIgniter\Config\Services::createRequest(Object(Config\App))
19 SYSTEMPATH\CodeIgniter.php(655): CodeIgniter\Config\BaseService::__callStatic('createRequest', [...])
20 SYSTEMPATH\CodeIgniter.php(355): CodeIgniter\CodeIgniter->getRequestObject()
21 FCPATH\index.php(79): CodeIgniter\CodeIgniter->run()
CRITICAL - 2023-12-06 08:22:16 --> Uncaught CodeIgniter\Exceptions\ConfigException: Config\App::$baseURL is invalid. in D:\xampp\htdocs\idea\system\HTTP\SiteURI.php:199
Stack trace:
#0 D:\xampp\htdocs\idea\system\HTTP\SiteURI.php(145): CodeIgniter\HTTP\SiteURI->normalizeBaseURL(Object(Config\App))
#1 D:\xampp\htdocs\idea\system\HTTP\SiteURI.php(100): CodeIgniter\HTTP\SiteURI->determineBaseURL(Object(Config\App), NULL, NULL)
#2 D:\xampp\htdocs\idea\system\HTTP\SiteURIFactory.php(224): CodeIgniter\HTTP\SiteURI->__construct(Object(Config\App), '/', NULL)
#3 D:\xampp\htdocs\idea\system\HTTP\SiteURIFactory.php(45): CodeIgniter\HTTP\SiteURIFactory->createURIFromRoutePath('/')
#4 D:\xampp\htdocs\idea\system\Config\Services.php(799): CodeIgniter\HTTP\SiteURIFactory->createFromGlobals()
#5 D:\xampp\htdocs\idea\system\Config\BaseService.php(258): CodeIgniter\Config\Services::uri(NULL, false)
#6 D:\xampp\htdocs\idea\system\Config\BaseService.php(199): CodeIgniter\Config\BaseService::__callStatic('uri', Array)
#7 D:\xampp\htdocs\idea\system\Config\Service
Previous Exception
CodeIgniter\Exceptions\ConfigException
Config\App::$baseURL is invalid.
#0 D:\xampp\htdocs\idea\system\HTTP\SiteURI.php(145): CodeIgniter\HTTP\SiteURI->normalizeBaseURL(Object(Config\App))
#1 D:\xampp\htdocs\idea\system\HTTP\SiteURI.php(100): CodeIgniter\HTTP\SiteURI->determineBaseURL(Object(Config\App), NULL, NULL)
#2 D:\xampp\htdocs\idea\system\HTTP\SiteURIFactory.php(224): CodeIgniter\HTTP\SiteURI->__construct(Object(Config\App), '/', NULL)
#3 D:\xampp\htdocs\idea\system\HTTP\SiteURIFactory.php(45): CodeIgniter\HTTP\SiteURIFactory->createURIFromRoutePath('/')
#4 D:\xampp\htdocs\idea\system\Config\Services.php(799): CodeIgniter\HTTP\SiteURIFactory->createFromGlobals()
#5 D:\xampp\htdocs\idea\system\Config\BaseService.php(258): CodeIgniter\Config\Services::uri(NULL, false)
#6 D:\xampp\htdocs\idea\system\Config\BaseService.php(199): CodeIgniter\Config\BaseService::__callStatic('uri', Array)
#7 D:\xampp\htdocs\idea\system\Config\Services.php(792): CodeIgniter\Config\BaseService::getSharedInstance('uri', NULL)
#8 D:\xampp\htdocs\idea\system\Config\BaseService.php(258): CodeIgniter\Config\Services::uri()
#9 D:\xampp\htdocs\idea\system\Config\Services.php(566): CodeIgniter\Config\BaseService::__callStatic('uri', Array)
#10 D:\xampp\htdocs\idea\system\Config\BaseService.php(258): CodeIgniter\Config\Services::incomingrequest(Object(Config\App), false)
#11 D:\xampp\htdocs\idea\system\Config\Services.php(524): CodeIgniter\Config\BaseService::__callStatic('incomingrequest', Array)
#12 D:\xampp\htdocs\idea\system\Config\BaseService.php(258): CodeIgniter\Config\Services::request(Object(Config\App), false)
#13 D:\xampp\htdocs\idea\system\Config\BaseService.php(199): CodeIgniter\Config\BaseService::__callStatic('request', Array)
#14 D:\xampp\htdocs\idea\system\Config\Services.php(559): CodeIgniter\Config\BaseService::getSharedInstance('request', Object(Config\App))
#15 D:\xampp\htdocs\idea\system\Config\BaseService.php(258): CodeIgniter\Config\Services::incomingrequest(Object(Config\App))
#16 D:\xampp\htdocs\idea\system\Config\Services.php(539): CodeIgniter\Config\BaseService::__callStatic('incomingrequest', Array)
#17 D:\xampp\htdocs\idea\system\Config\BaseService.php(258): CodeIgniter\Config\Services::createRequest(Object(Config\App))
#18 D:\xampp\htdocs\idea\system\CodeIgniter.php(655): CodeIgniter\Config\BaseService::__callStatic('createRequest', Array)
#19 D:\xampp\htdocs\idea\system\CodeIgniter.php(355): CodeIgniter\CodeIgniter->getRequestObject()
#20 D:\xampp\htdocs\idea\index.php(79): CodeIgniter\CodeIgniter->run()
#21 {main}
in SYSTEMPATH\HTTP\SiteURI.php on line 199.
 1 [internal function]: CodeIgniter\Debug\Exceptions->shutdownHandler()
CRITICAL - 2023-12-06 08:22:21 --> Config\App::$baseURL is invalid.
in SYSTEMPATH\HTTP\SiteURI.php on line 199.
 1 SYSTEMPATH\HTTP\SiteURI.php(145): CodeIgniter\HTTP\SiteURI->normalizeBaseURL(Object(Config\App))
 2 SYSTEMPATH\HTTP\SiteURI.php(100): CodeIgniter\HTTP\SiteURI->determineBaseURL(Object(Config\App), null, null)
 3 SYSTEMPATH\HTTP\SiteURIFactory.php(224): CodeIgniter\HTTP\SiteURI->__construct(Object(Config\App), '/', null)
 4 SYSTEMPATH\HTTP\SiteURIFactory.php(45): CodeIgniter\HTTP\SiteURIFactory->createURIFromRoutePath('/')
 5 SYSTEMPATH\Config\Services.php(799): CodeIgniter\HTTP\SiteURIFactory->createFromGlobals()
 6 SYSTEMPATH\Config\BaseService.php(258): CodeIgniter\Config\Services::uri(null, false)
 7 SYSTEMPATH\Config\BaseService.php(199): CodeIgniter\Config\BaseService::__callStatic('uri', [...])
 8 SYSTEMPATH\Config\Services.php(792): CodeIgniter\Config\BaseService::getSharedInstance('uri', null)
 9 SYSTEMPATH\Config\BaseService.php(258): CodeIgniter\Config\Services::uri()
10 SYSTEMPATH\Config\Services.php(566): CodeIgniter\Config\BaseService::__callStatic('uri', [])
11 SYSTEMPATH\Config\BaseService.php(258): CodeIgniter\Config\Services::incomingrequest(Object(Config\App), false)
12 SYSTEMPATH\Config\Services.php(524): CodeIgniter\Config\BaseService::__callStatic('incomingrequest', [...])
13 SYSTEMPATH\Config\BaseService.php(258): CodeIgniter\Config\Services::request(Object(Config\App), false)
14 SYSTEMPATH\Config\BaseService.php(199): CodeIgniter\Config\BaseService::__callStatic('request', [...])
15 SYSTEMPATH\Config\Services.php(559): CodeIgniter\Config\BaseService::getSharedInstance('request', Object(Config\App))
16 SYSTEMPATH\Config\BaseService.php(258): CodeIgniter\Config\Services::incomingrequest(Object(Config\App))
17 SYSTEMPATH\Config\Services.php(539): CodeIgniter\Config\BaseService::__callStatic('incomingrequest', [...])
18 SYSTEMPATH\Config\BaseService.php(258): CodeIgniter\Config\Services::createRequest(Object(Config\App))
19 SYSTEMPATH\CodeIgniter.php(655): CodeIgniter\Config\BaseService::__callStatic('createRequest', [...])
20 SYSTEMPATH\CodeIgniter.php(355): CodeIgniter\CodeIgniter->getRequestObject()
21 FCPATH\index.php(79): CodeIgniter\CodeIgniter->run()
CRITICAL - 2023-12-06 08:22:21 --> Uncaught CodeIgniter\Exceptions\ConfigException: Config\App::$baseURL is invalid. in D:\xampp\htdocs\idea\system\HTTP\SiteURI.php:199
Stack trace:
#0 D:\xampp\htdocs\idea\system\HTTP\SiteURI.php(145): CodeIgniter\HTTP\SiteURI->normalizeBaseURL(Object(Config\App))
#1 D:\xampp\htdocs\idea\system\HTTP\SiteURI.php(100): CodeIgniter\HTTP\SiteURI->determineBaseURL(Object(Config\App), NULL, NULL)
#2 D:\xampp\htdocs\idea\system\HTTP\SiteURIFactory.php(224): CodeIgniter\HTTP\SiteURI->__construct(Object(Config\App), '/', NULL)
#3 D:\xampp\htdocs\idea\system\HTTP\SiteURIFactory.php(45): CodeIgniter\HTTP\SiteURIFactory->createURIFromRoutePath('/')
#4 D:\xampp\htdocs\idea\system\Config\Services.php(799): CodeIgniter\HTTP\SiteURIFactory->createFromGlobals()
#5 D:\xampp\htdocs\idea\system\Config\BaseService.php(258): CodeIgniter\Config\Services::uri(NULL, false)
#6 D:\xampp\htdocs\idea\system\Config\BaseService.php(199): CodeIgniter\Config\BaseService::__callStatic('uri', Array)
#7 D:\xampp\htdocs\idea\system\Config\Service
Previous Exception
CodeIgniter\Exceptions\ConfigException
Config\App::$baseURL is invalid.
#0 D:\xampp\htdocs\idea\system\HTTP\SiteURI.php(145): CodeIgniter\HTTP\SiteURI->normalizeBaseURL(Object(Config\App))
#1 D:\xampp\htdocs\idea\system\HTTP\SiteURI.php(100): CodeIgniter\HTTP\SiteURI->determineBaseURL(Object(Config\App), NULL, NULL)
#2 D:\xampp\htdocs\idea\system\HTTP\SiteURIFactory.php(224): CodeIgniter\HTTP\SiteURI->__construct(Object(Config\App), '/', NULL)
#3 D:\xampp\htdocs\idea\system\HTTP\SiteURIFactory.php(45): CodeIgniter\HTTP\SiteURIFactory->createURIFromRoutePath('/')
#4 D:\xampp\htdocs\idea\system\Config\Services.php(799): CodeIgniter\HTTP\SiteURIFactory->createFromGlobals()
#5 D:\xampp\htdocs\idea\system\Config\BaseService.php(258): CodeIgniter\Config\Services::uri(NULL, false)
#6 D:\xampp\htdocs\idea\system\Config\BaseService.php(199): CodeIgniter\Config\BaseService::__callStatic('uri', Array)
#7 D:\xampp\htdocs\idea\system\Config\Services.php(792): CodeIgniter\Config\BaseService::getSharedInstance('uri', NULL)
#8 D:\xampp\htdocs\idea\system\Config\BaseService.php(258): CodeIgniter\Config\Services::uri()
#9 D:\xampp\htdocs\idea\system\Config\Services.php(566): CodeIgniter\Config\BaseService::__callStatic('uri', Array)
#10 D:\xampp\htdocs\idea\system\Config\BaseService.php(258): CodeIgniter\Config\Services::incomingrequest(Object(Config\App), false)
#11 D:\xampp\htdocs\idea\system\Config\Services.php(524): CodeIgniter\Config\BaseService::__callStatic('incomingrequest', Array)
#12 D:\xampp\htdocs\idea\system\Config\BaseService.php(258): CodeIgniter\Config\Services::request(Object(Config\App), false)
#13 D:\xampp\htdocs\idea\system\Config\BaseService.php(199): CodeIgniter\Config\BaseService::__callStatic('request', Array)
#14 D:\xampp\htdocs\idea\system\Config\Services.php(559): CodeIgniter\Config\BaseService::getSharedInstance('request', Object(Config\App))
#15 D:\xampp\htdocs\idea\system\Config\BaseService.php(258): CodeIgniter\Config\Services::incomingrequest(Object(Config\App))
#16 D:\xampp\htdocs\idea\system\Config\Services.php(539): CodeIgniter\Config\BaseService::__callStatic('incomingrequest', Array)
#17 D:\xampp\htdocs\idea\system\Config\BaseService.php(258): CodeIgniter\Config\Services::createRequest(Object(Config\App))
#18 D:\xampp\htdocs\idea\system\CodeIgniter.php(655): CodeIgniter\Config\BaseService::__callStatic('createRequest', Array)
#19 D:\xampp\htdocs\idea\system\CodeIgniter.php(355): CodeIgniter\CodeIgniter->getRequestObject()
#20 D:\xampp\htdocs\idea\index.php(79): CodeIgniter\CodeIgniter->run()
#21 {main}
in SYSTEMPATH\HTTP\SiteURI.php on line 199.
 1 [internal function]: CodeIgniter\Debug\Exceptions->shutdownHandler()
INFO - 2023-12-06 08:24:04 --> Session: Class initialized using 'CodeIgniter\Session\Handlers\FileHandler' driver.
WARNING - 2023-12-06 08:24:04 --> Session: Sessions is enabled, and one exists. Please don't $session->start();
INFO - 2023-12-06 08:27:19 --> Session: Class initialized using 'CodeIgniter\Session\Handlers\FileHandler' driver.
WARNING - 2023-12-06 08:27:19 --> Session: Sessions is enabled, and one exists. Please don't $session->start();
INFO - 2023-12-06 08:27:27 --> Session: Class initialized using 'CodeIgniter\Session\Handlers\FileHandler' driver.
WARNING - 2023-12-06 08:27:27 --> Session: Sessions is enabled, and one exists. Please don't $session->start();
INFO - 2023-12-06 08:27:27 --> Session: Class initialized using 'CodeIgniter\Session\Handlers\FileHandler' driver.
WARNING - 2023-12-06 08:27:27 --> Session: Sessions is enabled, and one exists. Please don't $session->start();
WARNING - 2023-12-06 08:27:27 --> Session: Sessions is enabled, and one exists. Please don't $session->start();
INFO - 2023-12-06 08:27:32 --> Session: Class initialized using 'CodeIgniter\Session\Handlers\FileHandler' driver.
WARNING - 2023-12-06 08:27:32 --> Session: Sessions is enabled, and one exists. Please don't $session->start();
WARNING - 2023-12-06 08:27:32 --> Session: Sessions is enabled, and one exists. Please don't $session->start();
INFO - 2023-12-06 08:27:34 --> Session: Class initialized using 'CodeIgniter\Session\Handlers\FileHandler' driver.
WARNING - 2023-12-06 08:27:34 --> Session: Sessions is enabled, and one exists. Please don't $session->start();
INFO - 2023-12-06 08:27:34 --> Session: Class initialized using 'CodeIgniter\Session\Handlers\FileHandler' driver.
WARNING - 2023-12-06 08:27:34 --> Session: Sessions is enabled, and one exists. Please don't $session->start();
INFO - 2023-12-06 08:27:41 --> Session: Class initialized using 'CodeIgniter\Session\Handlers\FileHandler' driver.
WARNING - 2023-12-06 08:27:41 --> Session: Sessions is enabled, and one exists. Please don't $session->start();
INFO - 2023-12-06 08:27:42 --> Session: Class initialized using 'CodeIgniter\Session\Handlers\FileHandler' driver.
WARNING - 2023-12-06 08:27:42 --> Session: Sessions is enabled, and one exists. Please don't $session->start();
INFO - 2023-12-06 08:27:44 --> Session: Class initialized using 'CodeIgniter\Session\Handlers\FileHandler' driver.
WARNING - 2023-12-06 08:27:44 --> Session: Sessions is enabled, and one exists. Please don't $session->start();
INFO - 2023-12-06 08:27:44 --> Session: Class initialized using 'CodeIgniter\Session\Handlers\FileHandler' driver.
WARNING - 2023-12-06 08:27:44 --> Session: Sessions is enabled, and one exists. Please don't $session->start();
WARNING - 2023-12-06 08:27:44 --> Session: Sessions is enabled, and one exists. Please don't $session->start();
CRITICAL - 2023-12-06 09:30:27 --> syntax error, unexpected '$filename' (T_VARIABLE), expecting ')'
in APPPATH\Views\layout\main-header.php on line 8.
 1 SYSTEMPATH\View\View.php(231): CodeIgniter\View\View->CodeIgniter\View\{closure}()
 2 SYSTEMPATH\Common.php(1190): CodeIgniter\View\View->render('layout/main-header', [], true)
 3 APPPATH\Views\dashboard.php(3): view('layout/main-header')
 4 SYSTEMPATH\View\View.php(228): include('D:\\xampp\\htdocs\\idea\\app\\Views\\dashboard.php')
 5 SYSTEMPATH\View\View.php(231): CodeIgniter\View\View->CodeIgniter\View\{closure}()
 6 SYSTEMPATH\Common.php(1190): CodeIgniter\View\View->render('dashboard', [], true)
 7 APPPATH\Controllers\Home.php(60): view('dashboard')
 8 SYSTEMPATH\CodeIgniter.php(942): App\Controllers\Home->dashboard()
 9 SYSTEMPATH\CodeIgniter.php(502): CodeIgniter\CodeIgniter->runController(Object(App\Controllers\Home))
10 SYSTEMPATH\CodeIgniter.php(361): CodeIgniter\CodeIgniter->handleRequest(null, Object(Config\Cache), false)
11 FCPATH\index.php(79): CodeIgniter\CodeIgniter->run()
